[0;34mâ•”â•â•â•â•â•â•â•â•â•â•â•â•â•â•â•â•â•â•â•â•â•â•â•â•â•â•â•â•â•â•â•â•â•â•â•â•â•â•â•â•â•â•â•â•â•â•â•â•â•â•â•â•â•â•â•â•â•â•â•â•â•—[0m
[0;34mâ•‘  UKNF Communication Platform - Backend Test Runner        â•‘[0m
[0;34mâ•šâ•â•â•â•â•â•â•â•â•â•â•â•â•â•â•â•â•â•â•â•â•â•â•â•â•â•â•â•â•â•â•â•â•â•â•â•â•â•â•â•â•â•â•â•â•â•â•â•â•â•â•â•â•â•â•â•â•â•â•â•â•[0m

[0;34mâ”â”â”â”â”â”â”â”â”â”â”â”â”â”â”â”â”â”â”â”â”â”â”â”â”â”â”â”â”â”â”â”â”â”â”â”â”â”â”â”â”â”â”â”â”â”â”â”â”â”â”â”â”â”â”â”â”â”[0m
[0;34m  Backend Tests (.NET)[0m
[0;34mâ”â”â”â”â”â”â”â”â”â”â”â”â”â”â”â”â”â”â”â”â”â”â”â”â”â”â”â”â”â”â”â”â”â”â”â”â”â”â”â”â”â”â”â”â”â”â”â”â”â”â”â”â”â”â”â”â”â”[0m

[1;33mâ–¶ Ensuring PostgreSQL test database is available...[0m
â”â”â”â”â”â”â”â”â”â”â”â”â”â”â”â”â”â”â”â”â”â”â”â”â”â”â”â”â”â”â”â”â”â”â”â”â”â”â”â”â”â”â”â”â”â”â”â”â”â”â”â”â”â”â”â”â”â”
  PostgreSQL Test Database Setup
â”â”â”â”â”â”â”â”â”â”â”â”â”â”â”â”â”â”â”â”â”â”â”â”â”â”â”â”â”â”â”â”â”â”â”â”â”â”â”â”â”â”â”â”â”â”â”â”â”â”â”â”â”â”â”â”â”â”

[0;32mâœ“ PostgreSQL is already running on localhost:5432[0m

[0;32mPostgreSQL test environment is ready![0m

Connection details:
  Host: localhost
  Port: 5432
  User: uknf_user

â”â”â”â”â”â”â”â”â”â”â”â”â”â”â”â”â”â”â”â”â”â”â”â”â”â”â”â”â”â”â”â”â”â”â”â”â”â”â”â”â”â”â”â”â”â”â”â”â”â”â”â”â”â”â”â”â”â”

[1;33mâ–¶ Running Backend Unit Tests...[0m

Build started 10/05/2025 04:08:11.
     1>Project "/home/quasar/src/hackyeah/HackYeah2025-Hackaton/backend/UknfCommunicationPlatform.Tests.Unit/UknfCommunicationPlatform.Tests.Unit.csproj" on node 1 (Restore target(s)).
     1>_GetAllRestoreProjectPathItems:
         Determining projects to restore...
       Restore:
         X.509 certificate chain validation will use the fallback certificate bundle at '/usr/share/dotnet/sdk/9.0.110/trustedroots/codesignctl.pem'.
         X.509 certificate chain validation will use the fallback certificate bundle at '/usr/share/dotnet/sdk/9.0.110/trustedroots/timestampctl.pem'.
         Assets file has not changed. Skipping assets file writing. Path: /home/quasar/src/hackyeah/HackYeah2025-Hackaton/backend/UknfCommunicationPlatform.Core/obj/project.assets.json
         Assets file has not changed. Skipping assets file writing. Path: /home/quasar/src/hackyeah/HackYeah2025-Hackaton/backend/UknfCommunicationPlatform.Api/obj/project.assets.json
         Assets file has not changed. Skipping assets file writing. Path: /home/quasar/src/hackyeah/HackYeah2025-Hackaton/backend/UknfCommunicationPlatform.Infrastructure/obj/project.assets.json
         Assets file has not changed. Skipping assets file writing. Path: /home/quasar/src/hackyeah/HackYeah2025-Hackaton/backend/UknfCommunicationPlatform.Tests.Unit/obj/project.assets.json
         Restored /home/quasar/src/hackyeah/HackYeah2025-Hackaton/backend/UknfCommunicationPlatform.Infrastructure/UknfCommunicationPlatform.Infrastructure.csproj (in 39 ms).
         Restored /home/quasar/src/hackyeah/HackYeah2025-Hackaton/backend/UknfCommunicationPlatform.Tests.Unit/UknfCommunicationPlatform.Tests.Unit.csproj (in 39 ms).
         Restored /home/quasar/src/hackyeah/HackYeah2025-Hackaton/backend/UknfCommunicationPlatform.Api/UknfCommunicationPlatform.Api.csproj (in 39 ms).
         Restored /home/quasar/src/hackyeah/HackYeah2025-Hackaton/backend/UknfCommunicationPlatform.Core/UknfCommunicationPlatform.Core.csproj (in 39 ms).
         
         NuGet Config files used:
             /home/quasar/.nuget/NuGet/NuGet.Config
         
         Feeds used:
             https://api.nuget.org/v3/index.json
         All projects are up-to-date for restore.
     1>Done Building Project "/home/quasar/src/hackyeah/HackYeah2025-Hackaton/backend/UknfCommunicationPlatform.Tests.Unit/UknfCommunicationPlatform.Tests.Unit.csproj" (Restore target(s)).
   1:7>Project "/home/quasar/src/hackyeah/HackYeah2025-Hackaton/backend/UknfCommunicationPlatform.Tests.Unit/UknfCommunicationPlatform.Tests.Unit.csproj" on node 2 (VSTest target(s)).
     1>BuildProject:
         Build started, please wait...
   1:7>Project "/home/quasar/src/hackyeah/HackYeah2025-Hackaton/backend/UknfCommunicationPlatform.Tests.Unit/UknfCommunicationPlatform.Tests.Unit.csproj" (1:7) is building "/home/quasar/src/hackyeah/HackYeah2025-Hackaton/backend/UknfCommunicationPlatform.Tests.Unit/UknfCommunicationPlatform.Tests.Unit.csproj" (1:8) on node 2 (default targets).
   1:8>Project "/home/quasar/src/hackyeah/HackYeah2025-Hackaton/backend/UknfCommunicationPlatform.Tests.Unit/UknfCommunicationPlatform.Tests.Unit.csproj" (1:8) is building "/home/quasar/src/hackyeah/HackYeah2025-Hackaton/backend/UknfCommunicationPlatform.Core/UknfCommunicationPlatform.Core.csproj" (3:8) on node 2 (default targets).
     3>GenerateTargetFrameworkMonikerAttribute:
       Skipping target "GenerateTargetFrameworkMonikerAttribute" because all output files are up-to-date with respect to the input files.
       CoreGenerateAssemblyInfo:
       Skipping target "CoreGenerateAssemblyInfo" because all output files are up-to-date with respect to the input files.
       _GenerateSourceLinkFile:
         Source Link file 'obj/Release/net9.0/UknfCommunicationPlatform.Core.sourcelink.json' is up-to-date.
       CoreCompile:
       Skipping target "CoreCompile" because all output files are up-to-date with respect to the input files.
       GenerateBuildDependencyFile:
       Skipping target "GenerateBuildDependencyFile" because all output files are up-to-date with respect to the input files.
       CopyFilesToOutputDirectory:
         UknfCommunicationPlatform.Core -> /home/quasar/src/hackyeah/HackYeah2025-Hackaton/backend/UknfCommunicationPlatform.Core/bin/Release/net9.0/UknfCommunicationPlatform.Core.dll
     3>Done Building Project "/home/quasar/src/hackyeah/HackYeah2025-Hackaton/backend/UknfCommunicationPlatform.Core/UknfCommunicationPlatform.Core.csproj" (default targets).
   1:8>Project "/home/quasar/src/hackyeah/HackYeah2025-Hackaton/backend/UknfCommunicationPlatform.Tests.Unit/UknfCommunicationPlatform.Tests.Unit.csproj" (1:8) is building "/home/quasar/src/hackyeah/HackYeah2025-Hackaton/backend/UknfCommunicationPlatform.Infrastructure/UknfCommunicationPlatform.Infrastructure.csproj" (4:7) on node 1 (default targets).
     4>GenerateTargetFrameworkMonikerAttribute:
       Skipping target "GenerateTargetFrameworkMonikerAttribute" because all output files are up-to-date with respect to the input files.
       CoreGenerateAssemblyInfo:
       Skipping target "CoreGenerateAssemblyInfo" because all output files are up-to-date with respect to the input files.
       _GenerateSourceLinkFile:
         Source Link file 'obj/Release/net9.0/UknfCommunicationPlatform.Infrastructure.sourcelink.json' is up-to-date.
       CoreCompile:
       Skipping target "CoreCompile" because all output files are up-to-date with respect to the input files.
       GenerateBuildDependencyFile:
       Skipping target "GenerateBuildDependencyFile" because all output files are up-to-date with respect to the input files.
       GenerateBuildRuntimeConfigurationFiles:
       Skipping target "GenerateBuildRuntimeConfigurationFiles" because all output files are up-to-date with respect to the input files.
       CopyFilesToOutputDirectory:
         UknfCommunicationPlatform.Infrastructure -> /home/quasar/src/hackyeah/HackYeah2025-Hackaton/backend/UknfCommunicationPlatform.Infrastructure/bin/Release/net9.0/UknfCommunicationPlatform.Infrastructure.dll
     4>Done Building Project "/home/quasar/src/hackyeah/HackYeah2025-Hackaton/backend/UknfCommunicationPlatform.Infrastructure/UknfCommunicationPlatform.Infrastructure.csproj" (default targets).
   1:8>Project "/home/quasar/src/hackyeah/HackYeah2025-Hackaton/backend/UknfCommunicationPlatform.Tests.Unit/UknfCommunicationPlatform.Tests.Unit.csproj" (1:8) is building "/home/quasar/src/hackyeah/HackYeah2025-Hackaton/backend/UknfCommunicationPlatform.Api/UknfCommunicationPlatform.Api.csproj" (2:6) on node 3 (default targets).
     2>GenerateTargetFrameworkMonikerAttribute:
       Skipping target "GenerateTargetFrameworkMonikerAttribute" because all output files are up-to-date with respect to the input files.
       CoreGenerateAssemblyInfo:
       Skipping target "CoreGenerateAssemblyInfo" because all output files are up-to-date with respect to the input files.
       _DiscoverMvcApplicationParts:
       Skipping target "_DiscoverMvcApplicationParts" because all output files are up-to-date with respect to the input files.
       _GenerateSourceLinkFile:
         Source Link file 'obj/Release/net9.0/UknfCommunicationPlatform.Api.sourcelink.json' is up-to-date.
       CoreCompile:
       Skipping target "CoreCompile" because all output files are up-to-date with respect to the input files.
       _CreateAppHost:
       Skipping target "_CreateAppHost" because all output files are up-to-date with respect to the input files.
       _ProcessScopedCssFiles:
       Skipping target "_ProcessScopedCssFiles" because it has no outputs.
       _ProcessScopedCssFiles:
       Skipping target "_ProcessScopedCssFiles" because it has no outputs.
       _BuildCopyStaticWebAssetsPreserveNewest:
       Skipping target "_BuildCopyStaticWebAssetsPreserveNewest" because it has no outputs.
       _CopyOutOfDateSourceItemsToOutputDirectory:
       Skipping target "_CopyOutOfDateSourceItemsToOutputDirectory" because all output files are up-to-date with respect to the input files.
       GenerateBuildDependencyFile:
       Skipping target "GenerateBuildDependencyFile" because all output files are up-to-date with respect to the input files.
       GenerateBuildRuntimeConfigurationFiles:
       Skipping target "GenerateBuildRuntimeConfigurationFiles" because all output files are up-to-date with respect to the input files.
       CopyFilesToOutputDirectory:
         UknfCommunicationPlatform.Api -> /home/quasar/src/hackyeah/HackYeah2025-Hackaton/backend/UknfCommunicationPlatform.Api/bin/Release/net9.0/UknfCommunicationPlatform.Api.dll
     2>Done Building Project "/home/quasar/src/hackyeah/HackYeah2025-Hackaton/backend/UknfCommunicationPlatform.Api/UknfCommunicationPlatform.Api.csproj" (default targets).
     1>GenerateTargetFrameworkMonikerAttribute:
       Skipping target "GenerateTargetFrameworkMonikerAttribute" because all output files are up-to-date with respect to the input files.
       CoreGenerateAssemblyInfo:
       Skipping target "CoreGenerateAssemblyInfo" because all output files are up-to-date with respect to the input files.
       _GenerateSourceLinkFile:
         Source Link file 'obj/Release/net9.0/UknfCommunicationPlatform.Tests.Unit.sourcelink.json' is up-to-date.
       CoreCompile:
       Skipping target "CoreCompile" because all output files are up-to-date with respect to the input files.
       _CopyOutOfDateSourceItemsToOutputDirectory:
       Skipping target "_CopyOutOfDateSourceItemsToOutputDirectory" because all output files are up-to-date with respect to the input files.
       GenerateBuildDependencyFile:
       Skipping target "GenerateBuildDependencyFile" because all output files are up-to-date with respect to the input files.
       GenerateBuildRuntimeConfigurationFiles:
       Skipping target "GenerateBuildRuntimeConfigurationFiles" because all output files are up-to-date with respect to the input files.
       CopyFilesToOutputDirectory:
         UknfCommunicationPlatform.Tests.Unit -> /home/quasar/src/hackyeah/HackYeah2025-Hackaton/backend/UknfCommunicationPlatform.Tests.Unit/bin/Release/net9.0/UknfCommunicationPlatform.Tests.Unit.dll
     1>Done Building Project "/home/quasar/src/hackyeah/HackYeah2025-Hackaton/backend/UknfCommunicationPlatform.Tests.Unit/UknfCommunicationPlatform.Tests.Unit.csproj" (default targets).
     1>BuildProject:
         Build completed.
         
Test run for /home/quasar/src/hackyeah/HackYeah2025-Hackaton/backend/UknfCommunicationPlatform.Tests.Unit/bin/Release/net9.0/UknfCommunicationPlatform.Tests.Unit.dll (.NETCoreApp,Version=v9.0)
VSTest version 17.12.0 (x64)

Starting test execution, please wait...
A total of 1 test files matched the specified pattern.
[xUnit.net 00:00:00.00] xUnit.net VSTest Adapter v2.8.2+699d445a1a (64-bit .NET 9.0.9)
[xUnit.net 00:00:00.06]   Discovering: UknfCommunicationPlatform.Tests.Unit
[xUnit.net 00:00:00.11]   Discovered:  UknfCommunicationPlatform.Tests.Unit
[xUnit.net 00:00:00.11]   Starting:    UknfCommunicationPlatform.Tests.Unit
     Warning:
     The component "Fluent Assertions" is governed by the rules defined in the Xceed License Agreement and
     the Xceed Fluent Assertions Community License. You may use Fluent Assertions free of charge for
     non-commercial use only. An active subscription is required to use Fluent Assertions for commercial use.
     Please contact Xceed Sales mailto:sales@xceed.com to acquire a subscription at a very low cost.
     A paid commercial license supports the development and continued increasing support of
     Fluent Assertions users under both commercial and community licenses. Help us
     keep Fluent Assertions at the forefront of unit testing.
     For more information, visit https://xceed.com/products/unit-testing/fluent-assertions/
  Passed UknfCommunicationPlatform.Tests.Unit.Authorization.PermissionAuthorizationHandlerTests.HandleRequirementAsync_WithMatchingPermission_ShouldSucceed [23 ms]
  Passed UknfCommunicationPlatform.Tests.Unit.Authorization.EntityOwnershipAuthorizationHandlerTests.HandleRequirementAsync_WithAdministratorRole_ShouldSucceed [23 ms]
  Passed UknfCommunicationPlatform.Tests.Unit.Authorization.RoleAuthorizationHandlerTests.HandleRequirementAsync_WithMatchingRole_ShouldSucceed [23 ms]
  Passed UknfCommunicationPlatform.Tests.Unit.Services.JwtServiceTests.GetUserIdFromToken_WithInvalidToken_ShouldReturnNull [34 ms]
  Passed UknfCommunicationPlatform.Tests.Unit.Authorization.RoleAuthorizationHandlerTests.HandleRequirementAsync_WithMultipleRoles_ShouldCheckCorrectly [1 ms]
  Passed UknfCommunicationPlatform.Tests.Unit.Authorization.EntityOwnershipAuthorizationHandlerTests.HandleRequirementAsync_StrictMode_WithSupervisedEntityId_ShouldSucceed [1 ms]
  Passed UknfCommunicationPlatform.Tests.Unit.Validators.FileLibrary.FileLibraryUpdateMetadataRequestValidatorTests.Should_NotHaveError_When_AllFieldsAreProvided [39 ms]
  Passed UknfCommunicationPlatform.Tests.Unit.Authorization.PermissionAuthorizationHandlerTests.HandleRequirementAsync_WithoutMatchingPermission_ShouldNotSucceed [1 ms]
  Passed UknfCommunicationPlatform.Tests.Unit.Authorization.RoleAuthorizationHandlerTests.HandleRequirementAsync_WithNoRoles_ShouldNotSucceed [< 1 ms]
  Passed UknfCommunicationPlatform.Tests.Unit.Validators.FileLibrary.FileLibraryUpdateMetadataRequestValidatorTests.Should_NotHaveError_When_DescriptionIsEmptyString [< 1 ms]
  Passed UknfCommunicationPlatform.Tests.Unit.Authorization.RoleAuthorizationHandlerTests.HandleRequirementAsync_WithoutMatchingRole_ShouldNotSucceed [< 1 ms]
  Passed UknfCommunicationPlatform.Tests.Unit.Authorization.EntityOwnershipAuthorizationHandlerTests.HandleRequirementAsync_StrictMode_InternalUserShouldNotSucceed [1 ms]
  Passed UknfCommunicationPlatform.Tests.Unit.Authorization.EntityOwnershipAuthorizationHandlerTests.HandleRequirementAsync_WithInternalUserRole_ShouldSucceed [< 1 ms]
  Passed UknfCommunicationPlatform.Tests.Unit.Authorization.PermissionAuthorizationHandlerTests.HandleRequirementAsync_WithMultiplePermissions_ShouldCheckCorrectly [1 ms]
  Passed UknfCommunicationPlatform.Tests.Unit.Authorization.PermissionAuthorizationHandlerTests.HandleRequirementAsync_WithNoPermissions_ShouldNotSucceed [< 1 ms]
  Passed UknfCommunicationPlatform.Tests.Unit.Authorization.EntityOwnershipAuthorizationHandlerTests.HandleRequirementAsync_WithoutSupervisedEntityId_ShouldNotSucceed [< 1 ms]
  Passed UknfCommunicationPlatform.Tests.Unit.Authorization.EntityOwnershipAuthorizationHandlerTests.HandleRequirementAsync_WithSupervisedEntityId_ShouldSucceed [< 1 ms]
  Passed UknfCommunicationPlatform.Tests.Unit.Validators.FileLibrary.FileLibraryUpdateMetadataRequestValidatorTests.Should_HaveError_When_CategoryExceedsMaxLength [23 ms]
  Passed UknfCommunicationPlatform.Tests.Unit.Validators.FileLibrary.FileLibraryUpdateMetadataRequestValidatorTests.Should_NotHaveError_When_OnlyNameIsProvided [< 1 ms]
  Passed UknfCommunicationPlatform.Tests.Unit.Validators.FileLibrary.FileLibraryUpdateMetadataRequestValidatorTests.Should_NotHaveError_When_OnlyDescriptionIsProvided [< 1 ms]
  Passed UknfCommunicationPlatform.Tests.Unit.Validators.FileLibrary.FileLibraryUpdateMetadataRequestValidatorTests.Should_HaveError_When_AllFieldsAreNull [< 1 ms]
  Passed UknfCommunicationPlatform.Tests.Unit.Validators.FileLibrary.FileLibraryUpdateMetadataRequestValidatorTests.Should_NotHaveError_When_OnlyCategoryIsProvided [< 1 ms]
  Passed UknfCommunicationPlatform.Tests.Unit.Validators.FileLibrary.FileLibraryUpdateMetadataRequestValidatorTests.Should_HaveError_When_DescriptionExceedsMaxLength [< 1 ms]
  Passed UknfCommunicationPlatform.Tests.Unit.Validators.FileLibrary.FileLibraryUpdateMetadataRequestValidatorTests.Should_HaveError_When_NameExceedsMaxLength [< 1 ms]
  Passed UknfCommunicationPlatform.Tests.Unit.Services.JwtServiceTests.GenerateAccessToken_WithMultiplePermissions_ShouldIncludeAllPermissions [45 ms]
  Passed UknfCommunicationPlatform.Tests.Unit.Services.JwtServiceTests.GenerateAccessToken_WithSupervisedEntityId_ShouldIncludeEntityIdInToken [9 ms]
  Passed UknfCommunicationPlatform.Tests.Unit.Validators.FileLibrary.FileLibraryUploadRequestValidatorTests.Should_NotHaveError_When_FileTypeIsAllowed(contentType: "application/zip") [99 ms]
  Passed UknfCommunicationPlatform.Tests.Unit.Validators.FileLibrary.FileLibraryUploadRequestValidatorTests.Should_NotHaveError_When_FileTypeIsAllowed(contentType: "application/vnd.openxmlformats-officedocument.spre"Â·Â·Â·) [1 ms]
  Passed UknfCommunicationPlatform.Tests.Unit.Validators.FileLibrary.FileLibraryUploadRequestValidatorTests.Should_NotHaveError_When_FileTypeIsAllowed(contentType: "application/pdf") [< 1 ms]
  Passed UknfCommunicationPlatform.Tests.Unit.Validators.FileLibrary.FileLibraryUploadRequestValidatorTests.Should_NotHaveError_When_FileTypeIsAllowed(contentType: "text/csv") [< 1 ms]
  Passed UknfCommunicationPlatform.Tests.Unit.Services.JwtServiceTests.ValidateToken_WithExpiredToken_ShouldReturnNull [9 ms]
  Passed UknfCommunicationPlatform.Tests.Unit.Validators.FileLibrary.FileLibraryUploadRequestValidatorTests.Should_HaveError_When_NameIsEmpty [1 ms]
  Passed UknfCommunicationPlatform.Tests.Unit.Validators.FileLibrary.FileLibraryUploadRequestValidatorTests.Should_NotHaveError_When_RequestIsValid [< 1 ms]
  Passed UknfCommunicationPlatform.Tests.Unit.Validators.FileLibrary.FileLibraryUploadRequestValidatorTests.Should_HaveError_When_FileIsNull [< 1 ms]
  Passed UknfCommunicationPlatform.Tests.Unit.Validators.FileLibrary.FileLibraryUploadRequestValidatorTests.Should_HaveError_When_FileTypeNotAllowed [1 ms]
  Passed UknfCommunicationPlatform.Tests.Unit.Services.JwtServiceTests.GenerateRefreshToken_ShouldReturnUniqueToken [2 ms]
  Passed UknfCommunicationPlatform.Tests.Unit.Validators.FileLibrary.FileLibraryUploadRequestValidatorTests.Should_HaveError_When_CategoryIsEmpty [< 1 ms]
  Passed UknfCommunicationPlatform.Tests.Unit.Services.JwtServiceTests.GenerateAccessToken_WithMultipleRoles_ShouldIncludeAllRoles [< 1 ms]
  Passed UknfCommunicationPlatform.Tests.Unit.Validators.FileLibrary.FileLibraryUploadRequestValidatorTests.Should_HaveError_When_DescriptionExceedsMaxLength [< 1 ms]
  Passed UknfCommunicationPlatform.Tests.Unit.Validators.FileLibrary.FileLibraryUploadRequestValidatorTests.Should_HaveError_When_FileIsEmpty [< 1 ms]
  Passed UknfCommunicationPlatform.Tests.Unit.Validators.FileLibrary.FileLibraryUploadRequestValidatorTests.Should_HaveError_When_FileSizeExceedsLimit [< 1 ms]
  Passed UknfCommunicationPlatform.Tests.Unit.Validators.FileLibrary.FileLibraryUploadRequestValidatorTests.Should_HaveError_When_NameExceedsMaxLength [< 1 ms]
  Passed UknfCommunicationPlatform.Tests.Unit.Services.JwtServiceTests.ValidateToken_WithValidToken_ShouldReturnClaimsPrincipal [13 ms]
  Passed UknfCommunicationPlatform.Tests.Unit.Services.JwtServiceTests.ValidateToken_WithInvalidToken_ShouldReturnNull [< 1 ms]
  Passed UknfCommunicationPlatform.Tests.Unit.Services.CurrentUserServiceTests.IsAuthenticated_WithAuthenticatedUser_ShouldReturnTrue [110 ms]
  Passed UknfCommunicationPlatform.Tests.Unit.Services.CurrentUserServiceTests.IsExternalUser_WithExternalRoleButNoEntityId_ShouldReturnFalse [3 ms]
  Passed UknfCommunicationPlatform.Tests.Unit.Services.CurrentUserServiceTests.HasRole_WithMatchingRole_ShouldReturnTrue [< 1 ms]
  Passed UknfCommunicationPlatform.Tests.Unit.Services.CurrentUserServiceTests.IsExternalUser_WithExternalRoleAndEntityId_ShouldReturnTrue [< 1 ms]
  Passed UknfCommunicationPlatform.Tests.Unit.Services.CurrentUserServiceTests.IsAuthenticated_WithUnauthenticatedUser_ShouldReturnFalse [< 1 ms]
  Passed UknfCommunicationPlatform.Tests.Unit.Services.JwtServiceTests.GenerateAccessToken_ShouldReturnValidJwtToken [7 ms]
  Passed UknfCommunicationPlatform.Tests.Unit.Services.CurrentUserServiceTests.UserId_WithValidClaim_ShouldReturnUserId [1 ms]
  Passed UknfCommunicationPlatform.Tests.Unit.Services.JwtServiceTests.GetUserIdFromToken_WithValidToken_ShouldReturnUserId [1 ms]
  Passed UknfCommunicationPlatform.Tests.Unit.Services.CurrentUserServiceTests.HasPermission_WithMatchingPermission_ShouldReturnTrue [< 1 ms]
  Passed UknfCommunicationPlatform.Tests.Unit.Services.CurrentUserServiceTests.IsInternalUser_WithExternalUserRole_ShouldReturnFalse [< 1 ms]
  Passed UknfCommunicationPlatform.Tests.Unit.Services.CurrentUserServiceTests.SupervisedEntityId_WithValidClaim_ShouldReturnEntityId [< 1 ms]
  Passed UknfCommunicationPlatform.Tests.Unit.Services.CurrentUserServiceTests.Roles_WithMultipleRoles_ShouldReturnAllRoles [1 ms]
  Passed UknfCommunicationPlatform.Tests.Unit.Services.CurrentUserServiceTests.Permissions_WithMultiplePermissions_ShouldReturnAllPermissions [< 1 ms]
  Passed UknfCommunicationPlatform.Tests.Unit.Services.CurrentUserServiceTests.HasPermission_WithoutMatchingPermission_ShouldReturnFalse [< 1 ms]
  Passed UknfCommunicationPlatform.Tests.Unit.Services.CurrentUserServiceTests.IsInternalUser_WithInternalUserRole_ShouldReturnTrue [< 1 ms]
  Passed UknfCommunicationPlatform.Tests.Unit.Services.CurrentUserServiceTests.Email_WithValidClaim_ShouldReturnEmail [< 1 ms]
  Passed UknfCommunicationPlatform.Tests.Unit.Services.CurrentUserServiceTests.IsInternalUser_WithAdministratorRole_ShouldReturnTrue [< 1 ms]
  Passed UknfCommunicationPlatform.Tests.Unit.Services.CurrentUserServiceTests.UserId_WithoutClaim_ShouldReturnNull [< 1 ms]
  Passed UknfCommunicationPlatform.Tests.Unit.Controllers.FaqControllerTests.Update_UpdatesFaqInDatabase_WhenFaqExists [769 ms]
  Passed UknfCommunicationPlatform.Tests.Unit.Services.AuthServiceTests.LoginAsync_WithNonExistentUser_ShouldReturnNull [900 ms]
  Passed UknfCommunicationPlatform.Tests.Unit.Services.EntityManagementServiceTests.GetEntitiesAsync_WithPagination_ShouldReturnCorrectPage [902 ms]
  Passed UknfCommunicationPlatform.Tests.Unit.Services.AnnouncementServiceTests.UpdateAnnouncementAsync_WithValidData_ShouldUpdateAnnouncement [923 ms]
  Passed UknfCommunicationPlatform.Tests.Unit.Controllers.FaqControllerTests.FullCrudWorkflow_WorksCorrectly [153 ms]
  Passed UknfCommunicationPlatform.Tests.Unit.Services.MessageServiceTests.MarkMultipleAsReadAsync_ShouldMarkAllUnreadMessages [923 ms]
  Passed UknfCommunicationPlatform.Tests.Unit.Services.ReportsServiceTests.GetReportsAsync_ShouldIncludeEntityNameFromUser [927 ms]
  Passed UknfCommunicationPlatform.Tests.Unit.Services.EntityManagementServiceTests.GetEntitiesAsync_WithoutFilters_ShouldReturnAllEntities [25 ms]
  Passed UknfCommunicationPlatform.Tests.Unit.Services.ReportsServiceTests.GetReportsAsync_WithoutFilters_ShouldReturnAllReports [8 ms]
  Passed UknfCommunicationPlatform.Tests.Unit.Controllers.FileLibraryControllerTests.GetFiles_ReturnsAllFiles_WhenNoFiltersProvided [892 ms]
  Passed UknfCommunicationPlatform.Tests.Unit.Services.EntityManagementServiceTests.DeleteEntityAsync_NonExistingEntity_ShouldReturnFalse [13 ms]
  Passed UknfCommunicationPlatform.Tests.Unit.Controllers.FaqControllerTests.GetAll_SearchIsCaseInsensitive [20 ms]
  Passed UknfCommunicationPlatform.Tests.Unit.Services.UserManagementServiceTests.GetUsersAsync_WithSearchTerm_ShouldReturnMatchingUsers [949 ms]
  Passed UknfCommunicationPlatform.Tests.Unit.Services.ReportsServiceTests.GetReportsAsync_WithReportingPeriodFilter_ShouldReturnFilteredReports [17 ms]
  Passed UknfCommunicationPlatform.Tests.Unit.Controllers.FaqControllerTests.Update_ReturnsNotFound_WhenFaqDoesNotExist [8 ms]
  Passed UknfCommunicationPlatform.Tests.Unit.Services.ReportsServiceTests.GetReportsAsync_WithNonMatchingFilter_ShouldReturnEmpty [3 ms]
  Passed UknfCommunicationPlatform.Tests.Unit.Services.AnnouncementServiceTests.GetAnnouncementsAsync_ShouldTruncateContentPreview [34 ms]
  Passed UknfCommunicationPlatform.Tests.Unit.Services.AuthServiceTests.LogoutAsync_ShouldRevokeAllRefreshTokens [57 ms]
  Passed UknfCommunicationPlatform.Tests.Unit.Controllers.FaqControllerTests.GetAll_DefaultsToPage1_WhenPageIsLessThan1 [9 ms]
  Passed UknfCommunicationPlatform.Tests.Unit.Controllers.FaqControllerTests.GetById_ReturnsFaq_WhenFaqExists [2 ms]
  Passed UknfCommunicationPlatform.Tests.Unit.Services.AuthServiceTests.ChangePasswordAsync_WithInvalidCurrentPassword_ShouldReturnFalse [7 ms]
  Passed UknfCommunicationPlatform.Tests.Unit.Controllers.FaqControllerTests.Create_TrimsWhitespace_FromQuestionAndAnswer [2 ms]
  Passed UknfCommunicationPlatform.Tests.Unit.Services.AnnouncementServiceTests.DeleteAnnouncementAsync_WithValidId_ShouldDeleteAndReturnTrue [11 ms]
  Passed UknfCommunicationPlatform.Tests.Unit.Services.ReportsServiceTests.GetReportByIdAsync_NonExistingReport_ShouldReturnNull [16 ms]
  Passed UknfCommunicationPlatform.Tests.Unit.Controllers.FaqControllerTests.Create_ReturnsCreatedAtAction_WithCorrectRoute [7 ms]
  Passed UknfCommunicationPlatform.Tests.Unit.Services.AnnouncementServiceTests.GetAnnouncementsAsync_WithAnnouncements_ShouldReturnPaginatedList [5 ms]
  Passed UknfCommunicationPlatform.Tests.Unit.Services.ReportsServiceTests.GetReportsAsync_NoReportsInDatabase_ShouldReturnEmptyList [1 ms]
  Passed UknfCommunicationPlatform.Tests.Unit.Controllers.FaqControllerTests.GetAll_ReturnsFilteredResults_WhenSearchProvided [2 ms]
  Passed UknfCommunicationPlatform.Tests.Unit.Services.ReportsServiceTests.GetReportsAsync_ShouldPopulateAllDtoFields [3 ms]
  Passed UknfCommunicationPlatform.Tests.Unit.Controllers.FaqControllerTests.GetAll_ReturnsAllFaqs_WhenNoSearchProvided [2 ms]
  Passed UknfCommunicationPlatform.Tests.Unit.Services.ReportsServiceTests.GetReportsAsync_WithWhitespaceFilter_ShouldReturnAllReports [9 ms]
  Passed UknfCommunicationPlatform.Tests.Unit.Controllers.FaqControllerTests.Delete_ReturnsNotFound_WhenFaqDoesNotExist [9 ms]
  Passed UknfCommunicationPlatform.Tests.Unit.Services.ReportsServiceTests.GetReportByIdAsync_ExistingReport_ShouldReturnReport [2 ms]
  Passed UknfCommunicationPlatform.Tests.Unit.Controllers.FaqControllerTests.GetAll_ReturnsEmptyList_WhenNoMatchFound [2 ms]
  Passed UknfCommunicationPlatform.Tests.Unit.Controllers.FaqControllerTests.Update_TrimsWhitespace_FromQuestionAndAnswer [1 ms]
  Passed UknfCommunicationPlatform.Tests.Unit.Services.AuthServiceTests.LoginAsync_WithLockedAccount_ShouldReturnNull [26 ms]
  Passed UknfCommunicationPlatform.Tests.Unit.Services.UserManagementServiceTests.GetUserByIdAsync_NonExistingUser_ShouldReturnNull [44 ms]
  Passed UknfCommunicationPlatform.Tests.Unit.Services.AuthServiceTests.LoginAsync_WithInactiveUser_ShouldReturnNull [2 ms]
  Passed UknfCommunicationPlatform.Tests.Unit.Services.EntityManagementServiceTests.CreateEntityAsync_ValidData_ShouldCreateEntity [54 ms]
  Passed UknfCommunicationPlatform.Tests.Unit.Controllers.FaqControllerTests.Search_FindsFaqsByPartialMatch [4 ms]
  Passed UknfCommunicationPlatform.Tests.Unit.Controllers.FaqControllerTests.GetAll_SearchesInBothQuestionAndAnswer [1 ms]
  Passed UknfCommunicationPlatform.Tests.Unit.Controllers.FaqControllerTests.GetById_ReturnsNotFound_WhenFaqDoesNotExist [1 ms]
  Passed UknfCommunicationPlatform.Tests.Unit.Controllers.FaqControllerTests.Create_AddsFaqToDatabase_WhenRequestIsValid [2 ms]
  Passed UknfCommunicationPlatform.Tests.Unit.Controllers.FaqControllerTests.Delete_DoesNotAffectOtherFaqs [1 ms]
  Passed UknfCommunicationPlatform.Tests.Unit.Services.AuthServiceTests.LoginAsync_WithInvalidPassword_ShouldReturnNull [9 ms]
  Passed UknfCommunicationPlatform.Tests.Unit.Controllers.FaqControllerTests.GetAll_LimitsPageSizeTo100_WhenPageSizeExceeds100 [1 ms]
  Passed UknfCommunicationPlatform.Tests.Unit.Services.AuthServiceTests.IsAccountLockedAsync_WithLockedAccount_ShouldReturnTrue [2 ms]
  Passed UknfCommunicationPlatform.Tests.Unit.Controllers.FileLibraryControllerTests.UploadFile_CreatesFile_WhenRequestIsValid [71 ms]
  Passed UknfCommunicationPlatform.Tests.Unit.Services.AuthServiceTests.IsAccountLockedAsync_WithUnlockedAccount_ShouldReturnFalse [1 ms]
  Passed UknfCommunicationPlatform.Tests.Unit.Services.UserManagementServiceTests.CreateUserAsync_DuplicateEmail_ShouldThrowException [18 ms]
  Passed UknfCommunicationPlatform.Tests.Unit.Services.AuthServiceTests.LoginAsync_AfterMaxFailedAttempts_ShouldLockAccount [3 ms]
  Passed UknfCommunicationPlatform.Tests.Unit.Services.EntityManagementServiceTests.GetEntitiesAsync_WithSearchTerm_ShouldReturnMatchingEntities [17 ms]
  Passed UknfCommunicationPlatform.Tests.Unit.Controllers.FaqControllerTests.GetAll_ReturnsPaginatedResults_WhenPageSizeIsSmall [7 ms]
  Passed UknfCommunicationPlatform.Tests.Unit.Controllers.FaqControllerTests.GetAll_ReturnsCorrectTotalPages_WithDifferentPageSizes [1 ms]
  Passed UknfCommunicationPlatform.Tests.Unit.Services.EntityManagementServiceTests.GetEntityByIdAsync_ExistingEntity_ShouldReturnEntity [2 ms]
  Passed UknfCommunicationPlatform.Tests.Unit.Services.EntityManagementServiceTests.DeleteEntityAsync_ExistingEntity_ShouldSoftDelete [1 ms]
  Passed UknfCommunicationPlatform.Tests.Unit.Controllers.FaqControllerTests.Delete_RemovesFaqFromDatabase_WhenFaqExists [1 ms]
  Passed UknfCommunicationPlatform.Tests.Unit.Services.MessageServiceTests.GetMessageByIdAsync_WithUnauthorizedUser_ShouldReturnNull [95 ms]
  Passed UknfCommunicationPlatform.Tests.Unit.Services.EntityManagementServiceTests.GetEntityByIdAsync_NonExistingEntity_ShouldReturnNull [1 ms]
  Passed UknfCommunicationPlatform.Tests.Unit.Services.AnnouncementServiceTests.GetAnnouncementByIdAsync_WhenRead_ShouldIndicateReadStatus [44 ms]
  Passed UknfCommunicationPlatform.Tests.Unit.Services.AnnouncementServiceTests.GetAnnouncementByIdAsync_WhenUnread_ShouldIndicateUnreadStatus [2 ms]
  Passed UknfCommunicationPlatform.Tests.Unit.Services.EntityManagementServiceTests.CreateEntityAsync_DuplicateNIP_ShouldThrowException [3 ms]
  Passed UknfCommunicationPlatform.Tests.Unit.Controllers.FileLibraryControllerTests.DeleteFile_ReturnsNotFound_WhenFileDoesNotExist [17 ms]
  Passed UknfCommunicationPlatform.Tests.Unit.Services.AnnouncementServiceTests.CreateAnnouncementAsync_WithValidData_ShouldCreateAnnouncement [6 ms]
  Passed UknfCommunicationPlatform.Tests.Unit.Services.AuthServiceTests.LoginAsync_WithValidCredentials_ShouldReturnLoginResponse [20 ms]
  Passed UknfCommunicationPlatform.Tests.Unit.Services.AnnouncementServiceTests.GetAnnouncementsAsync_ShouldOrderByCreatedAtDescending [7 ms]
  Passed UknfCommunicationPlatform.Tests.Unit.Services.AuthServiceTests.UnlockAccountAsync_ShouldResetLockoutFields [3 ms]
  Passed UknfCommunicationPlatform.Tests.Unit.Controllers.FileLibraryControllerTests.GetFileById_ReturnsNotFound_WhenFileDoesNotExist [17 ms]
  Passed UknfCommunicationPlatform.Tests.Unit.Services.UserManagementServiceTests.CreateUserAsync_ValidData_ShouldCreateUser [42 ms]
  Passed UknfCommunicationPlatform.Tests.Unit.Services.AnnouncementServiceTests.DeleteAnnouncementAsync_ShouldCascadeDeleteReadRecords [19 ms]
  Passed UknfCommunicationPlatform.Tests.Unit.Services.UserManagementServiceTests.DeactivateUserAsync_ActiveUser_ShouldDeactivate [2 ms]
  Passed UknfCommunicationPlatform.Tests.Unit.Services.AnnouncementServiceTests.UpdateAnnouncementAsync_ShouldPersistChanges [1 ms]
  Passed UknfCommunicationPlatform.Tests.Unit.Services.UserManagementServiceTests.GetUserByIdAsync_ExistingUser_ShouldReturnUser [1 ms]
  Passed UknfCommunicationPlatform.Tests.Unit.Services.AuthServiceTests.ChangePasswordAsync_WithValidData_ShouldUpdatePassword [21 ms]
  Passed UknfCommunicationPlatform.Tests.Unit.Services.AnnouncementServiceTests.UpdateAnnouncementAsync_WithNonExistentId_ShouldReturnNull [1 ms]
  Passed UknfCommunicationPlatform.Tests.Unit.Services.UserManagementServiceTests.ActivateUserAsync_InactiveUser_ShouldActivate [2 ms]
  Passed UknfCommunicationPlatform.Tests.Unit.Services.AnnouncementServiceTests.MarkAsReadAsync_DifferentUsers_ShouldCreateSeparateRecords [2 ms]
  Passed UknfCommunicationPlatform.Tests.Unit.Services.AnnouncementServiceTests.GetAnnouncementsAsync_ShouldIndicateReadStatus [6 ms]
  Passed UknfCommunicationPlatform.Tests.Unit.Controllers.FileLibraryControllerTests.ReplaceFile_ReplacesFileContent_WhenFileExists [29 ms]
  Passed UknfCommunicationPlatform.Tests.Unit.Services.UserManagementServiceTests.GetUsersAsync_WithPagination_ShouldReturnCorrectPage [21 ms]
  Passed UknfCommunicationPlatform.Tests.Unit.Controllers.FileLibraryControllerTests.DownloadFile_ReturnsNotFound_WhenFileDoesNotExist [7 ms]
  Passed UknfCommunicationPlatform.Tests.Unit.Controllers.FileLibraryControllerTests.UploadFile_ReturnsBadRequest_WhenFileIsEmpty [1 ms]
  Passed UknfCommunicationPlatform.Tests.Unit.Services.MessageServiceTests.GetMessagesAsync_WithReadStatusFilter_ShouldReturnFilteredMessages [77 ms]
  Passed UknfCommunicationPlatform.Tests.Unit.Services.AnnouncementServiceTests.GetAnnouncementsAsync_WithUnreadOnlyFilter_ShouldReturnOnlyUnread [30 ms]
  Passed UknfCommunicationPlatform.Tests.Unit.Services.AnnouncementServiceTests.CreateAnnouncementAsync_ShouldPersistToDatabase [1 ms]
  Passed UknfCommunicationPlatform.Tests.Unit.Services.MessageServiceTests.GetMessageByIdAsync_WithValidId_ShouldReturnMessageDetails [3 ms]
  Passed UknfCommunicationPlatform.Tests.Unit.Services.UserManagementServiceTests.GetUsersAsync_WithoutFilters_ShouldReturnAllUsers [18 ms]
  Passed UknfCommunicationPlatform.Tests.Unit.Services.UserManagementServiceTests.DeleteUserAsync_ExistingUser_ShouldSoftDelete [2 ms]
  Passed UknfCommunicationPlatform.Tests.Unit.Services.MessageServiceTests.GetUnreadCountAsync_ShouldReturnCorrectCount [4 ms]
  Passed UknfCommunicationPlatform.Tests.Unit.Controllers.FileLibraryControllerTests.GetFiles_ReturnsFilteredFiles_WhenSearchProvided [21 ms]
  Passed UknfCommunicationPlatform.Tests.Unit.Services.AnnouncementServiceTests.MarkAsReadAsync_WithoutIpAddress_ShouldStillWork [6 ms]
  Passed UknfCommunicationPlatform.Tests.Unit.Services.AnnouncementServiceTests.MarkAsReadAsync_WithNonExistentAnnouncement_ShouldReturnFalse [1 ms]
  Passed UknfCommunicationPlatform.Tests.Unit.Services.AnnouncementServiceTests.GetAnnouncementsAsync_WithNoAnnouncements_ShouldReturnEmptyList [1 ms]
  Passed UknfCommunicationPlatform.Tests.Unit.Services.AnnouncementServiceTests.MarkAsReadAsync_AlreadyRead_ShouldReturnFalse [1 ms]
  Passed UknfCommunicationPlatform.Tests.Unit.Services.AnnouncementServiceTests.GetAnnouncementByIdAsync_WithNonExistentId_ShouldReturnNull [1 ms]
  Passed UknfCommunicationPlatform.Tests.Unit.Services.AnnouncementServiceTests.CreateAnnouncementAsync_ShouldTrimTitleAndContent [1 ms]
  Passed UknfCommunicationPlatform.Tests.Unit.Services.AnnouncementServiceTests.MarkAsReadAsync_FirstTime_ShouldCreateReadRecordAndReturnTrue [6 ms]
  Passed UknfCommunicationPlatform.Tests.Unit.Services.AnnouncementServiceTests.DeleteAnnouncementAsync_WithNonExistentId_ShouldReturnFalse [1 ms]
  Passed UknfCommunicationPlatform.Tests.Unit.Controllers.FileLibraryControllerTests.GetFiles_ReturnsFilteredFiles_WhenCategoryProvided [16 ms]
  Passed UknfCommunicationPlatform.Tests.Unit.Services.AnnouncementServiceTests.GetAnnouncementByIdAsync_WithValidId_ShouldReturnFullDetails [1 ms]
  Passed UknfCommunicationPlatform.Tests.Unit.Controllers.FileLibraryControllerTests.GetCategories_ReturnsDistinctCategories [10 ms]
  Passed UknfCommunicationPlatform.Tests.Unit.Controllers.FileLibraryControllerTests.ReplaceFile_ReturnsNotFound_WhenFileDoesNotExist [1 ms]
  Passed UknfCommunicationPlatform.Tests.Unit.Controllers.FileLibraryControllerTests.DeleteFile_RemovesFile_WhenFileExists [7 ms]
  Passed UknfCommunicationPlatform.Tests.Unit.Controllers.FileLibraryControllerTests.UpdateMetadata_ReturnsNotFound_WhenFileDoesNotExist [2 ms]
  Passed UknfCommunicationPlatform.Tests.Unit.Controllers.FileLibraryControllerTests.UploadFile_ReturnsBadRequest_WhenFileTypeNotAllowed [1 ms]
  Passed UknfCommunicationPlatform.Tests.Unit.Controllers.FileLibraryControllerTests.UpdateMetadata_UpdatesFileMetadata_WhenFileExists [1 ms]
  Passed UknfCommunicationPlatform.Tests.Unit.Controllers.FileLibraryControllerTests.GetFileById_ReturnsFile_WhenFileExists [1 ms]
  Passed UknfCommunicationPlatform.Tests.Unit.Controllers.FileLibraryControllerTests.DownloadFile_ReturnsFileContent_WhenFileExists [2 ms]
  Passed UknfCommunicationPlatform.Tests.Unit.Services.MessageServiceTests.GetMessagesAsync_ShouldReturnUserMessages [53 ms]
  Passed UknfCommunicationPlatform.Tests.Unit.Services.MessageServiceTests.CreateMessageAsync_WithValidData_ShouldCreateMessage [11 ms]
  Passed UknfCommunicationPlatform.Tests.Unit.Services.MessageServiceTests.MarkAsReadAsync_WithAlreadyReadMessage_ShouldReturnFalse [6 ms]
  Passed UknfCommunicationPlatform.Tests.Unit.Services.MessageServiceTests.GetMessagesAsync_WithSearchTerm_ShouldReturnMatchingMessages [43 ms]
  Passed UknfCommunicationPlatform.Tests.Unit.Services.MessageServiceTests.GetMessageStatsAsync_ShouldReturnCorrectStats [6 ms]
  Passed UknfCommunicationPlatform.Tests.Unit.Services.MessageServiceTests.MarkAsReadAsync_WithUnreadMessage_ShouldMarkAsRead [2 ms]
  Passed UknfCommunicationPlatform.Tests.Unit.Services.PasswordHashingServiceTests.VerifyPassword_WithCorrectPassword_ShouldReturnTrue [1 s]
  Passed UknfCommunicationPlatform.Tests.Unit.Services.PasswordHashingServiceTests.HashPassword_WithSamePassword_ShouldReturnDifferentHashesDueToSalt [403 ms]
  Passed UknfCommunicationPlatform.Tests.Unit.Services.PasswordHashingServiceTests.HashPassword_WithVariousPasswordFormats_ShouldHashSuccessfully(password: "verylongpasswordwithmanycharsthatshouldstillwork12"Â·Â·Â·) [403 ms]
  Passed UknfCommunicationPlatform.Tests.Unit.Services.PasswordHashingServiceTests.HashPassword_WithVariousPasswordFormats_ShouldHashSuccessfully(password: "Pass!@#$%^&*()") [405 ms]
  Passed UknfCommunicationPlatform.Tests.Unit.Services.PasswordHashingServiceTests.HashPassword_WithVariousPasswordFormats_ShouldHashSuccessfully(password: "short") [403 ms]
  Passed UknfCommunicationPlatform.Tests.Unit.Services.PasswordHashingServiceTests.HashPassword_WithVariousPasswordFormats_ShouldHashSuccessfully(password: "æ—¥æœ¬èªžãƒ‘ã‚¹ãƒ¯ãƒ¼ãƒ‰") [402 ms]
  Passed UknfCommunicationPlatform.Tests.Unit.Services.PasswordHashingServiceTests.VerifyPassword_WithInvalidHash_ShouldReturnFalse [< 1 ms]
  Passed UknfCommunicationPlatform.Tests.Unit.Services.PasswordHashingServiceTests.VerifyPassword_WithIncorrectPassword_ShouldReturnFalse [401 ms]
[xUnit.net 00:00:05.04]   Finished:    UknfCommunicationPlatform.Tests.Unit
  Passed UknfCommunicationPlatform.Tests.Unit.Services.PasswordHashingServiceTests.HashPassword_WithDifferentPasswords_ShouldReturnDifferentHashes [403 ms]
  Passed UknfCommunicationPlatform.Tests.Unit.Services.PasswordHashingServiceTests.HashPassword_ShouldReturnValidBCryptHash [203 ms]
  Passed UknfCommunicationPlatform.Tests.Unit.Services.PasswordHashingServiceTests.VerifyPassword_WithEmptyPassword_ShouldReturnFalse [403 ms]
  Passed UknfCommunicationPlatform.Tests.Unit.Services.PasswordHashingServiceTests.VerifyPassword_WithEmptyHash_ShouldReturnFalse [< 1 ms]

Test Run Successful.
Total tests: 188
     Passed: 188
 Total time: 5.4175 Seconds
     1>Done Building Project "/home/quasar/src/hackyeah/HackYeah2025-Hackaton/backend/UknfCommunicationPlatform.Tests.Unit/UknfCommunicationPlatform.Tests.Unit.csproj" (VSTest target(s)).

Build succeeded.
    0 Warning(s)
    0 Error(s)

Time Elapsed 00:00:07.65

[0;32mâœ“ Backend Unit Tests PASSED (188/188 tests)[0m

[1;33mâ–¶ Running Backend Integration Tests...[0m

[0;32mâœ“ PostgreSQL container is running[0m

Build started 10/05/2025 04:08:19.
     1>Project "/home/quasar/src/hackyeah/HackYeah2025-Hackaton/backend/UknfCommunicationPlatform.Tests.Integration/UknfCommunicationPlatform.Tests.Integration.csproj" on node 1 (Restore target(s)).
     1>_GetAllRestoreProjectPathItems:
         Determining projects to restore...
       Restore:
         X.509 certificate chain validation will use the fallback certificate bundle at '/usr/share/dotnet/sdk/9.0.110/trustedroots/codesignctl.pem'.
         X.509 certificate chain validation will use the fallback certificate bundle at '/usr/share/dotnet/sdk/9.0.110/trustedroots/timestampctl.pem'.
         Assets file has not changed. Skipping assets file writing. Path: /home/quasar/src/hackyeah/HackYeah2025-Hackaton/backend/UknfCommunicationPlatform.Core/obj/project.assets.json
         Assets file has not changed. Skipping assets file writing. Path: /home/quasar/src/hackyeah/HackYeah2025-Hackaton/backend/UknfCommunicationPlatform.Api/obj/project.assets.json
         Assets file has not changed. Skipping assets file writing. Path: /home/quasar/src/hackyeah/HackYeah2025-Hackaton/backend/UknfCommunicationPlatform.Infrastructure/obj/project.assets.json
         Assets file has not changed. Skipping assets file writing. Path: /home/quasar/src/hackyeah/HackYeah2025-Hackaton/backend/UknfCommunicationPlatform.Tests.Integration/obj/project.assets.json
         Restored /home/quasar/src/hackyeah/HackYeah2025-Hackaton/backend/UknfCommunicationPlatform.Core/UknfCommunicationPlatform.Core.csproj (in 48 ms).
         Restored /home/quasar/src/hackyeah/HackYeah2025-Hackaton/backend/UknfCommunicationPlatform.Api/UknfCommunicationPlatform.Api.csproj (in 48 ms).
         Restored /home/quasar/src/hackyeah/HackYeah2025-Hackaton/backend/UknfCommunicationPlatform.Infrastructure/UknfCommunicationPlatform.Infrastructure.csproj (in 48 ms).
         Restored /home/quasar/src/hackyeah/HackYeah2025-Hackaton/backend/UknfCommunicationPlatform.Tests.Integration/UknfCommunicationPlatform.Tests.Integration.csproj (in 48 ms).
         
         NuGet Config files used:
             /home/quasar/.nuget/NuGet/NuGet.Config
         
         Feeds used:
             https://api.nuget.org/v3/index.json
         All projects are up-to-date for restore.
     1>Done Building Project "/home/quasar/src/hackyeah/HackYeah2025-Hackaton/backend/UknfCommunicationPlatform.Tests.Integration/UknfCommunicationPlatform.Tests.Integration.csproj" (Restore target(s)).
   1:7>Project "/home/quasar/src/hackyeah/HackYeah2025-Hackaton/backend/UknfCommunicationPlatform.Tests.Integration/UknfCommunicationPlatform.Tests.Integration.csproj" on node 2 (VSTest target(s)).
     1>BuildProject:
         Build started, please wait...
   1:7>Project "/home/quasar/src/hackyeah/HackYeah2025-Hackaton/backend/UknfCommunicationPlatform.Tests.Integration/UknfCommunicationPlatform.Tests.Integration.csproj" (1:7) is building "/home/quasar/src/hackyeah/HackYeah2025-Hackaton/backend/UknfCommunicationPlatform.Tests.Integration/UknfCommunicationPlatform.Tests.Integration.csproj" (1:8) on node 2 (default targets).
   1:8>Project "/home/quasar/src/hackyeah/HackYeah2025-Hackaton/backend/UknfCommunicationPlatform.Tests.Integration/UknfCommunicationPlatform.Tests.Integration.csproj" (1:8) is building "/home/quasar/src/hackyeah/HackYeah2025-Hackaton/backend/UknfCommunicationPlatform.Core/UknfCommunicationPlatform.Core.csproj" (3:7) on node 1 (default targets).
     3>GenerateTargetFrameworkMonikerAttribute:
       Skipping target "GenerateTargetFrameworkMonikerAttribute" because all output files are up-to-date with respect to the input files.
       CoreGenerateAssemblyInfo:
       Skipping target "CoreGenerateAssemblyInfo" because all output files are up-to-date with respect to the input files.
       _GenerateSourceLinkFile:
         Source Link file 'obj/Release/net9.0/UknfCommunicationPlatform.Core.sourcelink.json' is up-to-date.
       CoreCompile:
       Skipping target "CoreCompile" because all output files are up-to-date with respect to the input files.
       GenerateBuildDependencyFile:
       Skipping target "GenerateBuildDependencyFile" because all output files are up-to-date with respect to the input files.
       CopyFilesToOutputDirectory:
         UknfCommunicationPlatform.Core -> /home/quasar/src/hackyeah/HackYeah2025-Hackaton/backend/UknfCommunicationPlatform.Core/bin/Release/net9.0/UknfCommunicationPlatform.Core.dll
     3>Done Building Project "/home/quasar/src/hackyeah/HackYeah2025-Hackaton/backend/UknfCommunicationPlatform.Core/UknfCommunicationPlatform.Core.csproj" (default targets).
   1:8>Project "/home/quasar/src/hackyeah/HackYeah2025-Hackaton/backend/UknfCommunicationPlatform.Tests.Integration/UknfCommunicationPlatform.Tests.Integration.csproj" (1:8) is building "/home/quasar/src/hackyeah/HackYeah2025-Hackaton/backend/UknfCommunicationPlatform.Infrastructure/UknfCommunicationPlatform.Infrastructure.csproj" (4:6) on node 3 (default targets).
     4>GenerateTargetFrameworkMonikerAttribute:
       Skipping target "GenerateTargetFrameworkMonikerAttribute" because all output files are up-to-date with respect to the input files.
       CoreGenerateAssemblyInfo:
       Skipping target "CoreGenerateAssemblyInfo" because all output files are up-to-date with respect to the input files.
       _GenerateSourceLinkFile:
         Source Link file 'obj/Release/net9.0/UknfCommunicationPlatform.Infrastructure.sourcelink.json' is up-to-date.
       CoreCompile:
       Skipping target "CoreCompile" because all output files are up-to-date with respect to the input files.
       GenerateBuildDependencyFile:
       Skipping target "GenerateBuildDependencyFile" because all output files are up-to-date with respect to the input files.
       GenerateBuildRuntimeConfigurationFiles:
       Skipping target "GenerateBuildRuntimeConfigurationFiles" because all output files are up-to-date with respect to the input files.
       CopyFilesToOutputDirectory:
         UknfCommunicationPlatform.Infrastructure -> /home/quasar/src/hackyeah/HackYeah2025-Hackaton/backend/UknfCommunicationPlatform.Infrastructure/bin/Release/net9.0/UknfCommunicationPlatform.Infrastructure.dll
     4>Done Building Project "/home/quasar/src/hackyeah/HackYeah2025-Hackaton/backend/UknfCommunicationPlatform.Infrastructure/UknfCommunicationPlatform.Infrastructure.csproj" (default targets).
   1:8>Project "/home/quasar/src/hackyeah/HackYeah2025-Hackaton/backend/UknfCommunicationPlatform.Tests.Integration/UknfCommunicationPlatform.Tests.Integration.csproj" (1:8) is building "/home/quasar/src/hackyeah/HackYeah2025-Hackaton/backend/UknfCommunicationPlatform.Api/UknfCommunicationPlatform.Api.csproj" (2:6) on node 2 (default targets).
     2>GenerateTargetFrameworkMonikerAttribute:
       Skipping target "GenerateTargetFrameworkMonikerAttribute" because all output files are up-to-date with respect to the input files.
       CoreGenerateAssemblyInfo:
       Skipping target "CoreGenerateAssemblyInfo" because all output files are up-to-date with respect to the input files.
       _DiscoverMvcApplicationParts:
       Skipping target "_DiscoverMvcApplicationParts" because all output files are up-to-date with respect to the input files.
       _GenerateSourceLinkFile:
         Source Link file 'obj/Release/net9.0/UknfCommunicationPlatform.Api.sourcelink.json' is up-to-date.
       CoreCompile:
       Skipping target "CoreCompile" because all output files are up-to-date with respect to the input files.
       _CreateAppHost:
       Skipping target "_CreateAppHost" because all output files are up-to-date with respect to the input files.
       _ProcessScopedCssFiles:
       Skipping target "_ProcessScopedCssFiles" because it has no outputs.
       _ProcessScopedCssFiles:
       Skipping target "_ProcessScopedCssFiles" because it has no outputs.
       _BuildCopyStaticWebAssetsPreserveNewest:
       Skipping target "_BuildCopyStaticWebAssetsPreserveNewest" because it has no outputs.
       _CopyOutOfDateSourceItemsToOutputDirectory:
       Skipping target "_CopyOutOfDateSourceItemsToOutputDirectory" because all output files are up-to-date with respect to the input files.
       GenerateBuildDependencyFile:
       Skipping target "GenerateBuildDependencyFile" because all output files are up-to-date with respect to the input files.
       GenerateBuildRuntimeConfigurationFiles:
       Skipping target "GenerateBuildRuntimeConfigurationFiles" because all output files are up-to-date with respect to the input files.
       CopyFilesToOutputDirectory:
         UknfCommunicationPlatform.Api -> /home/quasar/src/hackyeah/HackYeah2025-Hackaton/backend/UknfCommunicationPlatform.Api/bin/Release/net9.0/UknfCommunicationPlatform.Api.dll
     2>Done Building Project "/home/quasar/src/hackyeah/HackYeah2025-Hackaton/backend/UknfCommunicationPlatform.Api/UknfCommunicationPlatform.Api.csproj" (default targets).
     1>GenerateTargetFrameworkMonikerAttribute:
       Skipping target "GenerateTargetFrameworkMonikerAttribute" because all output files are up-to-date with respect to the input files.
       CoreGenerateAssemblyInfo:
       Skipping target "CoreGenerateAssemblyInfo" because all output files are up-to-date with respect to the input files.
       _GenerateSourceLinkFile:
         Source Link file 'obj/Release/net9.0/UknfCommunicationPlatform.Tests.Integration.sourcelink.json' is up-to-date.
       CoreCompile:
         /usr/share/dotnet/dotnet exec "/usr/share/dotnet/sdk/9.0.110/Roslyn/bincore/csc.dll" /noconfig /unsafe- /checked- /nowarn:1701,1702,1701,1702 /fullpaths /nostdlib+ /errorreport:prompt /warn:9 /define:TRACE;RELEASE;NET;NET9_0;NETCOREAPP;NET5_0_OR_GREATER;NET6_0_OR_GREATER;NET7_0_OR_GREATER;NET8_0_OR_GREATER;NET9_0_OR_GREATER;NETCOREAPP1_0_OR_GREATER;NETCOREAPP1_1_OR_GREATER;NETCOREAPP2_0_OR_GREATER;NETCOREAPP2_1_OR_GREATER;NETCOREAPP2_2_OR_GREATER;NETCOREAPP3_0_OR_GREATER;NETCOREAPP3_1_OR_GREATER /highentropyva+ /nullable:enable /reference:/home/quasar/.nuget/packages/bcrypt.net-next/4.0.3/lib/net6.0/BCrypt.Net-Next.dll /reference:/home/quasar/.nuget/packages/fluentassertions/8.7.1/lib/net6.0/FluentAssertions.dll /reference:/home/quasar/.nuget/packages/fluentvalidation/11.9.0/lib/net8.0/FluentValidation.dll /reference:/home/quasar/.nuget/packages/microsoft.aspnetcore.app.ref/9.0.9/ref/net9.0/Microsoft.AspNetCore.Antiforgery.dll /reference:/home/quasar/.nuget/packages/microsoft.aspnetcore.app.ref/9.0.9/ref/net9.0/Microsoft.AspNetCore.Authentication.Abstractions.dll /reference:/home/quasar/.nuget/packages/microsoft.aspnetcore.app.ref/9.0.9/ref/net9.0/Microsoft.AspNetCore.Authentication.BearerToken.dll /reference:/home/quasar/.nuget/packages/microsoft.aspnetcore.app.ref/9.0.9/ref/net9.0/Microsoft.AspNetCore.Authentication.Cookies.dll /reference:/home/quasar/.nuget/packages/microsoft.aspnetcore.app.ref/9.0.9/ref/net9.0/Microsoft.AspNetCore.Authentication.Core.dll /reference:/home/quasar/.nuget/packages/microsoft.aspnetcore.app.ref/9.0.9/ref/net9.0/Microsoft.AspNetCore.Authentication.dll /reference:/home/quasar/.nuget/packages/microsoft.aspnetcore.authentication.jwtbearer/9.0.9/lib/net9.0/Microsoft.AspNetCore.Authentication.JwtBearer.dll /reference:/home/quasar/.nuget/packages/microsoft.aspnetcore.app.ref/9.0.9/ref/net9.0/Microsoft.AspNetCore.Authentication.OAuth.dll /reference:/home/quasar/.nuget/packages/microsoft.aspnetcore.app.ref/9.0.9/ref/net9.0/Microsoft.AspNetCore.Authorization.dll /reference:/home/quasar/.nuget/packages/microsoft.aspnetcore.app.ref/9.0.9/ref/net9.0/Microsoft.AspNetCore.Authorization.Policy.dll /reference:/home/quasar/.nuget/packages/microsoft.aspnetcore.app.ref/9.0.9/ref/net9.0/Microsoft.AspNetCore.Components.Authorization.dll /reference:/home/quasar/.nuget/packages/microsoft.aspnetcore.app.ref/9.0.9/ref/net9.0/Microsoft.AspNetCore.Components.dll /reference:/home/quasar/.nuget/packages/microsoft.aspnetcore.app.ref/9.0.9/ref/net9.0/Microsoft.AspNetCore.Components.Endpoints.dll /reference:/home/quasar/.nuget/packages/microsoft.aspnetcore.app.ref/9.0.9/ref/net9.0/Microsoft.AspNetCore.Components.Forms.dll /reference:/home/quasar/.nuget/packages/microsoft.aspnetcore.app.ref/9.0.9/ref/net9.0/Microsoft.AspNetCore.Components.Server.dll /reference:/home/quasar/.nuget/packages/microsoft.aspnetcore.app.ref/9.0.9/ref/net9.0/Microsoft.AspNetCore.Components.Web.dll /reference:/home/quasar/.nuget/packages/microsoft.aspnetcore.app.ref/9.0.9/ref/net9.0/Microsoft.AspNetCore.Connections.Abstractions.dll /reference:/home/quasar/.nuget/packages/microsoft.aspnetcore.app.ref/9.0.9/ref/net9.0/Microsoft.AspNetCore.CookiePolicy.dll /reference:/home/quasar/.nuget/packages/microsoft.aspnetcore.app.ref/9.0.9/ref/net9.0/Microsoft.AspNetCore.Cors.dll /reference:/home/quasar/.nuget/packages/microsoft.aspnetcore.app.ref/9.0.9/ref/net9.0/Microsoft.AspNetCore.Cryptography.Internal.dll /reference:/home/quasar/.nuget/packages/microsoft.aspnetcore.app.ref/9.0.9/ref/net9.0/Microsoft.AspNetCore.Cryptography.KeyDerivation.dll /reference:/home/quasar/.nuget/packages/microsoft.aspnetcore.app.ref/9.0.9/ref/net9.0/Microsoft.AspNetCore.DataProtection.Abstractions.dll /reference:/home/quasar/.nuget/packages/microsoft.aspnetcore.app.ref/9.0.9/ref/net9.0/Microsoft.AspNetCore.DataProtection.dll /reference:/home/quasar/.nuget/packages/microsoft.aspnetcore.app.ref/9.0.9/ref/net9.0/Microsoft.AspNetCore.DataProtection.Extensions.dll /reference:/home/quasar/.nuget/packages/microsoft.aspnetcore.app.ref/9.0.9/ref/net9.0/Microsoft.AspNetCore.Diagnostics.Abstractions.dll /reference:/home/quasar/.nuget/packages/microsoft.aspnetcore.app.ref/9.0.9/ref/net9.0/Microsoft.AspNetCore.Diagnostics.dll /reference:/home/quasar/.nuget/packages/microsoft.aspnetcore.app.ref/9.0.9/ref/net9.0/Microsoft.AspNetCore.Diagnostics.HealthChecks.dll /reference:/home/quasar/.nuget/packages/microsoft.aspnetcore.app.ref/9.0.9/ref/net9.0/Microsoft.AspNetCore.dll /reference:/home/quasar/.nuget/packages/microsoft.aspnetcore.app.ref/9.0.9/ref/net9.0/Microsoft.AspNetCore.HostFiltering.dll /reference:/home/quasar/.nuget/packages/microsoft.aspnetcore.app.ref/9.0.9/ref/net9.0/Microsoft.AspNetCore.Hosting.Abstractions.dll /reference:/home/quasar/.nuget/packages/microsoft.aspnetcore.app.ref/9.0.9/ref/net9.0/Microsoft.AspNetCore.Hosting.dll /reference:/home/quasar/.nuget/packages/microsoft.aspnetcore.app.ref/9.0.9/ref/net9.0/Microsoft.AspNetCore.Hosting.Server.Abstractions.dll /reference:/home/quasar/.nuget/packages/microsoft.aspnetcore.app.ref/9.0.9/ref/net9.0/Microsoft.AspNetCore.Html.Abstractions.dll /reference:/home/quasar/.nuget/packages/microsoft.aspnetcore.app.ref/9.0.9/ref/net9.0/Microsoft.AspNetCore.Http.Abstractions.dll /reference:/home/quasar/.nuget/packages/microsoft.aspnetcore.app.ref/9.0.9/ref/net9.0/Microsoft.AspNetCore.Http.Connections.Common.dll /reference:/home/quasar/.nuget/packages/microsoft.aspnetcore.app.ref/9.0.9/ref/net9.0/Microsoft.AspNetCore.Http.Connections.dll /reference:/home/quasar/.nuget/packages/microsoft.aspnetcore.app.ref/9.0.9/ref/net9.0/Microsoft.AspNetCore.Http.dll /reference:/home/quasar/.nuget/packages/microsoft.aspnetcore.app.ref/9.0.9/ref/net9.0/Microsoft.AspNetCore.Http.Extensions.dll /reference:/home/quasar/.nuget/packages/microsoft.aspnetcore.app.ref/9.0.9/ref/net9.0/Microsoft.AspNetCore.Http.Features.dll /reference:/home/quasar/.nuget/packages/microsoft.aspnetcore.app.ref/9.0.9/ref/net9.0/Microsoft.AspNetCore.Http.Results.dll /reference:/home/quasar/.nuget/packages/microsoft.aspnetcore.app.ref/9.0.9/ref/net9.0/Microsoft.AspNetCore.HttpLogging.dll /reference:/home/quasar/.nuget/packages/microsoft.aspnetcore.app.ref/9.0.9/ref/net9.0/Microsoft.AspNetCore.HttpOverrides.dll /reference:/home/quasar/.nuget/packages/microsoft.aspnetcore.app.ref/9.0.9/ref/net9.0/Microsoft.AspNetCore.HttpsPolicy.dll /reference:/home/quasar/.nuget/packages/microsoft.aspnetcore.app.ref/9.0.9/ref/net9.0/Microsoft.AspNetCore.Identity.dll /reference:/home/quasar/.nuget/packages/microsoft.aspnetcore.app.ref/9.0.9/ref/net9.0/Microsoft.AspNetCore.Localization.dll /reference:/home/quasar/.nuget/packages/microsoft.aspnetcore.app.ref/9.0.9/ref/net9.0/Microsoft.AspNetCore.Localization.Routing.dll /reference:/home/quasar/.nuget/packages/microsoft.aspnetcore.app.ref/9.0.9/ref/net9.0/Microsoft.AspNetCore.Metadata.dll /reference:/home/quasar/.nuget/packages/microsoft.aspnetcore.app.ref/9.0.9/ref/net9.0/Microsoft.AspNetCore.Mvc.Abstractions.dll /reference:/home/quasar/.nuget/packages/microsoft.aspnetcore.app.ref/9.0.9/ref/net9.0/Microsoft.AspNetCore.Mvc.ApiExplorer.dll /reference:/home/quasar/.nuget/packages/microsoft.aspnetcore.app.ref/9.0.9/ref/net9.0/Microsoft.AspNetCore.Mvc.Core.dll /reference:/home/quasar/.nuget/packages/microsoft.aspnetcore.app.ref/9.0.9/ref/net9.0/Microsoft.AspNetCore.Mvc.Cors.dll /reference:/home/quasar/.nuget/packages/microsoft.aspnetcore.app.ref/9.0.9/ref/net9.0/Microsoft.AspNetCore.Mvc.DataAnnotations.dll /reference:/home/quasar/.nuget/packages/microsoft.aspnetcore.app.ref/9.0.9/ref/net9.0/Microsoft.AspNetCore.Mvc.dll /reference:/home/quasar/.nuget/packages/microsoft.aspnetcore.app.ref/9.0.9/ref/net9.0/Microsoft.AspNetCore.Mvc.Formatters.Json.dll /reference:/home/quasar/.nuget/packages/microsoft.aspnetcore.app.ref/9.0.9/ref/net9.0/Microsoft.AspNetCore.Mvc.Formatters.Xml.dll /reference:/home/quasar/.nuget/packages/microsoft.aspnetcore.app.ref/9.0.9/ref/net9.0/Microsoft.AspNetCore.Mvc.Localization.dll /reference:/home/quasar/.nuget/packages/microsoft.aspnetcore.app.ref/9.0.9/ref/net9.0/Microsoft.AspNetCore.Mvc.Razor.dll /reference:/home/quasar/.nuget/packages/microsoft.aspnetcore.app.ref/9.0.9/ref/net9.0/Microsoft.AspNetCore.Mvc.RazorPages.dll /reference:/home/quasar/.nuget/packages/microsoft.aspnetcore.app.ref/9.0.9/ref/net9.0/Microsoft.AspNetCore.Mvc.TagHelpers.dll /reference:/home/quasar/.nuget/packages/microsoft.aspnetcore.mvc.testing/9.0.9/lib/net9.0/Microsoft.AspNetCore.Mvc.Testing.dll /reference:/home/quasar/.nuget/packages/microsoft.aspnetcore.app.ref/9.0.9/ref/net9.0/Microsoft.AspNetCore.Mvc.ViewFeatures.dll /reference:/home/quasar/.nuget/packages/microsoft.aspnetcore.openapi/9.0.0/lib/net9.0/Microsoft.AspNetCore.OpenApi.dll /reference:/home/quasar/.nuget/packages/microsoft.aspnetcore.app.ref/9.0.9/ref/net9.0/Microsoft.AspNetCore.OutputCaching.dll /reference:/home/quasar/.nuget/packages/microsoft.aspnetcore.app.ref/9.0.9/ref/net9.0/Microsoft.AspNetCore.RateLimiting.dll /reference:/home/quasar/.nuget/packages/microsoft.aspnetcore.app.ref/9.0.9/ref/net9.0/Microsoft.AspNetCore.Razor.dll /reference:/home/quasar/.nuget/packages/microsoft.aspnetcore.app.ref/9.0.9/ref/net9.0/Microsoft.AspNetCore.Razor.Runtime.dll /reference:/home/quasar/.nuget/packages/microsoft.aspnetcore.app.ref/9.0.9/ref/net9.0/Microsoft.AspNetCore.RequestDecompression.dll /reference:/home/quasar/.nuget/packages/microsoft.aspnetcore.app.ref/9.0.9/ref/net9.0/Microsoft.AspNetCore.ResponseCaching.Abstractions.dll /reference:/home/quasar/.nuget/packages/microsoft.aspnetcore.app.ref/9.0.9/ref/net9.0/Microsoft.AspNetCore.ResponseCaching.dll /reference:/home/quasar/.nuget/packages/microsoft.aspnetcore.app.ref/9.0.9/ref/net9.0/Microsoft.AspNetCore.ResponseCompression.dll /reference:/home/quasar/.nuget/packages/microsoft.aspnetcore.app.ref/9.0.9/ref/net9.0/Microsoft.AspNetCore.Rewrite.dll /reference:/home/quasar/.nuget/packages/microsoft.aspnetcore.app.ref/9.0.9/ref/net9.0/Microsoft.AspNetCore.Routing.Abstractions.dll /reference:/home/quasar/.nuget/packages/microsoft.aspnetcore.app.ref/9.0.9/ref/net9.0/Microsoft.AspNetCore.Routing.dll /reference:/home/quasar/.nuget/packages/microsoft.aspnetcore.app.ref/9.0.9/ref/net9.0/Microsoft.AspNetCore.Server.HttpSys.dll /reference:/home/quasar/.nuget/packages/microsoft.aspnetcore.app.ref/9.0.9/ref/net9.0/Microsoft.AspNetCore.Server.IIS.dll /reference:/home/quasar/.nuget/packages/microsoft.aspnetcore.app.ref/9.0.9/ref/net9.0/Microsoft.AspNetCore.Server.IISIntegration.dll /reference:/home/quasar/.nuget/packages/microsoft.aspnetcore.app.ref/9.0.9/ref/net9.0/Microsoft.AspNetCore.Server.Kestrel.Core.dll /reference:/home/quasar/.nuget/packages/microsoft.aspnetcore.app.ref/9.0.9/ref/net9.0/Microsoft.AspNetCore.Server.Kestrel.dll /reference:/home/quasar/.nuget/packages/microsoft.aspnetcore.app.ref/9.0.9/ref/net9.0/Microsoft.AspNetCore.Server.Kestrel.Transport.NamedPipes.dll /reference:/home/quasar/.nuget/packages/microsoft.aspnetcore.app.ref/9.0.9/ref/net9.0/Microsoft.AspNetCore.Server.Kestrel.Transport.Quic.dll /reference:/home/quasar/.nuget/packages/microsoft.aspnetcore.app.ref/9.0.9/ref/net9.0/Microsoft.AspNetCore.Server.Kestrel.Transport.Sockets.dll /reference:/home/quasar/.nuget/packages/microsoft.aspnetcore.app.ref/9.0.9/ref/net9.0/Microsoft.AspNetCore.Session.dll /reference:/home/quasar/.nuget/packages/microsoft.aspnetcore.app.ref/9.0.9/ref/net9.0/Microsoft.AspNetCore.SignalR.Common.dll /reference:/home/quasar/.nuget/packages/microsoft.aspnetcore.app.ref/9.0.9/ref/net9.0/Microsoft.AspNetCore.SignalR.Core.dll /reference:/home/quasar/.nuget/packages/microsoft.aspnetcore.app.ref/9.0.9/ref/net9.0/Microsoft.AspNetCore.SignalR.dll /reference:/home/quasar/.nuget/packages/microsoft.aspnetcore.app.ref/9.0.9/ref/net9.0/Microsoft.AspNetCore.SignalR.Protocols.Json.dll /reference:/home/quasar/.nuget/packages/microsoft.aspnetcore.app.ref/9.0.9/ref/net9.0/Microsoft.AspNetCore.StaticAssets.dll /reference:/home/quasar/.nuget/packages/microsoft.aspnetcore.app.ref/9.0.9/ref/net9.0/Microsoft.AspNetCore.StaticFiles.dll /reference:/home/quasar/.nuget/packages/microsoft.aspnetcore.testhost/9.0.9/lib/net9.0/Microsoft.AspNetCore.TestHost.dll /reference:/home/quasar/.nuget/packages/microsoft.aspnetcore.app.ref/9.0.9/ref/net9.0/Microsoft.AspNetCore.WebSockets.dll /reference:/home/quasar/.nuget/packages/microsoft.aspnetcore.app.ref/9.0.9/ref/net9.0/Microsoft.AspNetCore.WebUtilities.dll /reference:/usr/share/dotnet/packs/Microsoft.NETCore.App.Ref/9.0.9/ref/net9.0/Microsoft.CSharp.dll /reference:/home/quasar/.nuget/packages/microsoft.entityframeworkcore.abstractions/9.0.0/lib/net8.0/Microsoft.EntityFrameworkCore.Abstractions.dll /reference:/home/quasar/.nuget/packages/microsoft.entityframeworkcore/9.0.0/lib/net8.0/Microsoft.EntityFrameworkCore.dll /reference:/home/quasar/.nuget/packages/microsoft.entityframeworkcore.relational/9.0.0/lib/net8.0/Microsoft.EntityFrameworkCore.Relational.dll /reference:/home/quasar/.nuget/packages/microsoft.aspnetcore.app.ref/9.0.9/ref/net9.0/Microsoft.Extensions.Caching.Abstractions.dll /reference:/home/quasar/.nuget/packages/microsoft.aspnetcore.app.ref/9.0.9/ref/net9.0/Microsoft.Extensions.Caching.Memory.dll /reference:/home/quasar/.nuget/packages/microsoft.aspnetcore.app.ref/9.0.9/ref/net9.0/Microsoft.Extensions.Configuration.Abstractions.dll /reference:/home/quasar/.nuget/packages/microsoft.aspnetcore.app.ref/9.0.9/ref/net9.0/Microsoft.Extensions.Configuration.Binder.dll /reference:/home/quasar/.nuget/packages/microsoft.aspnetcore.app.ref/9.0.9/ref/net9.0/Microsoft.Extensions.Configuration.CommandLine.dll /reference:/home/quasar/.nuget/packages/microsoft.aspnetcore.app.ref/9.0.9/ref/net9.0/Microsoft.Extensions.Configuration.dll /reference:/home/quasar/.nuget/packages/microsoft.aspnetcore.app.ref/9.0.9/ref/net9.0/Microsoft.Extensions.Configuration.EnvironmentVariables.dll /reference:/home/quasar/.nuget/packages/microsoft.aspnetcore.app.ref/9.0.9/ref/net9.0/Microsoft.Extensions.Configuration.FileExtensions.dll /reference:/home/quasar/.nuget/packages/microsoft.aspnetcore.app.ref/9.0.9/ref/net9.0/Microsoft.Extensions.Configuration.Ini.dll /reference:/home/quasar/.nuget/packages/microsoft.aspnetcore.app.ref/9.0.9/ref/net9.0/Microsoft.Extensions.Configuration.Json.dll /reference:/home/quasar/.nuget/packages/microsoft.aspnetcore.app.ref/9.0.9/ref/net9.0/Microsoft.Extensions.Configuration.KeyPerFile.dll /reference:/home/quasar/.nuget/packages/microsoft.aspnetcore.app.ref/9.0.9/ref/net9.0/Microsoft.Extensions.Configuration.UserSecrets.dll /reference:/home/quasar/.nuget/packages/microsoft.aspnetcore.app.ref/9.0.9/ref/net9.0/Microsoft.Extensions.Configuration.Xml.dll /reference:/home/quasar/.nuget/packages/microsoft.aspnetcore.app.ref/9.0.9/ref/net9.0/Microsoft.Extensions.DependencyInjection.Abstractions.dll /reference:/home/quasar/.nuget/packages/microsoft.aspnetcore.app.ref/9.0.9/ref/net9.0/Microsoft.Extensions.DependencyInjection.dll /reference:/home/quasar/.nuget/packages/microsoft.extensions.dependencymodel/9.0.9/lib/net9.0/Microsoft.Extensions.DependencyModel.dll /reference:/home/quasar/.nuget/packages/microsoft.aspnetcore.app.ref/9.0.9/ref/net9.0/Microsoft.Extensions.Diagnostics.Abstractions.dll /reference:/home/quasar/.nuget/packages/microsoft.aspnetcore.app.ref/9.0.9/ref/net9.0/Microsoft.Extensions.Diagnostics.dll /reference:/home/quasar/.nuget/packages/microsoft.aspnetcore.app.ref/9.0.9/ref/net9.0/Microsoft.Extensions.Diagnostics.HealthChecks.Abstractions.dll /reference:/home/quasar/.nuget/packages/microsoft.aspnetcore.app.ref/9.0.9/ref/net9.0/Microsoft.Extensions.Diagnostics.HealthChecks.dll /reference:/home/quasar/.nuget/packages/microsoft.extensions.diagnostics.healthchecks.entityframeworkcore/9.0.0/lib/net9.0/Microsoft.Extensions.Diagnostics.HealthChecks.EntityFrameworkCore.dll /reference:/home/quasar/.nuget/packages/microsoft.aspnetcore.app.ref/9.0.9/ref/net9.0/Microsoft.Extensions.Features.dll /reference:/home/quasar/.nuget/packages/microsoft.aspnetcore.app.ref/9.0.9/ref/net9.0/Microsoft.Extensions.FileProviders.Abstractions.dll /reference:/home/quasar/.nuget/packages/microsoft.aspnetcore.app.ref/9.0.9/ref/net9.0/Microsoft.Extensions.FileProviders.Composite.dll /reference:/home/quasar/.nuget/packages/microsoft.aspnetcore.app.ref/9.0.9/ref/net9.0/Microsoft.Extensions.FileProviders.Embedded.dll /reference:/home/quasar/.nuget/packages/microsoft.aspnetcore.app.ref/9.0.9/ref/net9.0/Microsoft.Extensions.FileProviders.Physical.dll /reference:/home/quasar/.nuget/packages/microsoft.aspnetcore.app.ref/9.0.9/ref/net9.0/Microsoft.Extensions.FileSystemGlobbing.dll /reference:/home/quasar/.nuget/packages/microsoft.aspnetcore.app.ref/9.0.9/ref/net9.0/Microsoft.Extensions.Hosting.Abstractions.dll /reference:/home/quasar/.nuget/packages/microsoft.aspnetcore.app.ref/9.0.9/ref/net9.0/Microsoft.Extensions.Hosting.dll /reference:/home/quasar/.nuget/packages/microsoft.aspnetcore.app.ref/9.0.9/ref/net9.0/Microsoft.Extensions.Http.dll /reference:/home/quasar/.nuget/packages/microsoft.aspnetcore.app.ref/9.0.9/ref/net9.0/Microsoft.Extensions.Identity.Core.dll /reference:/home/quasar/.nuget/packages/microsoft.aspnetcore.app.ref/9.0.9/ref/net9.0/Microsoft.Extensions.Identity.Stores.dll /reference:/home/quasar/.nuget/packages/microsoft.aspnetcore.app.ref/9.0.9/ref/net9.0/Microsoft.Extensions.Localization.Abstractions.dll /reference:/home/quasar/.nuget/packages/microsoft.aspnetcore.app.ref/9.0.9/ref/net9.0/Microsoft.Extensions.Localization.dll /reference:/home/quasar/.nuget/packages/microsoft.aspnetcore.app.ref/9.0.9/ref/net9.0/Microsoft.Extensions.Logging.Abstractions.dll /reference:/home/quasar/.nuget/packages/microsoft.aspnetcore.app.ref/9.0.9/ref/net9.0/Microsoft.Extensions.Logging.Configuration.dll /reference:/home/quasar/.nuget/packages/microsoft.aspnetcore.app.ref/9.0.9/ref/net9.0/Microsoft.Extensions.Logging.Console.dll /reference:/home/quasar/.nuget/packages/microsoft.aspnetcore.app.ref/9.0.9/ref/net9.0/Microsoft.Extensions.Logging.Debug.dll /reference:/home/quasar/.nuget/packages/microsoft.aspnetcore.app.ref/9.0.9/ref/net9.0/Microsoft.Extensions.Logging.dll /reference:/home/quasar/.nuget/packages/microsoft.aspnetcore.app.ref/9.0.9/ref/net9.0/Microsoft.Extensions.Logging.EventLog.dll /reference:/home/quasar/.nuget/packages/microsoft.aspnetcore.app.ref/9.0.9/ref/net9.0/Microsoft.Extensions.Logging.EventSource.dll /reference:/home/quasar/.nuget/packages/microsoft.aspnetcore.app.ref/9.0.9/ref/net9.0/Microsoft.Extensions.Logging.TraceSource.dll /reference:/home/quasar/.nuget/packages/microsoft.aspnetcore.app.ref/9.0.9/ref/net9.0/Microsoft.Extensions.ObjectPool.dll /reference:/home/quasar/.nuget/packages/microsoft.aspnetcore.app.ref/9.0.9/ref/net9.0/Microsoft.Extensions.Options.ConfigurationExtensions.dll /reference:/home/quasar/.nuget/packages/microsoft.aspnetcore.app.ref/9.0.9/ref/net9.0/Microsoft.Extensions.Options.DataAnnotations.dll /reference:/home/quasar/.nuget/packages/microsoft.aspnetcore.app.ref/9.0.9/ref/net9.0/Microsoft.Extensions.Options.dll /reference:/home/quasar/.nuget/packages/microsoft.aspnetcore.app.ref/9.0.9/ref/net9.0/Microsoft.Extensions.Primitives.dll /reference:/home/quasar/.nuget/packages/microsoft.aspnetcore.app.ref/9.0.9/ref/net9.0/Microsoft.Extensions.WebEncoders.dll /reference:/home/quasar/.nuget/packages/microsoft.identitymodel.abstractions/8.14.0/lib/net9.0/Microsoft.IdentityModel.Abstractions.dll /reference:/home/quasar/.nuget/packages/microsoft.identitymodel.jsonwebtokens/8.14.0/lib/net9.0/Microsoft.IdentityModel.JsonWebTokens.dll /reference:/home/quasar/.nuget/packages/microsoft.identitymodel.logging/8.14.0/lib/net9.0/Microsoft.IdentityModel.Logging.dll /reference:/home/quasar/.nuget/packages/microsoft.identitymodel.protocols/8.0.1/lib/net9.0/Microsoft.IdentityModel.Protocols.dll /reference:/home/quasar/.nuget/packages/microsoft.identitymodel.protocols.openidconnect/8.0.1/lib/net9.0/Microsoft.IdentityModel.Protocols.OpenIdConnect.dll /reference:/home/quasar/.nuget/packages/microsoft.identitymodel.tokens/8.14.0/lib/net9.0/Microsoft.IdentityModel.Tokens.dll /reference:/home/quasar/.nuget/packages/microsoft.aspnetcore.app.ref/9.0.9/ref/net9.0/Microsoft.JSInterop.dll /reference:/home/quasar/.nuget/packages/microsoft.aspnetcore.app.ref/9.0.9/ref/net9.0/Microsoft.Net.Http.Headers.dll /reference:/home/quasar/.nuget/packages/microsoft.openapi/1.6.22/lib/netstandard2.0/Microsoft.OpenApi.dll /reference:/home/quasar/.nuget/packages/microsoft.testplatform.testhost/17.12.0/lib/netcoreapp3.1/Microsoft.TestPlatform.CommunicationUtilities.dll /reference:/home/quasar/.nuget/packages/microsoft.testplatform.testhost/17.12.0/lib/netcoreapp3.1/Microsoft.TestPlatform.CoreUtilities.dll /reference:/home/quasar/.nuget/packages/microsoft.testplatform.testhost/17.12.0/lib/netcoreapp3.1/Microsoft.TestPlatform.CrossPlatEngine.dll /reference:/home/quasar/.nuget/packages/microsoft.testplatform.testhost/17.12.0/lib/netcoreapp3.1/Microsoft.TestPlatform.PlatformAbstractions.dll /reference:/home/quasar/.nuget/packages/microsoft.testplatform.testhost/17.12.0/lib/netcoreapp3.1/Microsoft.TestPlatform.Utilities.dll /reference:/usr/share/dotnet/packs/Microsoft.NETCore.App.Ref/9.0.9/ref/net9.0/Microsoft.VisualBasic.Core.dll /reference:/usr/share/dotnet/packs/Microsoft.NETCore.App.Ref/9.0.9/ref/net9.0/Microsoft.VisualBasic.dll /reference:/home/quasar/.nuget/packages/microsoft.codecoverage/17.12.0/lib/netcoreapp3.1/Microsoft.VisualStudio.CodeCoverage.Shim.dll /reference:/home/quasar/.nuget/packages/microsoft.testplatform.testhost/17.12.0/lib/netcoreapp3.1/Microsoft.VisualStudio.TestPlatform.Common.dll /reference:/home/quasar/.nuget/packages/microsoft.testplatform.testhost/17.12.0/lib/netcoreapp3.1/Microsoft.VisualStudio.TestPlatform.ObjectModel.dll /reference:/usr/share/dotnet/packs/Microsoft.NETCore.App.Ref/9.0.9/ref/net9.0/Microsoft.Win32.Primitives.dll /reference:/usr/share/dotnet/packs/Microsoft.NETCore.App.Ref/9.0.9/ref/net9.0/Microsoft.Win32.Registry.dll /reference:/usr/share/dotnet/packs/Microsoft.NETCore.App.Ref/9.0.9/ref/net9.0/mscorlib.dll /reference:/usr/share/dotnet/packs/Microsoft.NETCore.App.Ref/9.0.9/ref/net9.0/netstandard.dll /reference:/home/quasar/.nuget/packages/newtonsoft.json/13.0.1/lib/netstandard2.0/Newtonsoft.Json.dll /reference:/home/quasar/.nuget/packages/npgsql/9.0.2/lib/net8.0/Npgsql.dll /reference:/home/quasar/.nuget/packages/npgsql.entityframeworkcore.postgresql/9.0.2/lib/net8.0/Npgsql.EntityFrameworkCore.PostgreSQL.dll /reference:/home/quasar/.nuget/packages/swashbuckle.aspnetcore.swagger/7.2.0/lib/net9.0/Swashbuckle.AspNetCore.Swagger.dll /reference:/home/quasar/.nuget/packages/swashbuckle.aspnetcore.swaggergen/7.2.0/lib/net9.0/Swashbuckle.AspNetCore.SwaggerGen.dll /reference:/home/quasar/.nuget/packages/swashbuckle.aspnetcore.swaggerui/7.2.0/lib/net9.0/Swashbuckle.AspNetCore.SwaggerUI.dll /reference:/usr/share/dotnet/packs/Microsoft.NETCore.App.Ref/9.0.9/ref/net9.0/System.AppContext.dll /reference:/usr/share/dotnet/packs/Microsoft.NETCore.App.Ref/9.0.9/ref/net9.0/System.Buffers.dll /reference:/usr/share/dotnet/packs/Microsoft.NETCore.App.Ref/9.0.9/ref/net9.0/System.Collections.Concurrent.dll /reference:/usr/share/dotnet/packs/Microsoft.NETCore.App.Ref/9.0.9/ref/net9.0/System.Collections.dll /reference:/usr/share/dotnet/packs/Microsoft.NETCore.App.Ref/9.0.9/ref/net9.0/System.Collections.Immutable.dll /reference:/usr/share/dotnet/packs/Microsoft.NETCore.App.Ref/9.0.9/ref/net9.0/System.Collections.NonGeneric.dll /reference:/usr/share/dotnet/packs/Microsoft.NETCore.App.Ref/9.0.9/ref/net9.0/System.Collections.Specialized.dll /reference:/usr/share/dotnet/packs/Microsoft.NETCore.App.Ref/9.0.9/ref/net9.0/System.ComponentModel.Annotations.dll /reference:/usr/share/dotnet/packs/Microsoft.NETCore.App.Ref/9.0.9/ref/net9.0/System.ComponentModel.DataAnnotations.dll /reference:/usr/share/dotnet/packs/Microsoft.NETCore.App.Ref/9.0.9/ref/net9.0/System.ComponentModel.dll /reference:/usr/share/dotnet/packs/Microsoft.NETCore.App.Ref/9.0.9/ref/net9.0/System.ComponentModel.EventBasedAsync.dll /reference:/usr/share/dotnet/packs/Microsoft.NETCore.App.Ref/9.0.9/ref/net9.0/System.ComponentModel.Primitives.dll /reference:/usr/share/dotnet/packs/Microsoft.NETCore.App.Ref/9.0.9/ref/net9.0/System.ComponentModel.TypeConverter.dll /reference:/usr/share/dotnet/packs/Microsoft.NETCore.App.Ref/9.0.9/ref/net9.0/System.Configuration.dll /reference:/usr/share/dotnet/packs/Microsoft.NETCore.App.Ref/9.0.9/ref/net9.0/System.Console.dll /reference:/usr/share/dotnet/packs/Microsoft.NETCore.App.Ref/9.0.9/ref/net9.0/System.Core.dll /reference:/usr/share/dotnet/packs/Microsoft.NETCore.App.Ref/9.0.9/ref/net9.0/System.Data.Common.dll /reference:/usr/share/dotnet/packs/Microsoft.NETCore.App.Ref/9.0.9/ref/net9.0/System.Data.DataSetExtensions.dll /reference:/usr/share/dotnet/packs/Microsoft.NETCore.App.Ref/9.0.9/ref/net9.0/System.Data.dll /reference:/usr/share/dotnet/packs/Microsoft.NETCore.App.Ref/9.0.9/ref/net9.0/System.Diagnostics.Contracts.dll /reference:/usr/share/dotnet/packs/Microsoft.NETCore.App.Ref/9.0.9/ref/net9.0/System.Diagnostics.Debug.dll /reference:/usr/share/dotnet/packs/Microsoft.NETCore.App.Ref/9.0.9/ref/net9.0/System.Diagnostics.DiagnosticSource.dll /reference:/home/quasar/.nuget/packages/microsoft.aspnetcore.app.ref/9.0.9/ref/net9.0/System.Diagnostics.EventLog.dll /reference:/usr/share/dotnet/packs/Microsoft.NETCore.App.Ref/9.0.9/ref/net9.0/System.Diagnostics.FileVersionInfo.dll /reference:/usr/share/dotnet/packs/Microsoft.NETCore.App.Ref/9.0.9/ref/net9.0/System.Diagnostics.Process.dll /reference:/usr/share/dotnet/packs/Microsoft.NETCore.App.Ref/9.0.9/ref/net9.0/System.Diagnostics.StackTrace.dll /reference:/usr/share/dotnet/packs/Microsoft.NETCore.App.Ref/9.0.9/ref/net9.0/System.Diagnostics.TextWriterTraceListener.dll /reference:/usr/share/dotnet/packs/Microsoft.NETCore.App.Ref/9.0.9/ref/net9.0/System.Diagnostics.Tools.dll /reference:/usr/share/dotnet/packs/Microsoft.NETCore.App.Ref/9.0.9/ref/net9.0/System.Diagnostics.TraceSource.dll /reference:/usr/share/dotnet/packs/Microsoft.NETCore.App.Ref/9.0.9/ref/net9.0/System.Diagnostics.Tracing.dll /reference:/usr/share/dotnet/packs/Microsoft.NETCore.App.Ref/9.0.9/ref/net9.0/System.dll /reference:/usr/share/dotnet/packs/Microsoft.NETCore.App.Ref/9.0.9/ref/net9.0/System.Drawing.dll /reference:/usr/share/dotnet/packs/Microsoft.NETCore.App.Ref/9.0.9/ref/net9.0/System.Drawing.Primitives.dll /reference:/usr/share/dotnet/packs/Microsoft.NETCore.App.Ref/9.0.9/ref/net9.0/System.Dynamic.Runtime.dll /reference:/usr/share/dotnet/packs/Microsoft.NETCore.App.Ref/9.0.9/ref/net9.0/System.Formats.Asn1.dll /reference:/usr/share/dotnet/packs/Microsoft.NETCore.App.Ref/9.0.9/ref/net9.0/System.Formats.Tar.dll /reference:/usr/share/dotnet/packs/Microsoft.NETCore.App.Ref/9.0.9/ref/net9.0/System.Globalization.Calendars.dll /reference:/usr/share/dotnet/packs/Microsoft.NETCore.App.Ref/9.0.9/ref/net9.0/System.Globalization.dll /reference:/usr/share/dotnet/packs/Microsoft.NETCore.App.Ref/9.0.9/ref/net9.0/System.Globalization.Extensions.dll /reference:/home/quasar/.nuget/packages/system.identitymodel.tokens.jwt/8.14.0/lib/net9.0/System.IdentityModel.Tokens.Jwt.dll /reference:/usr/share/dotnet/packs/Microsoft.NETCore.App.Ref/9.0.9/ref/net9.0/System.IO.Compression.Brotli.dll /reference:/usr/share/dotnet/packs/Microsoft.NETCore.App.Ref/9.0.9/ref/net9.0/System.IO.Compression.dll /reference:/usr/share/dotnet/packs/Microsoft.NETCore.App.Ref/9.0.9/ref/net9.0/System.IO.Compression.FileSystem.dll /reference:/usr/share/dotnet/packs/Microsoft.NETCore.App.Ref/9.0.9/ref/net9.0/System.IO.Compression.ZipFile.dll /reference:/usr/share/dotnet/packs/Microsoft.NETCore.App.Ref/9.0.9/ref/net9.0/System.IO.dll /reference:/usr/share/dotnet/packs/Microsoft.NETCore.App.Ref/9.0.9/ref/net9.0/System.IO.FileSystem.AccessControl.dll /reference:/usr/share/dotnet/packs/Microsoft.NETCore.App.Ref/9.0.9/ref/net9.0/System.IO.FileSystem.dll /reference:/usr/share/dotnet/packs/Microsoft.NETCore.App.Ref/9.0.9/ref/net9.0/System.IO.FileSystem.DriveInfo.dll /reference:/usr/share/dotnet/packs/Microsoft.NETCore.App.Ref/9.0.9/ref/net9.0/System.IO.FileSystem.Primitives.dll /reference:/usr/share/dotnet/packs/Microsoft.NETCore.App.Ref/9.0.9/ref/net9.0/System.IO.FileSystem.Watcher.dll /reference:/usr/share/dotnet/packs/Microsoft.NETCore.App.Ref/9.0.9/ref/net9.0/System.IO.IsolatedStorage.dll /reference:/usr/share/dotnet/packs/Microsoft.NETCore.App.Ref/9.0.9/ref/net9.0/System.IO.MemoryMappedFiles.dll /reference:/usr/share/dotnet/packs/Microsoft.NETCore.App.Ref/9.0.9/ref/net9.0/System.IO.Pipelines.dll /reference:/usr/share/dotnet/packs/Microsoft.NETCore.App.Ref/9.0.9/ref/net9.0/System.IO.Pipes.AccessControl.dll /reference:/usr/share/dotnet/packs/Microsoft.NETCore.App.Ref/9.0.9/ref/net9.0/System.IO.Pipes.dll /reference:/usr/share/dotnet/packs/Microsoft.NETCore.App.Ref/9.0.9/ref/net9.0/System.IO.UnmanagedMemoryStream.dll /reference:/usr/share/dotnet/packs/Microsoft.NETCore.App.Ref/9.0.9/ref/net9.0/System.Linq.dll /reference:/usr/share/dotnet/packs/Microsoft.NETCore.App.Ref/9.0.9/ref/net9.0/System.Linq.Expressions.dll /reference:/usr/share/dotnet/packs/Microsoft.NETCore.App.Ref/9.0.9/ref/net9.0/System.Linq.Parallel.dll /reference:/usr/share/dotnet/packs/Microsoft.NETCore.App.Ref/9.0.9/ref/net9.0/System.Linq.Queryable.dll /reference:/usr/share/dotnet/packs/Microsoft.NETCore.App.Ref/9.0.9/ref/net9.0/System.Memory.dll /reference:/usr/share/dotnet/packs/Microsoft.NETCore.App.Ref/9.0.9/ref/net9.0/System.Net.dll /reference:/usr/share/dotnet/packs/Microsoft.NETCore.App.Ref/9.0.9/ref/net9.0/System.Net.Http.dll /reference:/usr/share/dotnet/packs/Microsoft.NETCore.App.Ref/9.0.9/ref/net9.0/System.Net.Http.Json.dll /reference:/usr/share/dotnet/packs/Microsoft.NETCore.App.Ref/9.0.9/ref/net9.0/System.Net.HttpListener.dll /reference:/usr/share/dotnet/packs/Microsoft.NETCore.App.Ref/9.0.9/ref/net9.0/System.Net.Mail.dll /reference:/usr/share/dotnet/packs/Microsoft.NETCore.App.Ref/9.0.9/ref/net9.0/System.Net.NameResolution.dll /reference:/usr/share/dotnet/packs/Microsoft.NETCore.App.Ref/9.0.9/ref/net9.0/System.Net.NetworkInformation.dll /reference:/usr/share/dotnet/packs/Microsoft.NETCore.App.Ref/9.0.9/ref/net9.0/System.Net.Ping.dll /reference:/usr/share/dotnet/packs/Microsoft.NETCore.App.Ref/9.0.9/ref/net9.0/System.Net.Primitives.dll /reference:/usr/share/dotnet/packs/Microsoft.NETCore.App.Ref/9.0.9/ref/net9.0/System.Net.Quic.dll /reference:/usr/share/dotnet/packs/Microsoft.NETCore.App.Ref/9.0.9/ref/net9.0/System.Net.Requests.dll /reference:/usr/share/dotnet/packs/Microsoft.NETCore.App.Ref/9.0.9/ref/net9.0/System.Net.Security.dll /reference:/usr/share/dotnet/packs/Microsoft.NETCore.App.Ref/9.0.9/ref/net9.0/System.Net.ServicePoint.dll /reference:/usr/share/dotnet/packs/Microsoft.NETCore.App.Ref/9.0.9/ref/net9.0/System.Net.Sockets.dll /reference:/usr/share/dotnet/packs/Microsoft.NETCore.App.Ref/9.0.9/ref/net9.0/System.Net.WebClient.dll /reference:/usr/share/dotnet/packs/Microsoft.NETCore.App.Ref/9.0.9/ref/net9.0/System.Net.WebHeaderCollection.dll /reference:/usr/share/dotnet/packs/Microsoft.NETCore.App.Ref/9.0.9/ref/net9.0/System.Net.WebProxy.dll /reference:/usr/share/dotnet/packs/Microsoft.NETCore.App.Ref/9.0.9/ref/net9.0/System.Net.WebSockets.Client.dll /reference:/usr/share/dotnet/packs/Microsoft.NETCore.App.Ref/9.0.9/ref/net9.0/System.Net.WebSockets.dll /reference:/usr/share/dotnet/packs/Microsoft.NETCore.App.Ref/9.0.9/ref/net9.0/System.Numerics.dll /reference:/usr/share/dotnet/packs/Microsoft.NETCore.App.Ref/9.0.9/ref/net9.0/System.Numerics.Vectors.dll /reference:/usr/share/dotnet/packs/Microsoft.NETCore.App.Ref/9.0.9/ref/net9.0/System.ObjectModel.dll /reference:/usr/share/dotnet/packs/Microsoft.NETCore.App.Ref/9.0.9/ref/net9.0/System.Reflection.DispatchProxy.dll /reference:/usr/share/dotnet/packs/Microsoft.NETCore.App.Ref/9.0.9/ref/net9.0/System.Reflection.dll /reference:/usr/share/dotnet/packs/Microsoft.NETCore.App.Ref/9.0.9/ref/net9.0/System.Reflection.Emit.dll /reference:/usr/share/dotnet/packs/Microsoft.NETCore.App.Ref/9.0.9/ref/net9.0/System.Reflection.Emit.ILGeneration.dll /reference:/usr/share/dotnet/packs/Microsoft.NETCore.App.Ref/9.0.9/ref/net9.0/System.Reflection.Emit.Lightweight.dll /reference:/usr/share/dotnet/packs/Microsoft.NETCore.App.Ref/9.0.9/ref/net9.0/System.Reflection.Extensions.dll /reference:/usr/share/dotnet/packs/Microsoft.NETCore.App.Ref/9.0.9/ref/net9.0/System.Reflection.Metadata.dll /reference:/usr/share/dotnet/packs/Microsoft.NETCore.App.Ref/9.0.9/ref/net9.0/System.Reflection.Primitives.dll /reference:/usr/share/dotnet/packs/Microsoft.NETCore.App.Ref/9.0.9/ref/net9.0/System.Reflection.TypeExtensions.dll /reference:/usr/share/dotnet/packs/Microsoft.NETCore.App.Ref/9.0.9/ref/net9.0/System.Resources.Reader.dll /reference:/usr/share/dotnet/packs/Microsoft.NETCore.App.Ref/9.0.9/ref/net9.0/System.Resources.ResourceManager.dll /reference:/usr/share/dotnet/packs/Microsoft.NETCore.App.Ref/9.0.9/ref/net9.0/System.Resources.Writer.dll /reference:/usr/share/dotnet/packs/Microsoft.NETCore.App.Ref/9.0.9/ref/net9.0/System.Runtime.CompilerServices.Unsafe.dll /reference:/usr/share/dotnet/packs/Microsoft.NETCore.App.Ref/9.0.9/ref/net9.0/System.Runtime.CompilerServices.VisualC.dll /reference:/usr/share/dotnet/packs/Microsoft.NETCore.App.Ref/9.0.9/ref/net9.0/System.Runtime.dll /reference:/usr/share/dotnet/packs/Microsoft.NETCore.App.Ref/9.0.9/ref/net9.0/System.Runtime.Extensions.dll /reference:/usr/share/dotnet/packs/Microsoft.NETCore.App.Ref/9.0.9/ref/net9.0/System.Runtime.Handles.dll /reference:/usr/share/dotnet/packs/Microsoft.NETCore.App.Ref/9.0.9/ref/net9.0/System.Runtime.InteropServices.dll /reference:/usr/share/dotnet/packs/Microsoft.NETCore.App.Ref/9.0.9/ref/net9.0/System.Runtime.InteropServices.JavaScript.dll /reference:/usr/share/dotnet/packs/Microsoft.NETCore.App.Ref/9.0.9/ref/net9.0/System.Runtime.InteropServices.RuntimeInformation.dll /reference:/usr/share/dotnet/packs/Microsoft.NETCore.App.Ref/9.0.9/ref/net9.0/System.Runtime.Intrinsics.dll /reference:/usr/share/dotnet/packs/Microsoft.NETCore.App.Ref/9.0.9/ref/net9.0/System.Runtime.Loader.dll /reference:/usr/share/dotnet/packs/Microsoft.NETCore.App.Ref/9.0.9/ref/net9.0/System.Runtime.Numerics.dll /reference:/usr/share/dotnet/packs/Microsoft.NETCore.App.Ref/9.0.9/ref/net9.0/System.Runtime.Serialization.dll /reference:/usr/share/dotnet/packs/Microsoft.NETCore.App.Ref/9.0.9/ref/net9.0/System.Runtime.Serialization.Formatters.dll /reference:/usr/share/dotnet/packs/Microsoft.NETCore.App.Ref/9.0.9/ref/net9.0/System.Runtime.Serialization.Json.dll /reference:/usr/share/dotnet/packs/Microsoft.NETCore.App.Ref/9.0.9/ref/net9.0/System.Runtime.Serialization.Primitives.dll /reference:/usr/share/dotnet/packs/Microsoft.NETCore.App.Ref/9.0.9/ref/net9.0/System.Runtime.Serialization.Xml.dll /reference:/usr/share/dotnet/packs/Microsoft.NETCore.App.Ref/9.0.9/ref/net9.0/System.Security.AccessControl.dll /reference:/usr/share/dotnet/packs/Microsoft.NETCore.App.Ref/9.0.9/ref/net9.0/System.Security.Claims.dll /reference:/usr/share/dotnet/packs/Microsoft.NETCore.App.Ref/9.0.9/ref/net9.0/System.Security.Cryptography.Algorithms.dll /reference:/usr/share/dotnet/packs/Microsoft.NETCore.App.Ref/9.0.9/ref/net9.0/System.Security.Cryptography.Cng.dll /reference:/usr/share/dotnet/packs/Microsoft.NETCore.App.Ref/9.0.9/ref/net9.0/System.Security.Cryptography.Csp.dll /reference:/usr/share/dotnet/packs/Microsoft.NETCore.App.Ref/9.0.9/ref/net9.0/System.Security.Cryptography.dll /reference:/usr/share/dotnet/packs/Microsoft.NETCore.App.Ref/9.0.9/ref/net9.0/System.Security.Cryptography.Encoding.dll /reference:/usr/share/dotnet/packs/Microsoft.NETCore.App.Ref/9.0.9/ref/net9.0/System.Security.Cryptography.OpenSsl.dll /reference:/usr/share/dotnet/packs/Microsoft.NETCore.App.Ref/9.0.9/ref/net9.0/System.Security.Cryptography.Primitives.dll /reference:/usr/share/dotnet/packs/Microsoft.NETCore.App.Ref/9.0.9/ref/net9.0/System.Security.Cryptography.X509Certificates.dll /reference:/home/quasar/.nuget/packages/microsoft.aspnetcore.app.ref/9.0.9/ref/net9.0/System.Security.Cryptography.Xml.dll /reference:/usr/share/dotnet/packs/Microsoft.NETCore.App.Ref/9.0.9/ref/net9.0/System.Security.dll /reference:/usr/share/dotnet/packs/Microsoft.NETCore.App.Ref/9.0.9/ref/net9.0/System.Security.Principal.dll /reference:/usr/share/dotnet/packs/Microsoft.NETCore.App.Ref/9.0.9/ref/net9.0/System.Security.Principal.Windows.dll /reference:/usr/share/dotnet/packs/Microsoft.NETCore.App.Ref/9.0.9/ref/net9.0/System.Security.SecureString.dll /reference:/usr/share/dotnet/packs/Microsoft.NETCore.App.Ref/9.0.9/ref/net9.0/System.ServiceModel.Web.dll /reference:/usr/share/dotnet/packs/Microsoft.NETCore.App.Ref/9.0.9/ref/net9.0/System.ServiceProcess.dll /reference:/usr/share/dotnet/packs/Microsoft.NETCore.App.Ref/9.0.9/ref/net9.0/System.Text.Encoding.CodePages.dll /reference:/usr/share/dotnet/packs/Microsoft.NETCore.App.Ref/9.0.9/ref/net9.0/System.Text.Encoding.dll /reference:/usr/share/dotnet/packs/Microsoft.NETCore.App.Ref/9.0.9/ref/net9.0/System.Text.Encoding.Extensions.dll /reference:/usr/share/dotnet/packs/Microsoft.NETCore.App.Ref/9.0.9/ref/net9.0/System.Text.Encodings.Web.dll /reference:/usr/share/dotnet/packs/Microsoft.NETCore.App.Ref/9.0.9/ref/net9.0/System.Text.Json.dll /reference:/usr/share/dotnet/packs/Microsoft.NETCore.App.Ref/9.0.9/ref/net9.0/System.Text.RegularExpressions.dll /reference:/usr/share/dotnet/packs/Microsoft.NETCore.App.Ref/9.0.9/ref/net9.0/System.Threading.Channels.dll /reference:/usr/share/dotnet/packs/Microsoft.NETCore.App.Ref/9.0.9/ref/net9.0/System.Threading.dll /reference:/usr/share/dotnet/packs/Microsoft.NETCore.App.Ref/9.0.9/ref/net9.0/System.Threading.Overlapped.dll /reference:/home/quasar/.nuget/packages/microsoft.aspnetcore.app.ref/9.0.9/ref/net9.0/System.Threading.RateLimiting.dll /reference:/usr/share/dotnet/packs/Microsoft.NETCore.App.Ref/9.0.9/ref/net9.0/System.Threading.Tasks.Dataflow.dll /reference:/usr/share/dotnet/packs/Microsoft.NETCore.App.Ref/9.0.9/ref/net9.0/System.Threading.Tasks.dll /reference:/usr/share/dotnet/packs/Microsoft.NETCore.App.Ref/9.0.9/ref/net9.0/System.Threading.Tasks.Extensions.dll /reference:/usr/share/dotnet/packs/Microsoft.NETCore.App.Ref/9.0.9/ref/net9.0/System.Threading.Tasks.Parallel.dll /reference:/usr/share/dotnet/packs/Microsoft.NETCore.App.Ref/9.0.9/ref/net9.0/System.Threading.Thread.dll /reference:/usr/share/dotnet/packs/Microsoft.NETCore.App.Ref/9.0.9/ref/net9.0/System.Threading.ThreadPool.dll /reference:/usr/share/dotnet/packs/Microsoft.NETCore.App.Ref/9.0.9/ref/net9.0/System.Threading.Timer.dll /reference:/usr/share/dotnet/packs/Microsoft.NETCore.App.Ref/9.0.9/ref/net9.0/System.Transactions.dll /reference:/usr/share/dotnet/packs/Microsoft.NETCore.App.Ref/9.0.9/ref/net9.0/System.Transactions.Local.dll /reference:/usr/share/dotnet/packs/Microsoft.NETCore.App.Ref/9.0.9/ref/net9.0/System.ValueTuple.dll /reference:/usr/share/dotnet/packs/Microsoft.NETCore.App.Ref/9.0.9/ref/net9.0/System.Web.dll /reference:/usr/share/dotnet/packs/Microsoft.NETCore.App.Ref/9.0.9/ref/net9.0/System.Web.HttpUtility.dll /reference:/usr/share/dotnet/packs/Microsoft.NETCore.App.Ref/9.0.9/ref/net9.0/System.Windows.dll /reference:/usr/share/dotnet/packs/Microsoft.NETCore.App.Ref/9.0.9/ref/net9.0/System.Xml.dll /reference:/usr/share/dotnet/packs/Microsoft.NETCore.App.Ref/9.0.9/ref/net9.0/System.Xml.Linq.dll /reference:/usr/share/dotnet/packs/Microsoft.NETCore.App.Ref/9.0.9/ref/net9.0/System.Xml.ReaderWriter.dll /reference:/usr/share/dotnet/packs/Microsoft.NETCore.App.Ref/9.0.9/ref/net9.0/System.Xml.Serialization.dll /reference:/usr/share/dotnet/packs/Microsoft.NETCore.App.Ref/9.0.9/ref/net9.0/System.Xml.XDocument.dll /reference:/usr/share/dotnet/packs/Microsoft.NETCore.App.Ref/9.0.9/ref/net9.0/System.Xml.XmlDocument.dll /reference:/usr/share/dotnet/packs/Microsoft.NETCore.App.Ref/9.0.9/ref/net9.0/System.Xml.XmlSerializer.dll /reference:/usr/share/dotnet/packs/Microsoft.NETCore.App.Ref/9.0.9/ref/net9.0/System.Xml.XPath.dll /reference:/usr/share/dotnet/packs/Microsoft.NETCore.App.Ref/9.0.9/ref/net9.0/System.Xml.XPath.XDocument.dll /reference:/home/quasar/.nuget/packages/microsoft.testplatform.testhost/17.12.0/lib/netcoreapp3.1/testhost.dll /reference:/home/quasar/src/hackyeah/HackYeah2025-Hackaton/backend/UknfCommunicationPlatform.Api/obj/Release/net9.0/ref/UknfCommunicationPlatform.Api.dll /reference:/home/quasar/src/hackyeah/HackYeah2025-Hackaton/backend/UknfCommunicationPlatform.Core/obj/Release/net9.0/ref/UknfCommunicationPlatform.Core.dll /reference:/home/quasar/src/hackyeah/HackYeah2025-Hackaton/backend/UknfCommunicationPlatform.Infrastructure/obj/Release/net9.0/ref/UknfCommunicationPlatform.Infrastructure.dll /reference:/usr/share/dotnet/packs/Microsoft.NETCore.App.Ref/9.0.9/ref/net9.0/WindowsBase.dll /reference:/home/quasar/.nuget/packages/xunit.abstractions/2.0.3/lib/netstandard2.0/xunit.abstractions.dll /reference:/home/quasar/.nuget/packages/xunit.assert/2.9.2/lib/net6.0/xunit.assert.dll /reference:/home/quasar/.nuget/packages/xunit.extensibility.core/2.9.2/lib/netstandard1.1/xunit.core.dll /reference:/home/quasar/.nuget/packages/xunit.extensibility.execution/2.9.2/lib/netstandard1.1/xunit.execution.dotnet.dll /debug+ /debug:portable /filealign:512 /optimize+ /out:obj/Release/net9.0/UknfCommunicationPlatform.Tests.Integration.dll /refout:obj/Release/net9.0/refint/UknfCommunicationPlatform.Tests.Integration.dll /target:exe /warnaserror- /utf8output /deterministic+ /sourcelink:obj/Release/net9.0/UknfCommunicationPlatform.Tests.Integration.sourcelink.json /langversion:13.0 /embed:/home/quasar/.nuget/packages/microsoft.net.test.sdk/17.12.0/build/netcoreapp3.1/Microsoft.NET.Test.Sdk.Program.cs /embed:obj/Release/net9.0/UknfCommunicationPlatform.Tests.Integration.GlobalUsings.g.cs /embed:"obj/Release/net9.0/.NETCoreApp,Version=v9.0.AssemblyAttributes.cs" /embed:obj/Release/net9.0/UknfCommunicationPlatform.Tests.Integration.AssemblyInfo.cs /analyzerconfig:obj/Release/net9.0/UknfCommunicationPlatform.Tests.Integration.GeneratedMSBuildEditorConfig.editorconfig /analyzerconfig:/usr/share/dotnet/sdk/9.0.110/Sdks/Microsoft.NET.Sdk/analyzers/build/config/analysislevel_9_default.globalconfig /analyzer:/usr/share/dotnet/sdk/9.0.110/Sdks/Microsoft.NET.Sdk/targets/../analyzers/Microsoft.CodeAnalysis.CSharp.NetAnalyzers.dll /analyzer:/usr/share/dotnet/sdk/9.0.110/Sdks/Microsoft.NET.Sdk/targets/../analyzers/Microsoft.CodeAnalysis.NetAnalyzers.dll /analyzer:/home/quasar/.nuget/packages/microsoft.entityframeworkcore.analyzers/9.0.0/analyzers/dotnet/cs/Microsoft.EntityFrameworkCore.Analyzers.dll /analyzer:/home/quasar/.nuget/packages/xunit.analyzers/1.16.0/analyzers/dotnet/cs/xunit.analyzers.dll /analyzer:/home/quasar/.nuget/packages/xunit.analyzers/1.16.0/analyzers/dotnet/cs/xunit.analyzers.fixes.dll /analyzer:/usr/share/dotnet/packs/Microsoft.NETCore.App.Ref/9.0.9/analyzers/dotnet/cs/Microsoft.Interop.ComInterfaceGenerator.dll /analyzer:/usr/share/dotnet/packs/Microsoft.NETCore.App.Ref/9.0.9/analyzers/dotnet/cs/Microsoft.Interop.JavaScript.JSImportGenerator.dll /analyzer:/usr/share/dotnet/packs/Microsoft.NETCore.App.Ref/9.0.9/analyzers/dotnet/cs/Microsoft.Interop.LibraryImportGenerator.dll /analyzer:/usr/share/dotnet/packs/Microsoft.NETCore.App.Ref/9.0.9/analyzers/dotnet/cs/Microsoft.Interop.SourceGeneration.dll /analyzer:/usr/share/dotnet/packs/Microsoft.NETCore.App.Ref/9.0.9/analyzers/dotnet/cs/System.Text.Json.SourceGeneration.dll /analyzer:/usr/share/dotnet/packs/Microsoft.NETCore.App.Ref/9.0.9/analyzers/dotnet/cs/System.Text.RegularExpressions.Generator.dll /analyzer:/home/quasar/.nuget/packages/microsoft.aspnetcore.app.ref/9.0.9/analyzers/dotnet/cs/Microsoft.AspNetCore.App.Analyzers.dll /analyzer:/home/quasar/.nuget/packages/microsoft.aspnetcore.app.ref/9.0.9/analyzers/dotnet/cs/Microsoft.AspNetCore.App.CodeFixes.dll /analyzer:/home/quasar/.nuget/packages/microsoft.aspnetcore.app.ref/9.0.9/analyzers/dotnet/cs/Microsoft.AspNetCore.Components.Analyzers.dll /analyzer:/home/quasar/.nuget/packages/microsoft.aspnetcore.app.ref/9.0.9/analyzers/dotnet/roslyn4.4/cs/Microsoft.Extensions.Logging.Generators.dll /analyzer:/home/quasar/.nuget/packages/microsoft.aspnetcore.app.ref/9.0.9/analyzers/dotnet/roslyn4.4/cs/Microsoft.Extensions.Options.SourceGeneration.dll Controllers/AnnouncementsControllerTests.cs Controllers/AuthControllerTests.cs Controllers/DataEndpointsTests.cs DatabaseCollection.cs MessageIntegrationTests.cs SupervisedEntityIntegrationTests.cs TestDatabaseFixture.cs UnitTest1.cs /home/quasar/.nuget/packages/microsoft.net.test.sdk/17.12.0/build/netcoreapp3.1/Microsoft.NET.Test.Sdk.Program.cs obj/Release/net9.0/UknfCommunicationPlatform.Tests.Integration.GlobalUsings.g.cs "obj/Release/net9.0/.NETCoreApp,Version=v9.0.AssemblyAttributes.cs" obj/Release/net9.0/UknfCommunicationPlatform.Tests.Integration.AssemblyInfo.cs /warnaserror+:NU1605,SYSLIB0011
     1>/home/quasar/src/hackyeah/HackYeah2025-Hackaton/backend/UknfCommunicationPlatform.Tests.Integration/Controllers/AnnouncementsControllerTests.cs(340,41): error CS1061: 'DbSet<User>' does not contain a definition for 'FirstOrDefaultAsync' and no accessible extension method 'FirstOrDefaultAsync' accepting a first argument of type 'DbSet<User>' could be found (are you missing a using directive or an assembly reference?) [/home/quasar/src/hackyeah/HackYeah2025-Hackaton/backend/UknfCommunicationPlatform.Tests.Integration/UknfCommunicationPlatform.Tests.Integration.csproj]
     1>/home/quasar/src/hackyeah/HackYeah2025-Hackaton/backend/UknfCommunicationPlatform.Tests.Integration/Controllers/AnnouncementsControllerTests.cs(341,44): error CS1061: 'DbSet<User>' does not contain a definition for 'FirstAsync' and no accessible extension method 'FirstAsync' accepting a first argument of type 'DbSet<User>' could be found (are you missing a using directive or an assembly reference?) [/home/quasar/src/hackyeah/HackYeah2025-Hackaton/backend/UknfCommunicationPlatform.Tests.Integration/UknfCommunicationPlatform.Tests.Integration.csproj]
     1>/home/quasar/src/hackyeah/HackYeah2025-Hackaton/backend/UknfCommunicationPlatform.Tests.Integration/Controllers/AnnouncementsControllerTests.cs(343,43): error CS1061: 'DbSet<User>' does not contain a definition for 'FirstOrDefaultAsync' and no accessible extension method 'FirstOrDefaultAsync' accepting a first argument of type 'DbSet<User>' could be found (are you missing a using directive or an assembly reference?) [/home/quasar/src/hackyeah/HackYeah2025-Hackaton/backend/UknfCommunicationPlatform.Tests.Integration/UknfCommunicationPlatform.Tests.Integration.csproj]
         CompilerServer: server - server processed compilation - UknfCommunicationPlatform.Tests.Integration (net9.0)
     1>Done Building Project "/home/quasar/src/hackyeah/HackYeah2025-Hackaton/backend/UknfCommunicationPlatform.Tests.Integration/UknfCommunicationPlatform.Tests.Integration.csproj" (default targets) -- FAILED.
     1>Done Building Project "/home/quasar/src/hackyeah/HackYeah2025-Hackaton/backend/UknfCommunicationPlatform.Tests.Integration/UknfCommunicationPlatform.Tests.Integration.csproj" (VSTest target(s)) -- FAILED.

Build FAILED.

       "/home/quasar/src/hackyeah/HackYeah2025-Hackaton/backend/UknfCommunicationPlatform.Tests.Integration/UknfCommunicationPlatform.Tests.Integration.csproj" (VSTest target) (1:7) ->
       "/home/quasar/src/hackyeah/HackYeah2025-Hackaton/backend/UknfCommunicationPlatform.Tests.Integration/UknfCommunicationPlatform.Tests.Integration.csproj" (default target) (1:8) ->
       (CoreCompile target) -> 
         /home/quasar/src/hackyeah/HackYeah2025-Hackaton/backend/UknfCommunicationPlatform.Tests.Integration/Controllers/AnnouncementsControllerTests.cs(340,41): error CS1061: 'DbSet<User>' does not contain a definition for 'FirstOrDefaultAsync' and no accessible extension method 'FirstOrDefaultAsync' accepting a first argument of type 'DbSet<User>' could be found (are you missing a using directive or an assembly reference?) [/home/quasar/src/hackyeah/HackYeah2025-Hackaton/backend/UknfCommunicationPlatform.Tests.Integration/UknfCommunicationPlatform.Tests.Integration.csproj]
         /home/quasar/src/hackyeah/HackYeah2025-Hackaton/backend/UknfCommunicationPlatform.Tests.Integration/Controllers/AnnouncementsControllerTests.cs(341,44): error CS1061: 'DbSet<User>' does not contain a definition for 'FirstAsync' and no accessible extension method 'FirstAsync' accepting a first argument of type 'DbSet<User>' could be found (are you missing a using directive or an assembly reference?) [/home/quasar/src/hackyeah/HackYeah2025-Hackaton/backend/UknfCommunicationPlatform.Tests.Integration/UknfCommunicationPlatform.Tests.Integration.csproj]
         /home/quasar/src/hackyeah/HackYeah2025-Hackaton/backend/UknfCommunicationPlatform.Tests.Integration/Controllers/AnnouncementsControllerTests.cs(343,43): error CS1061: 'DbSet<User>' does not contain a definition for 'FirstOrDefaultAsync' and no accessible extension method 'FirstOrDefaultAsync' accepting a first argument of type 'DbSet<User>' could be found (are you missing a using directive or an assembly reference?) [/home/quasar/src/hackyeah/HackYeah2025-Hackaton/backend/UknfCommunicationPlatform.Tests.Integration/UknfCommunicationPlatform.Tests.Integration.csproj]

    0 Warning(s)
    3 Error(s)

Time Elapsed 00:00:02.44

[1;33mâš  No integration tests found![0m

[0;34mâ”â”â”â”â”â”â”â”â”â”â”â”â”â”â”â”â”â”â”â”â”â”â”â”â”â”â”â”â”â”â”â”â”â”â”â”â”â”â”â”â”â”â”â”â”â”â”â”â”â”â”â”â”â”â”â”â”â”[0m
[0;34m  Test Summary[0m
[0;34mâ”â”â”â”â”â”â”â”â”â”â”â”â”â”â”â”â”â”â”â”â”â”â”â”â”â”â”â”â”â”â”â”â”â”â”â”â”â”â”â”â”â”â”â”â”â”â”â”â”â”â”â”â”â”â”â”â”â”[0m

  Backend Unit Tests:        [0;32mâœ“ PASSED[0m (188/188 tests)
  Backend Integration Tests: [1;33mâš  NO TESTS FOUND[0m

  Total Tests:               188
  Passed:                    [0;32m188[0m
  Failed:                    0

[0;32mâ•”â•â•â•â•â•â•â•â•â•â•â•â•â•â•â•â•â•â•â•â•â•â•â•â•â•â•â•â•â•â•â•â•â•â•â•â•â•â•â•â•â•â•â•â•â•â•â•â•â•â•â•â•â•â•â•â•â•â•â•â•â•—[0m
[0;32mâ•‘  All tests PASSED! âœ“                                       â•‘[0m
[0;32mâ•šâ•â•â•â•â•â•â•â•â•â•â•â•â•â•â•â•â•â•â•â•â•â•â•â•â•â•â•â•â•â•â•â•â•â•â•â•â•â•â•â•â•â•â•â•â•â•â•â•â•â•â•â•â•â•â•â•â•â•â•â•â•[0m
