[0;34mâ•”â•â•â•â•â•â•â•â•â•â•â•â•â•â•â•â•â•â•â•â•â•â•â•â•â•â•â•â•â•â•â•â•â•â•â•â•â•â•â•â•â•â•â•â•â•â•â•â•â•â•â•â•â•â•â•â•â•â•â•â•â•—[0m
[0;34mâ•‘  UKNF Communication Platform - Backend Test Runner        â•‘[0m
[0;34mâ•šâ•â•â•â•â•â•â•â•â•â•â•â•â•â•â•â•â•â•â•â•â•â•â•â•â•â•â•â•â•â•â•â•â•â•â•â•â•â•â•â•â•â•â•â•â•â•â•â•â•â•â•â•â•â•â•â•â•â•â•â•â•[0m

[0;34mâ”â”â”â”â”â”â”â”â”â”â”â”â”â”â”â”â”â”â”â”â”â”â”â”â”â”â”â”â”â”â”â”â”â”â”â”â”â”â”â”â”â”â”â”â”â”â”â”â”â”â”â”â”â”â”â”â”â”[0m
[0;34m  Backend Tests (.NET)[0m
[0;34mâ”â”â”â”â”â”â”â”â”â”â”â”â”â”â”â”â”â”â”â”â”â”â”â”â”â”â”â”â”â”â”â”â”â”â”â”â”â”â”â”â”â”â”â”â”â”â”â”â”â”â”â”â”â”â”â”â”â”[0m

[1;33mâ–¶ Ensuring PostgreSQL test database is available...[0m
â”â”â”â”â”â”â”â”â”â”â”â”â”â”â”â”â”â”â”â”â”â”â”â”â”â”â”â”â”â”â”â”â”â”â”â”â”â”â”â”â”â”â”â”â”â”â”â”â”â”â”â”â”â”â”â”â”â”
  PostgreSQL Test Database Setup
â”â”â”â”â”â”â”â”â”â”â”â”â”â”â”â”â”â”â”â”â”â”â”â”â”â”â”â”â”â”â”â”â”â”â”â”â”â”â”â”â”â”â”â”â”â”â”â”â”â”â”â”â”â”â”â”â”â”

[0;32mâœ“ PostgreSQL is already running on localhost:5432[0m

[0;32mPostgreSQL test environment is ready![0m

Connection details:
  Host: localhost
  Port: 5432
  User: uknf_user

â”â”â”â”â”â”â”â”â”â”â”â”â”â”â”â”â”â”â”â”â”â”â”â”â”â”â”â”â”â”â”â”â”â”â”â”â”â”â”â”â”â”â”â”â”â”â”â”â”â”â”â”â”â”â”â”â”â”

[1;33mâ–¶ Running Backend Unit Tests...[0m

Build started 10/05/2025 08:07:05.
     1>Project "/home/quasar/src/hackyeah/HackYeah2025-Hackaton/backend/UknfCommunicationPlatform.Tests.Unit/UknfCommunicationPlatform.Tests.Unit.csproj" on node 1 (Restore target(s)).
     1>_GetAllRestoreProjectPathItems:
         Determining projects to restore...
       Restore:
         X.509 certificate chain validation will use the fallback certificate bundle at '/usr/share/dotnet/sdk/9.0.110/trustedroots/codesignctl.pem'.
         X.509 certificate chain validation will use the fallback certificate bundle at '/usr/share/dotnet/sdk/9.0.110/trustedroots/timestampctl.pem'.
         Assets file has not changed. Skipping assets file writing. Path: /home/quasar/src/hackyeah/HackYeah2025-Hackaton/backend/UknfCommunicationPlatform.Api/obj/project.assets.json
         Assets file has not changed. Skipping assets file writing. Path: /home/quasar/src/hackyeah/HackYeah2025-Hackaton/backend/UknfCommunicationPlatform.Core/obj/project.assets.json
         Assets file has not changed. Skipping assets file writing. Path: /home/quasar/src/hackyeah/HackYeah2025-Hackaton/backend/UknfCommunicationPlatform.Infrastructure/obj/project.assets.json
         Assets file has not changed. Skipping assets file writing. Path: /home/quasar/src/hackyeah/HackYeah2025-Hackaton/backend/UknfCommunicationPlatform.Tests.Unit/obj/project.assets.json
         Restored /home/quasar/src/hackyeah/HackYeah2025-Hackaton/backend/UknfCommunicationPlatform.Api/UknfCommunicationPlatform.Api.csproj (in 40 ms).
         Restored /home/quasar/src/hackyeah/HackYeah2025-Hackaton/backend/UknfCommunicationPlatform.Core/UknfCommunicationPlatform.Core.csproj (in 40 ms).
         Restored /home/quasar/src/hackyeah/HackYeah2025-Hackaton/backend/UknfCommunicationPlatform.Tests.Unit/UknfCommunicationPlatform.Tests.Unit.csproj (in 40 ms).
         Restored /home/quasar/src/hackyeah/HackYeah2025-Hackaton/backend/UknfCommunicationPlatform.Infrastructure/UknfCommunicationPlatform.Infrastructure.csproj (in 40 ms).
         
         NuGet Config files used:
             /home/quasar/.nuget/NuGet/NuGet.Config
         
         Feeds used:
             https://api.nuget.org/v3/index.json
         All projects are up-to-date for restore.
     1>Done Building Project "/home/quasar/src/hackyeah/HackYeah2025-Hackaton/backend/UknfCommunicationPlatform.Tests.Unit/UknfCommunicationPlatform.Tests.Unit.csproj" (Restore target(s)).
   1:7>Project "/home/quasar/src/hackyeah/HackYeah2025-Hackaton/backend/UknfCommunicationPlatform.Tests.Unit/UknfCommunicationPlatform.Tests.Unit.csproj" on node 3 (VSTest target(s)).
     1>BuildProject:
         Build started, please wait...
   1:7>Project "/home/quasar/src/hackyeah/HackYeah2025-Hackaton/backend/UknfCommunicationPlatform.Tests.Unit/UknfCommunicationPlatform.Tests.Unit.csproj" (1:7) is building "/home/quasar/src/hackyeah/HackYeah2025-Hackaton/backend/UknfCommunicationPlatform.Tests.Unit/UknfCommunicationPlatform.Tests.Unit.csproj" (1:8) on node 3 (default targets).
   1:8>Project "/home/quasar/src/hackyeah/HackYeah2025-Hackaton/backend/UknfCommunicationPlatform.Tests.Unit/UknfCommunicationPlatform.Tests.Unit.csproj" (1:8) is building "/home/quasar/src/hackyeah/HackYeah2025-Hackaton/backend/UknfCommunicationPlatform.Core/UknfCommunicationPlatform.Core.csproj" (4:8) on node 3 (default targets).
     4>GenerateTargetFrameworkMonikerAttribute:
       Skipping target "GenerateTargetFrameworkMonikerAttribute" because all output files are up-to-date with respect to the input files.
       CoreGenerateAssemblyInfo:
       Skipping target "CoreGenerateAssemblyInfo" because all output files are up-to-date with respect to the input files.
       _GenerateSourceLinkFile:
         Source Link file 'obj/Release/net9.0/UknfCommunicationPlatform.Core.sourcelink.json' is up-to-date.
       CoreCompile:
       Skipping target "CoreCompile" because all output files are up-to-date with respect to the input files.
       GenerateBuildDependencyFile:
       Skipping target "GenerateBuildDependencyFile" because all output files are up-to-date with respect to the input files.
       CopyFilesToOutputDirectory:
         UknfCommunicationPlatform.Core -> /home/quasar/src/hackyeah/HackYeah2025-Hackaton/backend/UknfCommunicationPlatform.Core/bin/Release/net9.0/UknfCommunicationPlatform.Core.dll
     4>Done Building Project "/home/quasar/src/hackyeah/HackYeah2025-Hackaton/backend/UknfCommunicationPlatform.Core/UknfCommunicationPlatform.Core.csproj" (default targets).
   1:8>Project "/home/quasar/src/hackyeah/HackYeah2025-Hackaton/backend/UknfCommunicationPlatform.Tests.Unit/UknfCommunicationPlatform.Tests.Unit.csproj" (1:8) is building "/home/quasar/src/hackyeah/HackYeah2025-Hackaton/backend/UknfCommunicationPlatform.Infrastructure/UknfCommunicationPlatform.Infrastructure.csproj" (3:7) on node 1 (default targets).
     3>GenerateTargetFrameworkMonikerAttribute:
       Skipping target "GenerateTargetFrameworkMonikerAttribute" because all output files are up-to-date with respect to the input files.
       CoreGenerateAssemblyInfo:
       Skipping target "CoreGenerateAssemblyInfo" because all output files are up-to-date with respect to the input files.
       _GenerateSourceLinkFile:
         Source Link file 'obj/Release/net9.0/UknfCommunicationPlatform.Infrastructure.sourcelink.json' is up-to-date.
       CoreCompile:
       Skipping target "CoreCompile" because all output files are up-to-date with respect to the input files.
       GenerateBuildDependencyFile:
       Skipping target "GenerateBuildDependencyFile" because all output files are up-to-date with respect to the input files.
       GenerateBuildRuntimeConfigurationFiles:
       Skipping target "GenerateBuildRuntimeConfigurationFiles" because all output files are up-to-date with respect to the input files.
       CopyFilesToOutputDirectory:
         UknfCommunicationPlatform.Infrastructure -> /home/quasar/src/hackyeah/HackYeah2025-Hackaton/backend/UknfCommunicationPlatform.Infrastructure/bin/Release/net9.0/UknfCommunicationPlatform.Infrastructure.dll
     3>Done Building Project "/home/quasar/src/hackyeah/HackYeah2025-Hackaton/backend/UknfCommunicationPlatform.Infrastructure/UknfCommunicationPlatform.Infrastructure.csproj" (default targets).
   1:8>Project "/home/quasar/src/hackyeah/HackYeah2025-Hackaton/backend/UknfCommunicationPlatform.Tests.Unit/UknfCommunicationPlatform.Tests.Unit.csproj" (1:8) is building "/home/quasar/src/hackyeah/HackYeah2025-Hackaton/backend/UknfCommunicationPlatform.Api/UknfCommunicationPlatform.Api.csproj" (2:6) on node 2 (default targets).
     2>GenerateTargetFrameworkMonikerAttribute:
       Skipping target "GenerateTargetFrameworkMonikerAttribute" because all output files are up-to-date with respect to the input files.
       CoreGenerateAssemblyInfo:
       Skipping target "CoreGenerateAssemblyInfo" because all output files are up-to-date with respect to the input files.
       _DiscoverMvcApplicationParts:
       Skipping target "_DiscoverMvcApplicationParts" because all output files are up-to-date with respect to the input files.
       _GenerateSourceLinkFile:
         Source Link file 'obj/Release/net9.0/UknfCommunicationPlatform.Api.sourcelink.json' is up-to-date.
       CoreCompile:
       Skipping target "CoreCompile" because all output files are up-to-date with respect to the input files.
       _CreateAppHost:
       Skipping target "_CreateAppHost" because all output files are up-to-date with respect to the input files.
       _ProcessScopedCssFiles:
       Skipping target "_ProcessScopedCssFiles" because it has no outputs.
       _ProcessScopedCssFiles:
       Skipping target "_ProcessScopedCssFiles" because it has no outputs.
       _BuildCopyStaticWebAssetsPreserveNewest:
       Skipping target "_BuildCopyStaticWebAssetsPreserveNewest" because it has no outputs.
       _CopyOutOfDateSourceItemsToOutputDirectory:
       Skipping target "_CopyOutOfDateSourceItemsToOutputDirectory" because all output files are up-to-date with respect to the input files.
       GenerateBuildDependencyFile:
       Skipping target "GenerateBuildDependencyFile" because all output files are up-to-date with respect to the input files.
       GenerateBuildRuntimeConfigurationFiles:
       Skipping target "GenerateBuildRuntimeConfigurationFiles" because all output files are up-to-date with respect to the input files.
       CopyFilesToOutputDirectory:
         UknfCommunicationPlatform.Api -> /home/quasar/src/hackyeah/HackYeah2025-Hackaton/backend/UknfCommunicationPlatform.Api/bin/Release/net9.0/UknfCommunicationPlatform.Api.dll
     2>Done Building Project "/home/quasar/src/hackyeah/HackYeah2025-Hackaton/backend/UknfCommunicationPlatform.Api/UknfCommunicationPlatform.Api.csproj" (default targets).
     1>GenerateTargetFrameworkMonikerAttribute:
       Skipping target "GenerateTargetFrameworkMonikerAttribute" because all output files are up-to-date with respect to the input files.
       CoreGenerateAssemblyInfo:
       Skipping target "CoreGenerateAssemblyInfo" because all output files are up-to-date with respect to the input files.
       _GenerateSourceLinkFile:
         Source Link file 'obj/Release/net9.0/UknfCommunicationPlatform.Tests.Unit.sourcelink.json' is up-to-date.
       CoreCompile:
       Skipping target "CoreCompile" because all output files are up-to-date with respect to the input files.
       _CopyOutOfDateSourceItemsToOutputDirectory:
       Building target "_CopyOutOfDateSourceItemsToOutputDirectory" partially, because some output files are out of date with respect to their input files.
         Copying file from "/home/quasar/src/hackyeah/HackYeah2025-Hackaton/backend/UknfCommunicationPlatform.Tests.Unit/obj/Release/net9.0/MvcTestingAppManifest.json" to "/home/quasar/src/hackyeah/HackYeah2025-Hackaton/backend/UknfCommunicationPlatform.Tests.Unit/bin/Release/net9.0/MvcTestingAppManifest.json".
       GenerateBuildDependencyFile:
       Skipping target "GenerateBuildDependencyFile" because all output files are up-to-date with respect to the input files.
       GenerateBuildRuntimeConfigurationFiles:
       Skipping target "GenerateBuildRuntimeConfigurationFiles" because all output files are up-to-date with respect to the input files.
       CopyFilesToOutputDirectory:
         UknfCommunicationPlatform.Tests.Unit -> /home/quasar/src/hackyeah/HackYeah2025-Hackaton/backend/UknfCommunicationPlatform.Tests.Unit/bin/Release/net9.0/UknfCommunicationPlatform.Tests.Unit.dll
       _MvcCopyDependencyFiles:
         Copying file from "/home/quasar/src/hackyeah/HackYeah2025-Hackaton/backend/UknfCommunicationPlatform.Api/bin/Release/net9.0/UknfCommunicationPlatform.Api.deps.json" to "/home/quasar/src/hackyeah/HackYeah2025-Hackaton/backend/UknfCommunicationPlatform.Tests.Unit/bin/Release/net9.0/UknfCommunicationPlatform.Api.deps.json".
         Copying file from "/home/quasar/src/hackyeah/HackYeah2025-Hackaton/backend/UknfCommunicationPlatform.Core/bin/Release/net9.0/UknfCommunicationPlatform.Core.deps.json" to "/home/quasar/src/hackyeah/HackYeah2025-Hackaton/backend/UknfCommunicationPlatform.Tests.Unit/bin/Release/net9.0/UknfCommunicationPlatform.Core.deps.json".
         Copying file from "/home/quasar/src/hackyeah/HackYeah2025-Hackaton/backend/UknfCommunicationPlatform.Infrastructure/bin/Release/net9.0/UknfCommunicationPlatform.Infrastructure.deps.json" to "/home/quasar/src/hackyeah/HackYeah2025-Hackaton/backend/UknfCommunicationPlatform.Tests.Unit/bin/Release/net9.0/UknfCommunicationPlatform.Infrastructure.deps.json".
     1>Done Building Project "/home/quasar/src/hackyeah/HackYeah2025-Hackaton/backend/UknfCommunicationPlatform.Tests.Unit/UknfCommunicationPlatform.Tests.Unit.csproj" (default targets).
     1>BuildProject:
         Build completed.
         
Test run for /home/quasar/src/hackyeah/HackYeah2025-Hackaton/backend/UknfCommunicationPlatform.Tests.Unit/bin/Release/net9.0/UknfCommunicationPlatform.Tests.Unit.dll (.NETCoreApp,Version=v9.0)
VSTest version 17.12.0 (x64)

Starting test execution, please wait...
A total of 1 test files matched the specified pattern.
[xUnit.net 00:00:00.00] xUnit.net VSTest Adapter v2.8.2+699d445a1a (64-bit .NET 9.0.9)
[xUnit.net 00:00:00.10]   Discovering: UknfCommunicationPlatform.Tests.Unit
[xUnit.net 00:00:00.19]   Discovered:  UknfCommunicationPlatform.Tests.Unit
[xUnit.net 00:00:00.19]   Starting:    UknfCommunicationPlatform.Tests.Unit
     Warning:
     The component "Fluent Assertions" is governed by the rules defined in the Xceed License Agreement and
     the Xceed Fluent Assertions Community License. You may use Fluent Assertions free of charge for
     non-commercial use only. An active subscription is required to use Fluent Assertions for commercial use.
     Please contact Xceed Sales mailto:sales@xceed.com to acquire a subscription at a very low cost.
     A paid commercial license supports the development and continued increasing support of
     Fluent Assertions users under both commercial and community licenses. Help us
     keep Fluent Assertions at the forefront of unit testing.
     For more information, visit https://xceed.com/products/unit-testing/fluent-assertions/
  Passed UknfCommunicationPlatform.Tests.Unit.Authorization.AuthorizationHandlerTests.MultipleRequirements_AllMustBeSatisfied [48 ms]
  Passed UknfCommunicationPlatform.Tests.Unit.Authorization.PermissionAuthorizationHandlerTests.HandleRequirementAsync_WithMatchingPermission_ShouldSucceed [49 ms]
  Passed UknfCommunicationPlatform.Tests.Unit.Authorization.RoleAuthorizationHandlerTests.HandleRequirementAsync_WithMatchingRole_ShouldSucceed [49 ms]
  Passed UknfCommunicationPlatform.Tests.Unit.Services.JwtServiceTests.GetUserIdFromToken_WithInvalidToken_ShouldReturnNull [56 ms]
  Passed UknfCommunicationPlatform.Tests.Unit.Authorization.EntityOwnershipAuthorizationHandlerTests.HandleRequirementAsync_WithAdministratorRole_ShouldSucceed [49 ms]
  Passed UknfCommunicationPlatform.Tests.Unit.Authorization.EntityOwnershipAuthorizationHandlerTests.HandleRequirementAsync_StrictMode_WithSupervisedEntityId_ShouldSucceed [2 ms]
  Passed UknfCommunicationPlatform.Tests.Unit.Authorization.RoleAuthorizationHandlerTests.HandleRequirementAsync_WithMultipleRoles_ShouldCheckCorrectly [2 ms]
  Passed UknfCommunicationPlatform.Tests.Unit.Authorization.AuthorizationHandlerTests.EntityOwnershipHandler_AdminUser_ShouldAlwaysSucceed [4 ms]
  Passed UknfCommunicationPlatform.Tests.Unit.Authorization.PermissionAuthorizationHandlerTests.HandleRequirementAsync_WithoutMatchingPermission_ShouldNotSucceed [4 ms]
  Passed UknfCommunicationPlatform.Tests.Unit.Authorization.EntityOwnershipAuthorizationHandlerTests.HandleRequirementAsync_StrictMode_InternalUserShouldNotSucceed [1 ms]
  Passed UknfCommunicationPlatform.Tests.Unit.Authorization.AuthorizationHandlerTests.EntityOwnershipHandler_ExternalUserWithDifferentEntity_ShouldFail [1 ms]
  Passed UknfCommunicationPlatform.Tests.Unit.Authorization.PermissionAuthorizationHandlerTests.HandleRequirementAsync_WithMultiplePermissions_ShouldCheckCorrectly [1 ms]
  Passed UknfCommunicationPlatform.Tests.Unit.Authorization.RoleAuthorizationHandlerTests.HandleRequirementAsync_WithNoRoles_ShouldNotSucceed [3 ms]
  Passed UknfCommunicationPlatform.Tests.Unit.Authorization.PermissionAuthorizationHandlerTests.HandleRequirementAsync_WithNoPermissions_ShouldNotSucceed [1 ms]
  Passed UknfCommunicationPlatform.Tests.Unit.Authorization.AuthorizationHandlerTests.PermissionAuthorizationHandler_WithRequiredPermission_ShouldSucceed [2 ms]
  Passed UknfCommunicationPlatform.Tests.Unit.Authorization.EntityOwnershipAuthorizationHandlerTests.HandleRequirementAsync_WithInternalUserRole_ShouldSucceed [4 ms]
  Passed UknfCommunicationPlatform.Tests.Unit.Validators.FileLibrary.FileLibraryUpdateMetadataRequestValidatorTests.Should_NotHaveError_When_AllFieldsAreProvided [72 ms]
  Passed UknfCommunicationPlatform.Tests.Unit.Authorization.RoleAuthorizationHandlerTests.HandleRequirementAsync_WithoutMatchingRole_ShouldNotSucceed [2 ms]
  Passed UknfCommunicationPlatform.Tests.Unit.Authorization.AuthorizationHandlerTests.PermissionAuthorizationHandler_WithMultiplePermissions_ShouldCheckCorrectOne [1 ms]
  Passed UknfCommunicationPlatform.Tests.Unit.Authorization.EntityOwnershipAuthorizationHandlerTests.HandleRequirementAsync_WithoutSupervisedEntityId_ShouldNotSucceed [1 ms]
  Passed UknfCommunicationPlatform.Tests.Unit.Authorization.AuthorizationHandlerTests.EntityOwnershipHandler_ExternalUserWithMatchingEntity_ShouldSucceed [1 ms]
  Passed UknfCommunicationPlatform.Tests.Unit.Authorization.EntityOwnershipAuthorizationHandlerTests.HandleRequirementAsync_WithSupervisedEntityId_ShouldSucceed [1 ms]
  Passed UknfCommunicationPlatform.Tests.Unit.Validators.FileLibrary.FileLibraryUpdateMetadataRequestValidatorTests.Should_NotHaveError_When_DescriptionIsEmptyString [2 ms]
  Passed UknfCommunicationPlatform.Tests.Unit.Authorization.AuthorizationHandlerTests.EntityOwnershipHandler_ExternalUserWithoutEntityId_ShouldFail [1 ms]
  Passed UknfCommunicationPlatform.Tests.Unit.Authorization.AuthorizationHandlerTests.RoleAuthorizationHandler_WithMultipleRoles_ShouldCheckCorrectOne [1 ms]
  Passed UknfCommunicationPlatform.Tests.Unit.Authorization.AuthorizationHandlerTests.EntityOwnershipHandler_InternalUser_ShouldAlwaysSucceedWhenAllowed [2 ms]
  Passed UknfCommunicationPlatform.Tests.Unit.Authorization.AuthorizationHandlerTests.RoleAuthorizationHandler_WithoutRequiredRole_ShouldFail [1 ms]
  Passed UknfCommunicationPlatform.Tests.Unit.Authorization.AuthorizationHandlerTests.AuthorizationHandler_WithUnauthenticatedUser_ShouldFail [1 ms]
  Passed UknfCommunicationPlatform.Tests.Unit.Authorization.AuthorizationHandlerTests.PermissionHandler_WithEmptyPermissionName_ShouldFail [1 ms]
  Passed UknfCommunicationPlatform.Tests.Unit.Authorization.AuthorizationHandlerTests.AuthorizationHandler_WithNullUser_ShouldFail [1 ms]
  Passed UknfCommunicationPlatform.Tests.Unit.Authorization.AuthorizationHandlerTests.MultipleRequirements_IfOneFails_OverallFails [1 ms]
  Passed UknfCommunicationPlatform.Tests.Unit.Authorization.AuthorizationHandlerTests.RoleAuthorizationHandler_WithRequiredRole_ShouldSucceed [1 ms]
  Passed UknfCommunicationPlatform.Tests.Unit.Authorization.AuthorizationHandlerTests.RoleHandler_WithCaseInsensitiveRole_ShouldSucceed [2 ms]
  Passed UknfCommunicationPlatform.Tests.Unit.Authorization.AuthorizationHandlerTests.PermissionAuthorizationHandler_WithoutRequiredPermission_ShouldFail [1 ms]
  Passed UknfCommunicationPlatform.Tests.Unit.Validators.FileLibrary.FileLibraryUpdateMetadataRequestValidatorTests.Should_HaveError_When_CategoryExceedsMaxLength [72 ms]
  Passed UknfCommunicationPlatform.Tests.Unit.Validators.FileLibrary.FileLibraryUpdateMetadataRequestValidatorTests.Should_NotHaveError_When_OnlyNameIsProvided [< 1 ms]
  Passed UknfCommunicationPlatform.Tests.Unit.Validators.FileLibrary.FileLibraryUpdateMetadataRequestValidatorTests.Should_NotHaveError_When_OnlyDescriptionIsProvided [< 1 ms]
  Passed UknfCommunicationPlatform.Tests.Unit.Validators.FileLibrary.FileLibraryUpdateMetadataRequestValidatorTests.Should_HaveError_When_AllFieldsAreNull [< 1 ms]
  Passed UknfCommunicationPlatform.Tests.Unit.Validators.FileLibrary.FileLibraryUpdateMetadataRequestValidatorTests.Should_NotHaveError_When_OnlyCategoryIsProvided [< 1 ms]
  Passed UknfCommunicationPlatform.Tests.Unit.Validators.FileLibrary.FileLibraryUpdateMetadataRequestValidatorTests.Should_HaveError_When_DescriptionExceedsMaxLength [< 1 ms]
  Passed UknfCommunicationPlatform.Tests.Unit.Validators.FileLibrary.FileLibraryUpdateMetadataRequestValidatorTests.Should_HaveError_When_NameExceedsMaxLength [< 1 ms]
  Passed UknfCommunicationPlatform.Tests.Unit.Services.JwtServiceTests.GenerateAccessToken_WithMultiplePermissions_ShouldIncludeAllPermissions [114 ms]
  Passed UknfCommunicationPlatform.Tests.Unit.Services.JwtServiceTests.GenerateAccessToken_WithSupervisedEntityId_ShouldIncludeEntityIdInToken [18 ms]
  Passed UknfCommunicationPlatform.Tests.Unit.Validators.FileLibrary.FileLibraryUploadRequestValidatorTests.Should_NotHaveError_When_FileTypeIsAllowed(contentType: "application/zip") [211 ms]
  Passed UknfCommunicationPlatform.Tests.Unit.Validators.FileLibrary.FileLibraryUploadRequestValidatorTests.Should_NotHaveError_When_FileTypeIsAllowed(contentType: "application/vnd.openxmlformats-officedocument.spre"Â·Â·Â·) [1 ms]
  Passed UknfCommunicationPlatform.Tests.Unit.Validators.FileLibrary.FileLibraryUploadRequestValidatorTests.Should_NotHaveError_When_FileTypeIsAllowed(contentType: "application/pdf") [< 1 ms]
  Passed UknfCommunicationPlatform.Tests.Unit.Services.JwtServiceTests.ValidateToken_WithExpiredToken_ShouldReturnNull [17 ms]
  Passed UknfCommunicationPlatform.Tests.Unit.Validators.FileLibrary.FileLibraryUploadRequestValidatorTests.Should_NotHaveError_When_FileTypeIsAllowed(contentType: "text/csv") [< 1 ms]
  Passed UknfCommunicationPlatform.Tests.Unit.Validators.FileLibrary.FileLibraryUploadRequestValidatorTests.Should_HaveError_When_NameIsEmpty [1 ms]
  Passed UknfCommunicationPlatform.Tests.Unit.Validators.FileLibrary.FileLibraryUploadRequestValidatorTests.Should_NotHaveError_When_RequestIsValid [17 ms]
  Passed UknfCommunicationPlatform.Tests.Unit.Validators.FileLibrary.FileLibraryUploadRequestValidatorTests.Should_HaveError_When_FileIsNull [1 ms]
  Passed UknfCommunicationPlatform.Tests.Unit.Services.JwtServiceTests.GenerateRefreshToken_ShouldReturnUniqueToken [20 ms]
  Passed UknfCommunicationPlatform.Tests.Unit.Services.JwtServiceTests.GenerateAccessToken_WithMultipleRoles_ShouldIncludeAllRoles [1 ms]
  Passed UknfCommunicationPlatform.Tests.Unit.Validators.FileLibrary.FileLibraryUploadRequestValidatorTests.Should_HaveError_When_FileTypeNotAllowed [5 ms]
  Passed UknfCommunicationPlatform.Tests.Unit.Validators.FileLibrary.FileLibraryUploadRequestValidatorTests.Should_HaveError_When_CategoryIsEmpty [< 1 ms]
  Passed UknfCommunicationPlatform.Tests.Unit.Validators.FileLibrary.FileLibraryUploadRequestValidatorTests.Should_HaveError_When_DescriptionExceedsMaxLength [< 1 ms]
  Passed UknfCommunicationPlatform.Tests.Unit.Validators.FileLibrary.FileLibraryUploadRequestValidatorTests.Should_HaveError_When_FileIsEmpty [1 ms]
  Passed UknfCommunicationPlatform.Tests.Unit.Validators.FileLibrary.FileLibraryUploadRequestValidatorTests.Should_HaveError_When_FileSizeExceedsLimit [1 ms]
  Passed UknfCommunicationPlatform.Tests.Unit.Validators.FileLibrary.FileLibraryUploadRequestValidatorTests.Should_HaveError_When_NameExceedsMaxLength [1 ms]
  Passed UknfCommunicationPlatform.Tests.Unit.Services.CurrentUserServiceTests.IsAuthenticated_WithAuthenticatedUser_ShouldReturnTrue [247 ms]
  Passed UknfCommunicationPlatform.Tests.Unit.Services.CurrentUserServiceTests.IsExternalUser_WithExternalRoleButNoEntityId_ShouldReturnFalse [4 ms]
  Passed UknfCommunicationPlatform.Tests.Unit.Services.JwtServiceTests.ValidateToken_WithValidToken_ShouldReturnClaimsPrincipal [24 ms]
  Passed UknfCommunicationPlatform.Tests.Unit.Services.JwtServiceTests.ValidateToken_WithInvalidToken_ShouldReturnNull [< 1 ms]
  Passed UknfCommunicationPlatform.Tests.Unit.Services.CurrentUserServiceTests.HasRole_WithMatchingRole_ShouldReturnTrue [< 1 ms]
  Passed UknfCommunicationPlatform.Tests.Unit.Services.CurrentUserServiceTests.IsExternalUser_WithExternalRoleAndEntityId_ShouldReturnTrue [< 1 ms]
  Passed UknfCommunicationPlatform.Tests.Unit.Services.CurrentUserServiceTests.IsAuthenticated_WithUnauthenticatedUser_ShouldReturnFalse [< 1 ms]
  Passed UknfCommunicationPlatform.Tests.Unit.Services.CurrentUserServiceTests.UserId_WithValidClaim_ShouldReturnUserId [2 ms]
  Passed UknfCommunicationPlatform.Tests.Unit.Services.CurrentUserServiceTests.HasPermission_WithMatchingPermission_ShouldReturnTrue [1 ms]
  Passed UknfCommunicationPlatform.Tests.Unit.Services.CurrentUserServiceTests.IsInternalUser_WithExternalUserRole_ShouldReturnFalse [< 1 ms]
  Passed UknfCommunicationPlatform.Tests.Unit.Services.CurrentUserServiceTests.SupervisedEntityId_WithValidClaim_ShouldReturnEntityId [< 1 ms]
info: Microsoft.EntityFrameworkCore.Database.Command[20101]
      Executed DbCommand (27ms) [Parameters=[], CommandType='Text', CommandTimeout='30']
      SELECT "MigrationId", "ProductVersion"
      FROM "__EFMigrationsHistory"
      ORDER BY "MigrationId";
  Passed UknfCommunicationPlatform.Tests.Unit.Services.CurrentUserServiceTests.Roles_WithMultipleRoles_ShouldReturnAllRoles [2 ms]
  Passed UknfCommunicationPlatform.Tests.Unit.Services.CurrentUserServiceTests.Permissions_WithMultiplePermissions_ShouldReturnAllPermissions [< 1 ms]
  Passed UknfCommunicationPlatform.Tests.Unit.Services.CurrentUserServiceTests.HasPermission_WithoutMatchingPermission_ShouldReturnFalse [< 1 ms]
  Passed UknfCommunicationPlatform.Tests.Unit.Services.CurrentUserServiceTests.IsInternalUser_WithInternalUserRole_ShouldReturnTrue [< 1 ms]
  Passed UknfCommunicationPlatform.Tests.Unit.Services.CurrentUserServiceTests.Email_WithValidClaim_ShouldReturnEmail [< 1 ms]
  Passed UknfCommunicationPlatform.Tests.Unit.Services.CurrentUserServiceTests.IsInternalUser_WithAdministratorRole_ShouldReturnTrue [< 1 ms]
  Passed UknfCommunicationPlatform.Tests.Unit.Services.CurrentUserServiceTests.UserId_WithoutClaim_ShouldReturnNull [< 1 ms]
  Passed UknfCommunicationPlatform.Tests.Unit.Services.JwtServiceTests.GenerateAccessToken_ShouldReturnValidJwtToken [14 ms]
  Passed UknfCommunicationPlatform.Tests.Unit.Services.JwtServiceTests.GetUserIdFromToken_WithValidToken_ShouldReturnUserId [1 ms]
  Passed UknfCommunicationPlatform.Tests.Unit.Controllers.FaqControllerTests.SubmitQuestion_TrimsWhitespace [1 s]
  Passed UknfCommunicationPlatform.Tests.Unit.Services.AuthServiceTests.LoginAsync_WithNonExistentUser_ShouldReturnNull [1 s]
  Passed UknfCommunicationPlatform.Tests.Unit.Controllers.ReportsControllerTests.GetReport_ReturnsReport_WhenReportExists [1 s]
  Passed UknfCommunicationPlatform.Tests.Unit.Services.EntityManagementServiceTests.GetEntitiesAsync_WithPagination_ShouldReturnCorrectPage [1 s]
  Passed UknfCommunicationPlatform.Tests.Unit.Services.MessageServiceTests.MarkMultipleAsReadAsync_ShouldMarkAllUnreadMessages [1 s]
  Passed UknfCommunicationPlatform.Tests.Unit.Services.AnnouncementServiceTests.UpdateAnnouncementAsync_WithValidData_ShouldUpdateAnnouncement [1 s]
  Passed UknfCommunicationPlatform.Tests.Unit.Services.ReportsServiceTests.GetReportsAsync_ShouldIncludeEntityNameFromUser [1 s]
  Passed UknfCommunicationPlatform.Tests.Unit.Controllers.FileLibraryControllerTests.GetFiles_ReturnsAllFiles_WhenNoFiltersProvided [1 s]
  Passed UknfCommunicationPlatform.Tests.Unit.Controllers.EntitiesControllerTests.UpdateEntity_UpdatesEntity_WhenEntityExists [1 s]
  Passed UknfCommunicationPlatform.Tests.Unit.Services.UserManagementServiceTests.GetUsersAsync_WithSearchTerm_ShouldReturnMatchingUsers [1 s]
  Passed UknfCommunicationPlatform.Tests.Unit.Controllers.ReportsControllerTests.GetReport_ReturnsNotFound_WhenReportDoesNotExist [32 ms]
  Passed UknfCommunicationPlatform.Tests.Unit.Controllers.FaqControllerTests.Update_UpdatesFaqInDatabase_WhenFaqExists [62 ms]
  Passed UknfCommunicationPlatform.Tests.Unit.Controllers.FaqControllerTests.SubmitQuestion_WithWhitespaceOnly_ReturnsBadRequest [1 ms]
  Passed UknfCommunicationPlatform.Tests.Unit.Controllers.EntitiesControllerTests.CreateEntity_ReturnsBadRequest_WhenNipAlreadyExists [17 ms]
  Passed UknfCommunicationPlatform.Tests.Unit.Services.ReportsServiceTests.SubmitReportAsync_WithNonXlsxFile_ShouldThrowArgumentException [26 ms]
  Passed UknfCommunicationPlatform.Tests.Unit.Controllers.ReportsControllerTests.GetReports_HandlesException_ReturnsInternalServerError [7 ms]
  Passed UknfCommunicationPlatform.Tests.Unit.Services.EntityManagementServiceTests.GetEntitiesAsync_WithoutFilters_ShouldReturnAllEntities [40 ms]
  Passed UknfCommunicationPlatform.Tests.Unit.Controllers.ReportsControllerTests.GetReports_ReturnsFilteredReports_WhenReportingPeriodProvided [15 ms]
  Passed UknfCommunicationPlatform.Tests.Unit.Services.ReportsServiceTests.GetReportFileAsync_ExistingReport_ShouldReturnFileData [16 ms]
  Passed UknfCommunicationPlatform.Tests.Unit.Services.EntityManagementServiceTests.DeleteEntityAsync_NonExistingEntity_ShouldReturnFalse [15 ms]
  Passed UknfCommunicationPlatform.Tests.Unit.Controllers.EntitiesControllerTests.UpdateEntity_ReturnsNotFound_WhenEntityDoesNotExist [18 ms]
  Passed UknfCommunicationPlatform.Tests.Unit.Controllers.ReportsControllerTests.MultipleFilters_WorkIndependently [3 ms]
  Passed UknfCommunicationPlatform.Tests.Unit.Controllers.EntitiesControllerTests.GetEntity_ReturnsNotFound_WhenEntityDoesNotExist [2 ms]
  Passed UknfCommunicationPlatform.Tests.Unit.Controllers.FaqControllerTests.FullCrudWorkflow_WorksCorrectly [24 ms]
  Passed UknfCommunicationPlatform.Tests.Unit.Controllers.ReportsControllerTests.GetReport_ReturnsCorrectData_ForDifferentQuarters [3 ms]
  Passed UknfCommunicationPlatform.Tests.Unit.Controllers.ReportsControllerTests.GetReports_ReturnsAllReports_WhenNoFilterProvided [3 ms]
  Passed UknfCommunicationPlatform.Tests.Unit.Services.UserManagementServiceTests.GetUserByIdAsync_NonExistingUser_ShouldReturnNull [52 ms]
  Passed UknfCommunicationPlatform.Tests.Unit.Services.EntityManagementServiceTests.CreateEntityAsync_ValidData_ShouldCreateEntity [20 ms]
  Passed UknfCommunicationPlatform.Tests.Unit.Controllers.ReportsControllerTests.GetReports_IncludesEntityName_FromSubmittedByUser [12 ms]
  Passed UknfCommunicationPlatform.Tests.Unit.Controllers.EntitiesControllerTests.CreateEntity_CreatesEntity_WhenRequestIsValid [20 ms]
  Passed UknfCommunicationPlatform.Tests.Unit.Services.AnnouncementServiceTests.GetAnnouncementsAsync_ShouldTruncateContentPreview [69 ms]
  Passed UknfCommunicationPlatform.Tests.Unit.Controllers.ReportsControllerTests.GetReport_HandlesException_ReturnsInternalServerError [2 ms]
  Passed UknfCommunicationPlatform.Tests.Unit.Services.ReportsServiceTests.SubmitReportAsync_ShouldStoreFileContent [29 ms]
  Passed UknfCommunicationPlatform.Tests.Unit.Controllers.ReportsControllerTests.GetReports_ReturnsEmptyList_WhenNoReportsMatchFilter [3 ms]
  Passed UknfCommunicationPlatform.Tests.Unit.Controllers.EntitiesControllerTests.FullCrudWorkflow_WorksCorrectly [6 ms]
[xUnit.net 00:00:01.96]     UknfCommunicationPlatform.Tests.Unit.Controllers.FileLibraryControllerTests.UploadFile_CreatesFile_WhenRequestIsValid [FAIL]
[xUnit.net 00:00:01.96]       Expected type to be Microsoft.AspNetCore.Mvc.CreatedAtActionResult, but found Microsoft.AspNetCore.Mvc.UnauthorizedObjectResult.
[xUnit.net 00:00:01.96]       Stack Trace:
[xUnit.net 00:00:01.96]            at FluentAssertions.Execution.LateBoundTestFramework.Throw(String message)
[xUnit.net 00:00:01.96]            at FluentAssertions.Execution.DefaultAssertionStrategy.HandleFailure(String message)
[xUnit.net 00:00:01.96]            at FluentAssertions.Execution.AssertionScope.AddPreFormattedFailure(String formattedFailureMessage)
[xUnit.net 00:00:01.96]            at FluentAssertions.Execution.AssertionChain.FailWith(Func`1 getFailureReason)
[xUnit.net 00:00:01.96]            at FluentAssertions.Execution.AssertionChain.FailWith(Func`1 getFailureReason)
[xUnit.net 00:00:01.96]            at FluentAssertions.Execution.AssertionChain.FailWith(String message)
[xUnit.net 00:00:01.96]            at FluentAssertions.Types.TypeAssertions.Be(Type expected, String because, Object[] becauseArgs)
[xUnit.net 00:00:01.96]            at FluentAssertions.Primitives.ReferenceTypeAssertions`2.BeOfType(Type expectedType, String because, Object[] becauseArgs)
[xUnit.net 00:00:01.96]            at FluentAssertions.Primitives.ReferenceTypeAssertions`2.BeOfType[T](String because, Object[] becauseArgs)
[xUnit.net 00:00:01.96]         /home/quasar/src/hackyeah/HackYeah2025-Hackaton/backend/UknfCommunicationPlatform.Tests.Unit/Controllers/FileLibraryControllerTests.cs(204,0): at UknfCommunicationPlatform.Tests.Unit.Controllers.FileLibraryControllerTests.UploadFile_CreatesFile_WhenRequestIsValid()
[xUnit.net 00:00:01.96]         --- End of stack trace from previous location ---
  Passed UknfCommunicationPlatform.Tests.Unit.Controllers.ReportsControllerTests.ReportsWorkflow_GetAllThenGetSpecific_WorksCorrectly [2 ms]
  Passed UknfCommunicationPlatform.Tests.Unit.Controllers.EntitiesControllerTests.DeleteEntity_SoftDeletesEntity_WhenEntityExists [2 ms]
  Passed UknfCommunicationPlatform.Tests.Unit.Controllers.FaqControllerTests.GetAll_SearchIsCaseInsensitive [30 ms]
  Failed UknfCommunicationPlatform.Tests.Unit.Controllers.FileLibraryControllerTests.UploadFile_CreatesFile_WhenRequestIsValid [72 ms]
  Error Message:
   Expected type to be Microsoft.AspNetCore.Mvc.CreatedAtActionResult, but found Microsoft.AspNetCore.Mvc.UnauthorizedObjectResult.
  Stack Trace:
     at FluentAssertions.Execution.LateBoundTestFramework.Throw(String message)
   at FluentAssertions.Execution.DefaultAssertionStrategy.HandleFailure(String message)
   at FluentAssertions.Execution.AssertionScope.AddPreFormattedFailure(String formattedFailureMessage)
   at FluentAssertions.Execution.AssertionChain.FailWith(Func`1 getFailureReason)
   at FluentAssertions.Execution.AssertionChain.FailWith(Func`1 getFailureReason)
   at FluentAssertions.Execution.AssertionChain.FailWith(String message)
   at FluentAssertions.Types.TypeAssertions.Be(Type expected, String because, Object[] becauseArgs)
   at FluentAssertions.Primitives.ReferenceTypeAssertions`2.BeOfType(Type expectedType, String because, Object[] becauseArgs)
   at FluentAssertions.Primitives.ReferenceTypeAssertions`2.BeOfType[T](String because, Object[] becauseArgs)
   at UknfCommunicationPlatform.Tests.Unit.Controllers.FileLibraryControllerTests.UploadFile_CreatesFile_WhenRequestIsValid() in /home/quasar/src/hackyeah/HackYeah2025-Hackaton/backend/UknfCommunicationPlatform.Tests.Unit/Controllers/FileLibraryControllerTests.cs:line 204
--- End of stack trace from previous location ---
  Passed UknfCommunicationPlatform.Tests.Unit.Controllers.EntitiesControllerTests.GetEntities_DefaultsToPage1_WhenPageIsLessThan1 [5 ms]
  Passed UknfCommunicationPlatform.Tests.Unit.Services.AnnouncementServiceTests.DeleteAnnouncementAsync_WithValidId_ShouldDeleteAndReturnTrue [14 ms]
  Passed UknfCommunicationPlatform.Tests.Unit.Services.ReportsServiceTests.GetReportsAsync_WithoutFilters_ShouldReturnAllReports [11 ms]
  Passed UknfCommunicationPlatform.Tests.Unit.Services.AuthServiceTests.LogoutAsync_ShouldRevokeAllRefreshTokens [101 ms]
  Passed UknfCommunicationPlatform.Tests.Unit.Controllers.FaqControllerTests.Update_ReturnsNotFound_WhenFaqDoesNotExist [8 ms]
  Passed UknfCommunicationPlatform.Tests.Unit.Services.AnnouncementServiceTests.GetAnnouncementsAsync_WithAnnouncements_ShouldReturnPaginatedList [6 ms]
  Passed UknfCommunicationPlatform.Tests.Unit.Services.ReportsServiceTests.SubmitReportAsync_ShouldGenerateUniqueReportNumber [6 ms]
  Passed UknfCommunicationPlatform.Tests.Unit.Services.EntityManagementServiceTests.GetEntitiesAsync_WithSearchTerm_ShouldReturnMatchingEntities [27 ms]
  Passed UknfCommunicationPlatform.Tests.Unit.Services.ReportsServiceTests.GetReportFileAsync_ReportWithEmptyFile_ShouldReturnNull [3 ms]
  Passed UknfCommunicationPlatform.Tests.Unit.Controllers.EntitiesControllerTests.CreateEntity_ReturnsCreatedAtAction_WithCorrectRoute [12 ms]
  Passed UknfCommunicationPlatform.Tests.Unit.Services.AuthServiceTests.ChangePasswordAsync_WithInvalidCurrentPassword_ShouldReturnFalse [10 ms]
  Passed UknfCommunicationPlatform.Tests.Unit.Services.ReportsServiceTests.GetReportFileAsync_NonExistingReport_ShouldReturnNull [2 ms]
  Passed UknfCommunicationPlatform.Tests.Unit.Services.UserManagementServiceTests.CreateUserAsync_DuplicateEmail_ShouldThrowException [31 ms]
  Passed UknfCommunicationPlatform.Tests.Unit.Services.EntityManagementServiceTests.GetEntityByIdAsync_ExistingEntity_ShouldReturnEntity [3 ms]
  Passed UknfCommunicationPlatform.Tests.Unit.Controllers.EntitiesControllerTests.GetEntity_ReturnsEntity_WhenEntityExists [2 ms]
  Passed UknfCommunicationPlatform.Tests.Unit.Services.ReportsServiceTests.GetReportsAsync_WithReportingPeriodFilter_ShouldReturnFilteredReports [2 ms]
  Passed UknfCommunicationPlatform.Tests.Unit.Services.EntityManagementServiceTests.DeleteEntityAsync_ExistingEntity_ShouldSoftDelete [2 ms]
  Passed UknfCommunicationPlatform.Tests.Unit.Controllers.FaqControllerTests.GetAll_DefaultsToPage1_WhenPageIsLessThan1 [14 ms]
  Passed UknfCommunicationPlatform.Tests.Unit.Services.EntityManagementServiceTests.GetEntityByIdAsync_NonExistingEntity_ShouldReturnNull [1 ms]
  Passed UknfCommunicationPlatform.Tests.Unit.Services.ReportsServiceTests.GetReportsAsync_WithNonMatchingFilter_ShouldReturnEmpty [3 ms]
  Passed UknfCommunicationPlatform.Tests.Unit.Controllers.FaqControllerTests.GetById_ReturnsFaq_WhenFaqExists [2 ms]
  Passed UknfCommunicationPlatform.Tests.Unit.Services.ReportsServiceTests.SubmitReportAsync_WithInvalidMimeType_ShouldThrowArgumentException [2 ms]
  Passed UknfCommunicationPlatform.Tests.Unit.Services.EntityManagementServiceTests.CreateEntityAsync_DuplicateNIP_ShouldThrowException [4 ms]
  Passed UknfCommunicationPlatform.Tests.Unit.Controllers.FileLibraryControllerTests.DeleteFile_ReturnsNotFound_WhenFileDoesNotExist [23 ms]
  Passed UknfCommunicationPlatform.Tests.Unit.Services.ReportsServiceTests.GetReportByIdAsync_NonExistingReport_ShouldReturnNull [1 ms]
  Passed UknfCommunicationPlatform.Tests.Unit.Services.ReportsServiceTests.SubmitReportAsync_WithEmptyFile_ShouldThrowArgumentException [3 ms]
  Passed UknfCommunicationPlatform.Tests.Unit.Controllers.FaqControllerTests.SubmitQuestion_AddsQuestionToDatabase [9 ms]
  Passed UknfCommunicationPlatform.Tests.Unit.Controllers.FaqControllerTests.Create_TrimsWhitespace_FromQuestionAndAnswer [9 ms]
  Passed UknfCommunicationPlatform.Tests.Unit.Controllers.EntitiesControllerTests.GetEntities_FiltersbyEntityType_WhenEntityTypeProvided [27 ms]
  Passed UknfCommunicationPlatform.Tests.Unit.Services.AuthServiceTests.LoginAsync_WithLockedAccount_ShouldReturnNull [31 ms]
  Passed UknfCommunicationPlatform.Tests.Unit.Controllers.FaqControllerTests.SubmitQuestion_ReturnsCreatedAtActionWithCorrectRoute [2 ms]
  Passed UknfCommunicationPlatform.Tests.Unit.Services.ReportsServiceTests.SubmitReportAsync_WithValidXlsxFile_ShouldCreateReport [16 ms]
  Passed UknfCommunicationPlatform.Tests.Unit.Controllers.EntitiesControllerTests.DeleteEntity_DoesNotAffectOtherEntities [2 ms]
  Passed UknfCommunicationPlatform.Tests.Unit.Controllers.FaqControllerTests.Create_ReturnsCreatedAtAction_WithCorrectRoute [1 ms]
  Passed UknfCommunicationPlatform.Tests.Unit.Services.ReportsServiceTests.GetReportsAsync_NoReportsInDatabase_ShouldReturnEmptyList [1 ms]
  Passed UknfCommunicationPlatform.Tests.Unit.Services.AuthServiceTests.LoginAsync_WithInactiveUser_ShouldReturnNull [2 ms]
  Passed UknfCommunicationPlatform.Tests.Unit.Services.ReportsServiceTests.GetReportsAsync_ShouldPopulateAllDtoFields [2 ms]
  Passed UknfCommunicationPlatform.Tests.Unit.Controllers.FaqControllerTests.GetAll_ReturnsFilteredResults_WhenSearchProvided [2 ms]
  Passed UknfCommunicationPlatform.Tests.Unit.Controllers.EntitiesControllerTests.Pagination_CalculatesTotalPagesCorrectly [3 ms]
  Passed UknfCommunicationPlatform.Tests.Unit.Controllers.FaqControllerTests.GetAll_ReturnsAllFaqs_WhenNoSearchProvided [2 ms]
  Passed UknfCommunicationPlatform.Tests.Unit.Services.ReportsServiceTests.GetReportsAsync_WithWhitespaceFilter_ShouldReturnAllReports [2 ms]
  Passed UknfCommunicationPlatform.Tests.Unit.Controllers.FaqControllerTests.Delete_ReturnsNotFound_WhenFaqDoesNotExist [2 ms]
  Passed UknfCommunicationPlatform.Tests.Unit.Services.ReportsServiceTests.SubmitReportAsync_WithFileTooLarge_ShouldThrowArgumentException [3 ms]
  Passed UknfCommunicationPlatform.Tests.Unit.Controllers.FaqControllerTests.SubmitQuestion_WithEmptyQuestion_ReturnsBadRequest [2 ms]
  Passed UknfCommunicationPlatform.Tests.Unit.Services.ReportsServiceTests.SubmitReportAsync_WithNullFile_ShouldThrowArgumentException [2 ms]
  Passed UknfCommunicationPlatform.Tests.Unit.Controllers.FaqControllerTests.GetAll_ReturnsEmptyList_WhenNoMatchFound [3 ms]
  Passed UknfCommunicationPlatform.Tests.Unit.Services.AuthServiceTests.LoginAsync_WithInvalidPassword_ShouldReturnNull [13 ms]
  Passed UknfCommunicationPlatform.Tests.Unit.Services.ReportsServiceTests.GetReportByIdAsync_ExistingReport_ShouldReturnReport [2 ms]
  Passed UknfCommunicationPlatform.Tests.Unit.Controllers.FaqControllerTests.Update_TrimsWhitespace_FromQuestionAndAnswer [2 ms]
  Passed UknfCommunicationPlatform.Tests.Unit.Services.AuthServiceTests.IsAccountLockedAsync_WithLockedAccount_ShouldReturnTrue [3 ms]
  Passed UknfCommunicationPlatform.Tests.Unit.Controllers.FileLibraryControllerTests.GetFileById_ReturnsNotFound_WhenFileDoesNotExist [39 ms]
  Passed UknfCommunicationPlatform.Tests.Unit.Services.AuthServiceTests.IsAccountLockedAsync_WithUnlockedAccount_ShouldReturnFalse [2 ms]
  Passed UknfCommunicationPlatform.Tests.Unit.Controllers.FaqControllerTests.Search_FindsFaqsByPartialMatch [5 ms]
  Passed UknfCommunicationPlatform.Tests.Unit.Controllers.EntitiesControllerTests.GetEntities_FiltersByActiveStatus_WhenIsActiveProvided [19 ms]
  Passed UknfCommunicationPlatform.Tests.Unit.Controllers.FaqControllerTests.GetAll_SearchesInBothQuestionAndAnswer [2 ms]
  Passed UknfCommunicationPlatform.Tests.Unit.Services.AnnouncementServiceTests.GetAnnouncementByIdAsync_WhenRead_ShouldIndicateReadStatus [63 ms]
  Passed UknfCommunicationPlatform.Tests.Unit.Controllers.EntitiesControllerTests.GetEntities_ReturnsAllEntities_WhenNoFiltersApplied [2 ms]
  Passed UknfCommunicationPlatform.Tests.Unit.Services.AuthServiceTests.LoginAsync_AfterMaxFailedAttempts_ShouldLockAccount [5 ms]
  Passed UknfCommunicationPlatform.Tests.Unit.Controllers.FaqControllerTests.GetById_ReturnsNotFound_WhenFaqDoesNotExist [1 ms]
  Passed UknfCommunicationPlatform.Tests.Unit.Services.MessageServiceTests.GetMessageByIdAsync_WithUnauthorizedUser_ShouldReturnNull [154 ms]
  Passed UknfCommunicationPlatform.Tests.Unit.Controllers.EntitiesControllerTests.GetEntities_SearchesInNameNipRegonKrs_WhenSearchTermProvided [3 ms]
  Passed UknfCommunicationPlatform.Tests.Unit.Controllers.FaqControllerTests.Create_AddsFaqToDatabase_WhenRequestIsValid [2 ms]
  Passed UknfCommunicationPlatform.Tests.Unit.Services.AnnouncementServiceTests.GetAnnouncementByIdAsync_WhenUnread_ShouldIndicateUnreadStatus [3 ms]
  Passed UknfCommunicationPlatform.Tests.Unit.Controllers.FaqControllerTests.Delete_DoesNotAffectOtherFaqs [2 ms]
  Passed UknfCommunicationPlatform.Tests.Unit.Controllers.FaqControllerTests.GetAll_LimitsPageSizeTo100_WhenPageSizeExceeds100 [1 ms]
  Passed UknfCommunicationPlatform.Tests.Unit.Services.AnnouncementServiceTests.CreateAnnouncementAsync_WithValidData_ShouldCreateAnnouncement [6 ms]
  Passed UknfCommunicationPlatform.Tests.Unit.Services.UserManagementServiceTests.CreateUserAsync_ValidData_ShouldCreateUser [70 ms]
  Passed UknfCommunicationPlatform.Tests.Unit.Controllers.FaqControllerTests.GetAll_ReturnsPaginatedResults_WhenPageSizeIsSmall [7 ms]
  Passed UknfCommunicationPlatform.Tests.Unit.Services.UserManagementServiceTests.DeactivateUserAsync_ActiveUser_ShouldDeactivate [4 ms]
  Passed UknfCommunicationPlatform.Tests.Unit.Controllers.FaqControllerTests.GetAll_ReturnsCorrectTotalPages_WithDifferentPageSizes [2 ms]
  Passed UknfCommunicationPlatform.Tests.Unit.Controllers.EntitiesControllerTests.GetEntityUsers_ReturnsEmptyList_WhenNoUsersExist [15 ms]
  Passed UknfCommunicationPlatform.Tests.Unit.Services.AnnouncementServiceTests.GetAnnouncementsAsync_ShouldOrderByCreatedAtDescending [10 ms]
  Passed UknfCommunicationPlatform.Tests.Unit.Controllers.FaqControllerTests.Delete_RemovesFaqFromDatabase_WhenFaqExists [2 ms]
  Passed UknfCommunicationPlatform.Tests.Unit.Services.UserManagementServiceTests.GetUserByIdAsync_ExistingUser_ShouldReturnUser [3 ms]
  Passed UknfCommunicationPlatform.Tests.Unit.Controllers.EntitiesControllerTests.DeleteEntity_ReturnsNotFound_WhenEntityDoesNotExist [2 ms]
  Passed UknfCommunicationPlatform.Tests.Unit.Controllers.FaqControllerTests.SubmitQuestion_WithValidQuestion_ReturnsCreatedResult [1 ms]
  Passed UknfCommunicationPlatform.Tests.Unit.Services.UserManagementServiceTests.ActivateUserAsync_InactiveUser_ShouldActivate [12 ms]
  Passed UknfCommunicationPlatform.Tests.Unit.Services.AuthServiceTests.LoginAsync_WithValidCredentials_ShouldReturnLoginResponse [35 ms]
  Passed UknfCommunicationPlatform.Tests.Unit.Services.AuthServiceTests.UnlockAccountAsync_ShouldResetLockoutFields [7 ms]
  Passed UknfCommunicationPlatform.Tests.Unit.Controllers.EntitiesControllerTests.CombinedFilters_WorkCorrectly [29 ms]
  Passed UknfCommunicationPlatform.Tests.Unit.Services.AnnouncementServiceTests.DeleteAnnouncementAsync_ShouldCascadeDeleteReadRecords [31 ms]
  Passed UknfCommunicationPlatform.Tests.Unit.Controllers.EntitiesControllerTests.GetEntities_LimitsPageSizeTo100_WhenPageSizeExceeds100 [2 ms]
  Passed UknfCommunicationPlatform.Tests.Unit.Services.AnnouncementServiceTests.UpdateAnnouncementAsync_ShouldPersistChanges [2 ms]
  Passed UknfCommunicationPlatform.Tests.Unit.Controllers.EntitiesControllerTests.GetEntities_ReturnsPaginatedResults_WhenPageSizeIsSmall [2 ms]
  Passed UknfCommunicationPlatform.Tests.Unit.Services.AnnouncementServiceTests.UpdateAnnouncementAsync_WithNonExistentId_ShouldReturnNull [2 ms]
  Passed UknfCommunicationPlatform.Tests.Unit.Services.AnnouncementServiceTests.MarkAsReadAsync_DifferentUsers_ShouldCreateSeparateRecords [3 ms]
  Passed UknfCommunicationPlatform.Tests.Unit.Services.AuthServiceTests.ChangePasswordAsync_WithValidData_ShouldUpdatePassword [24 ms]
  Passed UknfCommunicationPlatform.Tests.Unit.Services.AnnouncementServiceTests.GetAnnouncementsAsync_ShouldIndicateReadStatus [9 ms]
  Passed UknfCommunicationPlatform.Tests.Unit.Services.UserManagementServiceTests.GetUsersAsync_WithPagination_ShouldReturnCorrectPage [38 ms]
  Passed UknfCommunicationPlatform.Tests.Unit.Controllers.FileLibraryControllerTests.ReplaceFile_ReplacesFileContent_WhenFileExists [93 ms]
  Passed UknfCommunicationPlatform.Tests.Unit.Controllers.FileLibraryControllerTests.DownloadFile_ReturnsNotFound_WhenFileDoesNotExist [8 ms]
  Passed UknfCommunicationPlatform.Tests.Unit.Controllers.FileLibraryControllerTests.UploadFile_ReturnsBadRequest_WhenFileIsEmpty [2 ms]
  Passed UknfCommunicationPlatform.Tests.Unit.Services.UserManagementServiceTests.GetUsersAsync_WithoutFilters_ShouldReturnAllUsers [26 ms]
info: Microsoft.EntityFrameworkCore.Database.Command[20101]
      Executed DbCommand (5ms) [Parameters=[], CommandType='Text', CommandTimeout='30']
      CREATE TABLE IF NOT EXISTS "__EFMigrationsHistory" (
          "MigrationId" character varying(150) NOT NULL,
          "ProductVersion" character varying(32) NOT NULL,
          CONSTRAINT "PK___EFMigrationsHistory" PRIMARY KEY ("MigrationId")
      );
info: Microsoft.EntityFrameworkCore.Migrations[20411]
      Acquiring an exclusive lock for migration application. See https://aka.ms/efcore-docs-migrations-lock for more information if this takes too long.
info: Microsoft.EntityFrameworkCore.Database.Command[20101]
      Executed DbCommand (0ms) [Parameters=[], CommandType='Text', CommandTimeout='30']
      LOCK TABLE "__EFMigrationsHistory" IN ACCESS EXCLUSIVE MODE
info: Microsoft.EntityFrameworkCore.Database.Command[20101]
      Executed DbCommand (0ms) [Parameters=[], CommandType='Text', CommandTimeout='30']
      SELECT "MigrationId", "ProductVersion"
      FROM "__EFMigrationsHistory"
      ORDER BY "MigrationId";
  Passed UknfCommunicationPlatform.Tests.Unit.Services.UserManagementServiceTests.DeleteUserAsync_ExistingUser_ShouldSoftDelete [2 ms]
  Passed UknfCommunicationPlatform.Tests.Unit.Services.AnnouncementServiceTests.GetAnnouncementsAsync_WithUnreadOnlyFilter_ShouldReturnOnlyUnread [38 ms]
  Passed UknfCommunicationPlatform.Tests.Unit.Services.MessageServiceTests.GetMessagesAsync_WithReadStatusFilter_ShouldReturnFilteredMessages [107 ms]
  Passed UknfCommunicationPlatform.Tests.Unit.Services.AnnouncementServiceTests.CreateAnnouncementAsync_ShouldPersistToDatabase [2 ms]
  Passed UknfCommunicationPlatform.Tests.Unit.Services.MessageServiceTests.GetMessageByIdAsync_WithValidId_ShouldReturnMessageDetails [4 ms]
  Passed UknfCommunicationPlatform.Tests.Unit.Services.AnnouncementServiceTests.MarkAsReadAsync_WithoutIpAddress_ShouldStillWork [6 ms]
  Passed UknfCommunicationPlatform.Tests.Unit.Services.MessageServiceTests.GetUnreadCountAsync_ShouldReturnCorrectCount [5 ms]
  Passed UknfCommunicationPlatform.Tests.Unit.Services.AnnouncementServiceTests.MarkAsReadAsync_WithNonExistentAnnouncement_ShouldReturnFalse [1 ms]
info: Microsoft.EntityFrameworkCore.Migrations[20405]
      No migrations were applied. The database is already up to date.
  Passed UknfCommunicationPlatform.Tests.Unit.Services.AnnouncementServiceTests.GetAnnouncementsAsync_WithNoAnnouncements_ShouldReturnEmptyList [1 ms]
  Passed UknfCommunicationPlatform.Tests.Unit.Services.AnnouncementServiceTests.MarkAsReadAsync_AlreadyRead_ShouldReturnFalse [2 ms]
  Passed UknfCommunicationPlatform.Tests.Unit.Controllers.FileLibraryControllerTests.GetFiles_ReturnsFilteredFiles_WhenSearchProvided [26 ms]
  Passed UknfCommunicationPlatform.Tests.Unit.Services.AnnouncementServiceTests.GetAnnouncementByIdAsync_WithNonExistentId_ShouldReturnNull [1 ms]
  Passed UknfCommunicationPlatform.Tests.Unit.Services.AnnouncementServiceTests.CreateAnnouncementAsync_ShouldTrimTitleAndContent [1 ms]
  Passed UknfCommunicationPlatform.Tests.Unit.Services.AnnouncementServiceTests.MarkAsReadAsync_FirstTime_ShouldCreateReadRecordAndReturnTrue [19 ms]
  Passed UknfCommunicationPlatform.Tests.Unit.Services.AnnouncementServiceTests.DeleteAnnouncementAsync_WithNonExistentId_ShouldReturnFalse [1 ms]
  Passed UknfCommunicationPlatform.Tests.Unit.Services.AnnouncementServiceTests.GetAnnouncementByIdAsync_WithValidId_ShouldReturnFullDetails [1 ms]
  Passed UknfCommunicationPlatform.Tests.Unit.Controllers.FileLibraryControllerTests.GetFiles_ReturnsFilteredFiles_WhenCategoryProvided [29 ms]
  Passed UknfCommunicationPlatform.Tests.Unit.Controllers.FileLibraryControllerTests.GetCategories_ReturnsDistinctCategories [8 ms]
  Passed UknfCommunicationPlatform.Tests.Unit.Controllers.FileLibraryControllerTests.ReplaceFile_ReturnsNotFound_WhenFileDoesNotExist [1 ms]
  Passed UknfCommunicationPlatform.Tests.Unit.Controllers.FileLibraryControllerTests.DeleteFile_RemovesFile_WhenFileExists [7 ms]
  Passed UknfCommunicationPlatform.Tests.Unit.Controllers.FileLibraryControllerTests.UpdateMetadata_ReturnsNotFound_WhenFileDoesNotExist [2 ms]
  Passed UknfCommunicationPlatform.Tests.Unit.Controllers.FileLibraryControllerTests.UploadFile_ReturnsBadRequest_WhenFileTypeNotAllowed [1 ms]
  Passed UknfCommunicationPlatform.Tests.Unit.Controllers.FileLibraryControllerTests.UpdateMetadata_UpdatesFileMetadata_WhenFileExists [2 ms]
  Passed UknfCommunicationPlatform.Tests.Unit.Controllers.FileLibraryControllerTests.GetFileById_ReturnsFile_WhenFileExists [1 ms]
  Passed UknfCommunicationPlatform.Tests.Unit.Controllers.FileLibraryControllerTests.DownloadFile_ReturnsFileContent_WhenFileExists [1 ms]
  Passed UknfCommunicationPlatform.Tests.Unit.Services.MessageServiceTests.GetMessagesAsync_ShouldReturnUserMessages [66 ms]
info: Microsoft.EntityFrameworkCore.Database.Command[20101]
      Executed DbCommand (6ms) [Parameters=[], CommandType='Text', CommandTimeout='30']
      SELECT EXISTS (
          SELECT 1
          FROM users AS u)
info: UknfCommunicationPlatform.Infrastructure.Data.DatabaseSeeder[0]
      Database already contains data. Skipping seeding.
  Passed UknfCommunicationPlatform.Tests.Unit.Services.MessageServiceTests.CreateMessageAsync_WithValidData_ShouldCreateMessage [12 ms]
  Passed UknfCommunicationPlatform.Tests.Unit.Services.MessageServiceTests.MarkAsReadAsync_WithAlreadyReadMessage_ShouldReturnFalse [7 ms]
  Passed UknfCommunicationPlatform.Tests.Unit.Services.MessageServiceTests.GetMessagesAsync_WithSearchTerm_ShouldReturnMatchingMessages [45 ms]
  Passed UknfCommunicationPlatform.Tests.Unit.Services.MessageServiceTests.GetMessageStatsAsync_ShouldReturnCorrectStats [6 ms]
  Passed UknfCommunicationPlatform.Tests.Unit.Services.MessageServiceTests.MarkAsReadAsync_WithUnreadMessage_ShouldMarkAsRead [1 ms]
  Passed UknfCommunicationPlatform.Tests.Unit.Configuration.SwaggerConfigurationTests.SwaggerJson_ShouldContainSecurityDefinitions [2 s]
  Passed UknfCommunicationPlatform.Tests.Unit.Configuration.SwaggerConfigurationTests.SwaggerJson_ReportsEndpoint_ShouldSupportFileUpload [51 ms]
  Passed UknfCommunicationPlatform.Tests.Unit.Services.PasswordHashingServiceTests.VerifyPassword_WithCorrectPassword_ShouldReturnTrue [2 s]
[xUnit.net 00:00:02.90]     UknfCommunicationPlatform.Tests.Unit.Configuration.SwaggerConfigurationTests.SwaggerJson_ShouldContainExpectedEndpoints [FAIL]
[xUnit.net 00:00:02.90]       Expected paths.TryGetProperty(expectedPath, out _) to be True because Expected endpoint '/api/v1/Announcements' should be documented in Swagger, but found False.
[xUnit.net 00:00:02.90]       Stack Trace:
[xUnit.net 00:00:02.90]            at FluentAssertions.Execution.LateBoundTestFramework.Throw(String message)
[xUnit.net 00:00:02.90]            at FluentAssertions.Execution.DefaultAssertionStrategy.HandleFailure(String message)
[xUnit.net 00:00:02.90]            at FluentAssertions.Execution.AssertionScope.AddPreFormattedFailure(String formattedFailureMessage)
[xUnit.net 00:00:02.90]            at FluentAssertions.Execution.AssertionChain.FailWith(Func`1 getFailureReason)
[xUnit.net 00:00:02.90]            at FluentAssertions.Execution.AssertionChain.FailWith(Func`1 getFailureReason)
[xUnit.net 00:00:02.90]            at FluentAssertions.Execution.AssertionChain.FailWith(String message, Object[] args)
[xUnit.net 00:00:02.90]            at FluentAssertions.Primitives.BooleanAssertions`1.BeTrue(String because, Object[] becauseArgs)
[xUnit.net 00:00:02.91]         /home/quasar/src/hackyeah/HackYeah2025-Hackaton/backend/UknfCommunicationPlatform.Tests.Unit/Configuration/SwaggerConfigurationTests.cs(89,0): at UknfCommunicationPlatform.Tests.Unit.Configuration.SwaggerConfigurationTests.SwaggerJson_ShouldContainExpectedEndpoints()
[xUnit.net 00:00:02.91]         --- End of stack trace from previous location ---
  Passed UknfCommunicationPlatform.Tests.Unit.Configuration.SwaggerConfigurationTests.SwaggerJson_ShouldContainContactInformation [44 ms]
  Passed UknfCommunicationPlatform.Tests.Unit.Configuration.SwaggerConfigurationTests.SwaggerGenerator_ShouldNotThrowException_WhenGeneratingDocument [40 ms]
  Passed UknfCommunicationPlatform.Tests.Unit.Configuration.SwaggerConfigurationTests.SwaggerJson_ShouldContainAllHttpMethods [39 ms]
  Passed UknfCommunicationPlatform.Tests.Unit.Configuration.SwaggerConfigurationTests.SwaggerUI_ShouldBeAccessible [30 ms]
  Passed UknfCommunicationPlatform.Tests.Unit.Configuration.SwaggerConfigurationTests.SwaggerJson_ShouldContainApiDescription [41 ms]
  Passed UknfCommunicationPlatform.Tests.Unit.Configuration.SwaggerConfigurationTests.SwaggerGenerator_ShouldBeRegistered [< 1 ms]
  Failed UknfCommunicationPlatform.Tests.Unit.Configuration.SwaggerConfigurationTests.SwaggerJson_ShouldContainExpectedEndpoints [46 ms]
  Error Message:
   Expected paths.TryGetProperty(expectedPath, out _) to be True because Expected endpoint '/api/v1/Announcements' should be documented in Swagger, but found False.
  Stack Trace:
     at FluentAssertions.Execution.LateBoundTestFramework.Throw(String message)
   at FluentAssertions.Execution.DefaultAssertionStrategy.HandleFailure(String message)
   at FluentAssertions.Execution.AssertionScope.AddPreFormattedFailure(String formattedFailureMessage)
   at FluentAssertions.Execution.AssertionChain.FailWith(Func`1 getFailureReason)
   at FluentAssertions.Execution.AssertionChain.FailWith(Func`1 getFailureReason)
   at FluentAssertions.Execution.AssertionChain.FailWith(String message, Object[] args)
   at FluentAssertions.Primitives.BooleanAssertions`1.BeTrue(String because, Object[] becauseArgs)
   at UknfCommunicationPlatform.Tests.Unit.Configuration.SwaggerConfigurationTests.SwaggerJson_ShouldContainExpectedEndpoints() in /home/quasar/src/hackyeah/HackYeah2025-Hackaton/backend/UknfCommunicationPlatform.Tests.Unit/Configuration/SwaggerConfigurationTests.cs:line 89
--- End of stack trace from previous location ---
  Passed UknfCommunicationPlatform.Tests.Unit.Configuration.SwaggerConfigurationTests.SwaggerJson_AllEndpoints_ShouldHaveResponseCodes [48 ms]
  Passed UknfCommunicationPlatform.Tests.Unit.Configuration.SwaggerConfigurationTests.SwaggerJson_ShouldBeGeneratedSuccessfully [43 ms]
  Passed UknfCommunicationPlatform.Tests.Unit.Services.PasswordHashingServiceTests.HashPassword_WithSamePassword_ShouldReturnDifferentHashesDueToSalt [720 ms]
  Passed UknfCommunicationPlatform.Tests.Unit.Services.PasswordHashingServiceTests.HashPassword_WithVariousPasswordFormats_ShouldHashSuccessfully(password: "verylongpasswordwithmanycharsthatshouldstillwork12"Â·Â·Â·) [403 ms]
  Passed UknfCommunicationPlatform.Tests.Unit.Services.PasswordHashingServiceTests.HashPassword_WithVariousPasswordFormats_ShouldHashSuccessfully(password: "Pass!@#$%^&*()") [403 ms]
  Passed UknfCommunicationPlatform.Tests.Unit.Services.PasswordHashingServiceTests.HashPassword_WithVariousPasswordFormats_ShouldHashSuccessfully(password: "short") [410 ms]
  Passed UknfCommunicationPlatform.Tests.Unit.Services.PasswordHashingServiceTests.HashPassword_WithVariousPasswordFormats_ShouldHashSuccessfully(password: "æ—¥æœ¬èªžãƒ‘ã‚¹ãƒ¯ãƒ¼ãƒ‰") [431 ms]
  Passed UknfCommunicationPlatform.Tests.Unit.Services.PasswordHashingServiceTests.VerifyPassword_WithInvalidHash_ShouldReturnFalse [< 1 ms]
  Passed UknfCommunicationPlatform.Tests.Unit.Services.PasswordHashingServiceTests.VerifyPassword_WithIncorrectPassword_ShouldReturnFalse [407 ms]
  Passed UknfCommunicationPlatform.Tests.Unit.Services.PasswordHashingServiceTests.HashPassword_WithDifferentPasswords_ShouldReturnDifferentHashes [403 ms]
  Passed UknfCommunicationPlatform.Tests.Unit.Services.PasswordHashingServiceTests.HashPassword_ShouldReturnValidBCryptHash [213 ms]
[xUnit.net 00:00:06.48]   Finished:    UknfCommunicationPlatform.Tests.Unit
  Passed UknfCommunicationPlatform.Tests.Unit.Services.PasswordHashingServiceTests.VerifyPassword_WithEmptyPassword_ShouldReturnFalse [408 ms]
  Passed UknfCommunicationPlatform.Tests.Unit.Services.PasswordHashingServiceTests.VerifyPassword_WithEmptyHash_ShouldReturnFalse [< 1 ms]

Test Run Failed.
Total tests: 265
     Passed: 263
     Failed: 2
 Total time: 6.8896 Seconds
       _VSTestConsole:
         MSB4181: The "VSTestTask" task returned false but did not log an error.
     1>Done Building Project "/home/quasar/src/hackyeah/HackYeah2025-Hackaton/backend/UknfCommunicationPlatform.Tests.Unit/UknfCommunicationPlatform.Tests.Unit.csproj" (VSTest target(s)) -- FAILED.

Build FAILED.
    0 Warning(s)
    0 Error(s)

Time Elapsed 00:00:09.16

[0;31mâœ— Backend Unit Tests FAILED (2/265 tests failed)[0m

[1;33mâ–¶ Running Backend Integration Tests...[0m

[0;32mâœ“ PostgreSQL container is running[0m

Build started 10/05/2025 08:07:15.
     1>Project "/home/quasar/src/hackyeah/HackYeah2025-Hackaton/backend/UknfCommunicationPlatform.Tests.Integration/UknfCommunicationPlatform.Tests.Integration.csproj" on node 1 (Restore target(s)).
     1>_GetAllRestoreProjectPathItems:
         Determining projects to restore...
       Restore:
         X.509 certificate chain validation will use the fallback certificate bundle at '/usr/share/dotnet/sdk/9.0.110/trustedroots/codesignctl.pem'.
         X.509 certificate chain validation will use the fallback certificate bundle at '/usr/share/dotnet/sdk/9.0.110/trustedroots/timestampctl.pem'.
         Assets file has not changed. Skipping assets file writing. Path: /home/quasar/src/hackyeah/HackYeah2025-Hackaton/backend/UknfCommunicationPlatform.Api/obj/project.assets.json
         Assets file has not changed. Skipping assets file writing. Path: /home/quasar/src/hackyeah/HackYeah2025-Hackaton/backend/UknfCommunicationPlatform.Tests.Integration/obj/project.assets.json
         Assets file has not changed. Skipping assets file writing. Path: /home/quasar/src/hackyeah/HackYeah2025-Hackaton/backend/UknfCommunicationPlatform.Core/obj/project.assets.json
         Assets file has not changed. Skipping assets file writing. Path: /home/quasar/src/hackyeah/HackYeah2025-Hackaton/backend/UknfCommunicationPlatform.Infrastructure/obj/project.assets.json
         Restored /home/quasar/src/hackyeah/HackYeah2025-Hackaton/backend/UknfCommunicationPlatform.Api/UknfCommunicationPlatform.Api.csproj (in 34 ms).
         Restored /home/quasar/src/hackyeah/HackYeah2025-Hackaton/backend/UknfCommunicationPlatform.Tests.Integration/UknfCommunicationPlatform.Tests.Integration.csproj (in 34 ms).
         Restored /home/quasar/src/hackyeah/HackYeah2025-Hackaton/backend/UknfCommunicationPlatform.Core/UknfCommunicationPlatform.Core.csproj (in 34 ms).
         Restored /home/quasar/src/hackyeah/HackYeah2025-Hackaton/backend/UknfCommunicationPlatform.Infrastructure/UknfCommunicationPlatform.Infrastructure.csproj (in 34 ms).
         
         NuGet Config files used:
             /home/quasar/.nuget/NuGet/NuGet.Config
         
         Feeds used:
             https://api.nuget.org/v3/index.json
         All projects are up-to-date for restore.
     1>Done Building Project "/home/quasar/src/hackyeah/HackYeah2025-Hackaton/backend/UknfCommunicationPlatform.Tests.Integration/UknfCommunicationPlatform.Tests.Integration.csproj" (Restore target(s)).
   1:7>Project "/home/quasar/src/hackyeah/HackYeah2025-Hackaton/backend/UknfCommunicationPlatform.Tests.Integration/UknfCommunicationPlatform.Tests.Integration.csproj" on node 2 (VSTest target(s)).
     1>BuildProject:
         Build started, please wait...
   1:7>Project "/home/quasar/src/hackyeah/HackYeah2025-Hackaton/backend/UknfCommunicationPlatform.Tests.Integration/UknfCommunicationPlatform.Tests.Integration.csproj" (1:7) is building "/home/quasar/src/hackyeah/HackYeah2025-Hackaton/backend/UknfCommunicationPlatform.Tests.Integration/UknfCommunicationPlatform.Tests.Integration.csproj" (1:8) on node 2 (default targets).
   1:8>Project "/home/quasar/src/hackyeah/HackYeah2025-Hackaton/backend/UknfCommunicationPlatform.Tests.Integration/UknfCommunicationPlatform.Tests.Integration.csproj" (1:8) is building "/home/quasar/src/hackyeah/HackYeah2025-Hackaton/backend/UknfCommunicationPlatform.Core/UknfCommunicationPlatform.Core.csproj" (3:7) on node 1 (default targets).
     3>GenerateTargetFrameworkMonikerAttribute:
       Skipping target "GenerateTargetFrameworkMonikerAttribute" because all output files are up-to-date with respect to the input files.
       CoreGenerateAssemblyInfo:
       Skipping target "CoreGenerateAssemblyInfo" because all output files are up-to-date with respect to the input files.
       _GenerateSourceLinkFile:
         Source Link file 'obj/Release/net9.0/UknfCommunicationPlatform.Core.sourcelink.json' is up-to-date.
       CoreCompile:
       Skipping target "CoreCompile" because all output files are up-to-date with respect to the input files.
       GenerateBuildDependencyFile:
       Skipping target "GenerateBuildDependencyFile" because all output files are up-to-date with respect to the input files.
       CopyFilesToOutputDirectory:
         UknfCommunicationPlatform.Core -> /home/quasar/src/hackyeah/HackYeah2025-Hackaton/backend/UknfCommunicationPlatform.Core/bin/Release/net9.0/UknfCommunicationPlatform.Core.dll
     3>Done Building Project "/home/quasar/src/hackyeah/HackYeah2025-Hackaton/backend/UknfCommunicationPlatform.Core/UknfCommunicationPlatform.Core.csproj" (default targets).
   1:8>Project "/home/quasar/src/hackyeah/HackYeah2025-Hackaton/backend/UknfCommunicationPlatform.Tests.Integration/UknfCommunicationPlatform.Tests.Integration.csproj" (1:8) is building "/home/quasar/src/hackyeah/HackYeah2025-Hackaton/backend/UknfCommunicationPlatform.Infrastructure/UknfCommunicationPlatform.Infrastructure.csproj" (4:6) on node 3 (default targets).
     4>GenerateTargetFrameworkMonikerAttribute:
       Skipping target "GenerateTargetFrameworkMonikerAttribute" because all output files are up-to-date with respect to the input files.
       CoreGenerateAssemblyInfo:
       Skipping target "CoreGenerateAssemblyInfo" because all output files are up-to-date with respect to the input files.
       _GenerateSourceLinkFile:
         Source Link file 'obj/Release/net9.0/UknfCommunicationPlatform.Infrastructure.sourcelink.json' is up-to-date.
       CoreCompile:
       Skipping target "CoreCompile" because all output files are up-to-date with respect to the input files.
       GenerateBuildDependencyFile:
       Skipping target "GenerateBuildDependencyFile" because all output files are up-to-date with respect to the input files.
       GenerateBuildRuntimeConfigurationFiles:
       Skipping target "GenerateBuildRuntimeConfigurationFiles" because all output files are up-to-date with respect to the input files.
       CopyFilesToOutputDirectory:
         UknfCommunicationPlatform.Infrastructure -> /home/quasar/src/hackyeah/HackYeah2025-Hackaton/backend/UknfCommunicationPlatform.Infrastructure/bin/Release/net9.0/UknfCommunicationPlatform.Infrastructure.dll
     4>Done Building Project "/home/quasar/src/hackyeah/HackYeah2025-Hackaton/backend/UknfCommunicationPlatform.Infrastructure/UknfCommunicationPlatform.Infrastructure.csproj" (default targets).
   1:8>Project "/home/quasar/src/hackyeah/HackYeah2025-Hackaton/backend/UknfCommunicationPlatform.Tests.Integration/UknfCommunicationPlatform.Tests.Integration.csproj" (1:8) is building "/home/quasar/src/hackyeah/HackYeah2025-Hackaton/backend/UknfCommunicationPlatform.Api/UknfCommunicationPlatform.Api.csproj" (2:6) on node 2 (default targets).
     2>GenerateTargetFrameworkMonikerAttribute:
       Skipping target "GenerateTargetFrameworkMonikerAttribute" because all output files are up-to-date with respect to the input files.
       CoreGenerateAssemblyInfo:
       Skipping target "CoreGenerateAssemblyInfo" because all output files are up-to-date with respect to the input files.
       _DiscoverMvcApplicationParts:
       Skipping target "_DiscoverMvcApplicationParts" because all output files are up-to-date with respect to the input files.
       _GenerateSourceLinkFile:
         Source Link file 'obj/Release/net9.0/UknfCommunicationPlatform.Api.sourcelink.json' is up-to-date.
       CoreCompile:
       Skipping target "CoreCompile" because all output files are up-to-date with respect to the input files.
       _CreateAppHost:
       Skipping target "_CreateAppHost" because all output files are up-to-date with respect to the input files.
       _ProcessScopedCssFiles:
       Skipping target "_ProcessScopedCssFiles" because it has no outputs.
       _ProcessScopedCssFiles:
       Skipping target "_ProcessScopedCssFiles" because it has no outputs.
       _BuildCopyStaticWebAssetsPreserveNewest:
       Skipping target "_BuildCopyStaticWebAssetsPreserveNewest" because it has no outputs.
